     Sent.          Attachment      Correct        Scoring          
    ID Tokens  -   Unlab. Lab.   HEAD HEAD+DEPREL   tokens   - - - -
  ============================================================================
     1   36    0  100.00  75.00    36      27          36    0 0 0 0
     2   26    0  100.00  92.31    26      24          26    0 0 0 0
     3   14    0  100.00  78.57    14      11          14    0 0 0 0
     4   26    0  100.00  84.62    26      22          26    0 0 0 0
     5    7    0  100.00 100.00     7       7           7    0 0 0 0
     6   35    0  100.00  80.00    35      28          35    0 0 0 0
     7   14    0  100.00  71.43    14      10          14    0 0 0 0
     8   22    0  100.00 100.00    22      22          22    0 0 0 0
     9    9    0  100.00 100.00     9       9           9    0 0 0 0
    10   10    0  100.00  80.00    10       8          10    0 0 0 0
    11   37    0  100.00  75.68    37      28          37    0 0 0 0
    12   21    0  100.00 100.00    21      21          21    0 0 0 0
    13    8    0  100.00 100.00     8       8           8    0 0 0 0
    14   11    0  100.00  81.82    11       9          11    0 0 0 0
    15   15    0  100.00  86.67    15      13          15    0 0 0 0
    16   26    0  100.00  84.62    26      22          26    0 0 0 0
    17   12    0  100.00  91.67    12      11          12    0 0 0 0
    18   29    0   96.55  72.41    28      21          29    0 0 0 0
    19   10    0  100.00  80.00    10       8          10    0 0 0 0
    20   38    0   92.11  73.68    35      28          38    0 0 0 0
    21   37    0  100.00  67.57    37      25          37    0 0 0 0
    22   17    0  100.00  82.35    17      14          17    0 0 0 0
    23   32    0  100.00  75.00    32      24          32    0 0 0 0
    24   35    0  100.00  85.71    35      30          35    0 0 0 0
    25   15    0  100.00 100.00    15      15          15    0 0 0 0
    26   25    0  100.00  92.00    25      23          25    0 0 0 0
    27   20    0  100.00  70.00    20      14          20    0 0 0 0
    28   35    0  100.00  80.00    35      28          35    0 0 0 0
    29   42    0  100.00  88.10    42      37          42    0 0 0 0
    30   42    0   97.62  83.33    41      35          42    0 0 0 0
    31   25    0  100.00  92.00    25      23          25    0 0 0 0
    32   30    0   90.00  76.67    27      23          30    0 0 0 0
    33   14    0  100.00  92.86    14      13          14    0 0 0 0
    34   29    0  100.00  89.66    29      26          29    0 0 0 0
    35   30    0  100.00  90.00    30      27          30    0 0 0 0
    36   27    0  100.00  74.07    27      20          27    0 0 0 0
    37   16    0  100.00  93.75    16      15          16    0 0 0 0
    38   13    0  100.00  84.62    13      11          13    0 0 0 0
    39    9    0  100.00  88.89     9       8           9    0 0 0 0
    40   27    0  100.00  88.89    27      24          27    0 0 0 0
    41    9    0  100.00 100.00     9       9           9    0 0 0 0
    42   45    0   95.56  84.44    43      38          45    0 0 0 0
    43   43    0   93.02  81.40    40      35          43    0 0 0 0
    44   42    0  100.00  88.10    42      37          42    0 0 0 0
    45   12    0  100.00 100.00    12      12          12    0 0 0 0
    46   26    0  100.00  96.15    26      25          26    0 0 0 0
    47   33    0  100.00  87.88    33      29          33    0 0 0 0
    48   19    0  100.00  94.74    19      18          19    0 0 0 0
    49   36    0  100.00  97.22    36      35          36    0 0 0 0
    50   25    0  100.00  92.00    25      23          25    0 0 0 0
    51   30    0   96.67  90.00    29      27          30    0 0 0 0
    52   34    0  100.00  85.29    34      29          34    0 0 0 0
    53   15    0   93.33  93.33    14      14          15    0 0 0 0
    54   31    0   87.10  70.97    27      22          31    0 0 0 0
    55   18    0  100.00 100.00    18      18          18    0 0 0 0
    56   31    0  100.00  93.55    31      29          31    0 0 0 0
    57   26    0  100.00  80.77    26      21          26    0 0 0 0
    58   39    0  100.00  82.05    39      32          39    0 0 0 0
    59   16    0  100.00  87.50    16      14          16    0 0 0 0
    60    9    0  100.00  66.67     9       6           9    0 0 0 0
    61   32    0  100.00  87.50    32      28          32    0 0 0 0
    62   32    0   93.75  68.75    30      22          32    0 0 0 0
    63   31    0   90.32  87.10    28      27          31    0 0 0 0
    64   18    0   83.33  66.67    15      12          18    0 0 0 0
    65   15    0  100.00 100.00    15      15          15    0 0 0 0
    66   32    0  100.00  84.38    32      27          32    0 0 0 0
    67    9    0  100.00  77.78     9       7           9    0 0 0 0
    68   46    0   95.65  82.61    44      38          46    0 0 0 0
    69   29    0  100.00 100.00    29      29          29    0 0 0 0
    70   34    0  100.00  82.35    34      28          34    0 0 0 0
    71   39    0  100.00  92.31    39      36          39    0 0 0 0
    72   20    0  100.00  95.00    20      19          20    0 0 0 0
    73   23    0  100.00  86.96    23      20          23    0 0 0 0
    74   18    0   83.33  66.67    15      12          18    0 0 0 0
    75   18    0  100.00  94.44    18      17          18    0 0 0 0
    76   16    0  100.00 100.00    16      16          16    0 0 0 0
    77   33    0  100.00 100.00    33      33          33    0 0 0 0
    78   28    0  100.00  89.29    28      25          28    0 0 0 0
    79   16    0  100.00  81.25    16      13          16    0 0 0 0
    80   22    0  100.00 100.00    22      22          22    0 0 0 0
    81   30    0  100.00  80.00    30      24          30    0 0 0 0
    82   35    0  100.00  82.86    35      29          35    0 0 0 0
    83   29    0   86.21  72.41    25      21          29    0 0 0 0
    84   35    0  100.00  80.00    35      28          35    0 0 0 0
    85   32    0  100.00  90.62    32      29          32    0 0 0 0
    86   38    0  100.00  78.95    38      30          38    0 0 0 0
    87   29    0  100.00  93.10    29      27          29    0 0 0 0
    88    9    0  100.00 100.00     9       9           9    0 0 0 0
    89   36    0  100.00  94.44    36      34          36    0 0 0 0
    90   30    0  100.00  86.67    30      26          30    0 0 0 0
    91   33    0   96.97  90.91    32      30          33    0 0 0 0
    92   44    0  100.00  88.64    44      39          44    0 0 0 0
    93   43    0  100.00  69.77    43      30          43    0 0 0 0
    94   34    0  100.00  85.29    34      29          34    0 0 0 0
    95   45    0  100.00  77.78    45      35          45    0 0 0 0
    96   11    0  100.00 100.00    11      11          11    0 0 0 0
    97   29    0  100.00  89.66    29      26          29    0 0 0 0
    98   29    0  100.00  82.76    29      24          29    0 0 0 0
    99   17    0  100.00  82.35    17      14          17    0 0 0 0
   100   43    0   97.67  76.74    42      33          43    0 0 0 0


  Labeled   attachment score: 2219 / 2607 * 100 = 85.12 %
  Unlabeled attachment score: 2569 / 2607 * 100 = 98.54 %
  Label accuracy score:       2238 / 2607 * 100 = 85.85 %
