     Sent.          Attachment      Correct        Scoring          
    ID Tokens  -   Unlab. Lab.   HEAD HEAD+DEPREL   tokens   - - - -
  ============================================================================
     1    2    0  100.00 100.00     2       2           2    0 0 0 0
     2    3    0  100.00 100.00     3       3           3    0 0 0 0
     3    6    0  100.00 100.00     6       6           6    0 0 0 0
     4    9    0  100.00 100.00     9       9           9    0 0 0 0
     5    2    0  100.00 100.00     2       2           2    0 0 0 0
     6    4    0  100.00 100.00     4       4           4    0 0 0 0
     7    4    0  100.00 100.00     4       4           4    0 0 0 0
     8    6    0  100.00 100.00     6       6           6    0 0 0 0
     9    5    0  100.00 100.00     5       5           5    0 0 0 0
    10   13    0   69.23  69.23     9       9          13    0 0 0 0
    11    9    0   88.89  88.89     8       8           9    0 0 0 0
    12    9    0   88.89  88.89     8       8           9    0 0 0 0
    13   13    0   61.54  61.54     8       8          13    0 0 0 0
    14    9    0   88.89  88.89     8       8           9    0 0 0 0
    15    9    0   88.89  88.89     8       8           9    0 0 0 0
    16   31    0   77.42  67.74    24      21          31    0 0 0 0
    17    6    0   66.67  66.67     4       4           6    0 0 0 0
    18    2    0  100.00 100.00     2       2           2    0 0 0 0
    19    5    0  100.00 100.00     5       5           5    0 0 0 0
    20   19    0   94.74  89.47    18      17          19    0 0 0 0
    21   12    0   83.33  58.33    10       7          12    0 0 0 0
    22    5    0  100.00  60.00     5       3           5    0 0 0 0
    23    8    0  100.00 100.00     8       8           8    0 0 0 0
    24   10    0  100.00 100.00    10      10          10    0 0 0 0
    25   11    0  100.00 100.00    11      11          11    0 0 0 0
    26   13    0  100.00 100.00    13      13          13    0 0 0 0
    27    9    0   88.89  88.89     8       8           9    0 0 0 0
    28    9    0   66.67  66.67     6       6           9    0 0 0 0
    29   10    0  100.00 100.00    10      10          10    0 0 0 0
    30   15    0   80.00  66.67    12      10          15    0 0 0 0
    31    6    0  100.00 100.00     6       6           6    0 0 0 0
    32   13    0   69.23  69.23     9       9          13    0 0 0 0
    33   13    0  100.00  92.31    13      12          13    0 0 0 0
    34   18    0   77.78  72.22    14      13          18    0 0 0 0
    35    5    0  100.00 100.00     5       5           5    0 0 0 0
    36   25    0   72.00  72.00    18      18          25    0 0 0 0
    37   11    0  100.00 100.00    11      11          11    0 0 0 0
    38   10    0   90.00  90.00     9       9          10    0 0 0 0
    39   14    0  100.00  92.86    14      13          14    0 0 0 0
    40   14    0   92.86  78.57    13      11          14    0 0 0 0
    41   11    0  100.00 100.00    11      11          11    0 0 0 0
    42    3    0  100.00 100.00     3       3           3    0 0 0 0
    43    5    0   80.00  80.00     4       4           5    0 0 0 0
    44   11    0  100.00  90.91    11      10          11    0 0 0 0
    45    5    0  100.00 100.00     5       5           5    0 0 0 0
    46    4    0  100.00  75.00     4       3           4    0 0 0 0
    47   16    0   93.75  87.50    15      14          16    0 0 0 0
    48   12    0   91.67  75.00    11       9          12    0 0 0 0
    49   12    0  100.00  91.67    12      11          12    0 0 0 0
    50    8    0   87.50  75.00     7       6           8    0 0 0 0
    51    5    0  100.00 100.00     5       5           5    0 0 0 0
    52   21    0   90.48  90.48    19      19          21    0 0 0 0
    53   12    0   83.33  75.00    10       9          12    0 0 0 0
    54   17    0   88.24  88.24    15      15          17    0 0 0 0
    55   11    0  100.00  81.82    11       9          11    0 0 0 0
    56   17    0   88.24  82.35    15      14          17    0 0 0 0
    57    9    0   77.78  66.67     7       6           9    0 0 0 0
    58   18    0   88.89  83.33    16      15          18    0 0 0 0
    59   10    0  100.00  80.00    10       8          10    0 0 0 0
    60   12    0   83.33  75.00    10       9          12    0 0 0 0
    61   30    0   86.67  83.33    26      25          30    0 0 0 0
    62    9    0   88.89  77.78     8       7           9    0 0 0 0
    63    7    0  100.00 100.00     7       7           7    0 0 0 0
    64   20    0   90.00  85.00    18      17          20    0 0 0 0
    65    5    0  100.00 100.00     5       5           5    0 0 0 0
    66   19    0   89.47  84.21    17      16          19    0 0 0 0
    67   13    0   69.23  61.54     9       8          13    0 0 0 0
    68   15    0   93.33  86.67    14      13          15    0 0 0 0
    69   12    0   91.67  83.33    11      10          12    0 0 0 0
    70   13    0  100.00 100.00    13      13          13    0 0 0 0
    71    4    0  100.00 100.00     4       4           4    0 0 0 0
    72   13    0  100.00 100.00    13      13          13    0 0 0 0
    73   14    0  100.00  85.71    14      12          14    0 0 0 0
    74   10    0   90.00  80.00     9       8          10    0 0 0 0
    75    9    0   77.78  77.78     7       7           9    0 0 0 0
    76   21    0   85.71  80.95    18      17          21    0 0 0 0
    77   17    0  100.00  94.12    17      16          17    0 0 0 0
    78    7    0  100.00  85.71     7       6           7    0 0 0 0
    79   18    0  100.00  94.44    18      17          18    0 0 0 0
    80   17    0   82.35  64.71    14      11          17    0 0 0 0
    81   29    0   89.66  86.21    26      25          29    0 0 0 0
    82   17    0  100.00  94.12    17      16          17    0 0 0 0
    83   16    0   81.25  75.00    13      12          16    0 0 0 0
    84   18    0   94.44  88.89    17      16          18    0 0 0 0
    85    8    0   87.50  87.50     7       7           8    0 0 0 0
    86   27    0   96.30  96.30    26      26          27    0 0 0 0
    87   20    0   85.00  85.00    17      17          20    0 0 0 0
    88   30    0   90.00  83.33    27      25          30    0 0 0 0
    89   35    0   77.14  71.43    27      25          35    0 0 0 0
    90   26    0   92.31  80.77    24      21          26    0 0 0 0
    91   24    0  100.00  95.83    24      23          24    0 0 0 0
    92   23    0  100.00 100.00    23      23          23    0 0 0 0
    93   18    0   94.44  94.44    17      17          18    0 0 0 0
    94   25    0   72.00  72.00    18      18          25    0 0 0 0
    95   18    0  100.00 100.00    18      18          18    0 0 0 0
    96   10    0   90.00  90.00     9       9          10    0 0 0 0
    97   12    0  100.00  83.33    12      10          12    0 0 0 0
    98    7    0  100.00  85.71     7       6           7    0 0 0 0
    99   17    0   94.12  94.12    16      16          17    0 0 0 0
   100    5    0  100.00 100.00     5       5           5    0 0 0 0
   101    9    0  100.00 100.00     9       9           9    0 0 0 0
   102   16    0  100.00 100.00    16      16          16    0 0 0 0
   103   16    0   81.25  75.00    13      12          16    0 0 0 0
   104   23    0   86.96  82.61    20      19          23    0 0 0 0
   105   13    0  100.00  92.31    13      12          13    0 0 0 0
   106   26    0   96.15  96.15    25      25          26    0 0 0 0
   107   18    0   94.44  94.44    17      17          18    0 0 0 0
   108    7    0  100.00 100.00     7       7           7    0 0 0 0
   109   16    0   87.50  87.50    14      14          16    0 0 0 0
   110   10    0  100.00 100.00    10      10          10    0 0 0 0
   111    4    0  100.00 100.00     4       4           4    0 0 0 0
   112   21    0   95.24  95.24    20      20          21    0 0 0 0
   113   11    0   81.82  81.82     9       9          11    0 0 0 0
   114   35    0   97.14  88.57    34      31          35    0 0 0 0
   115   30    0   86.67  83.33    26      25          30    0 0 0 0
   116   26    0   96.15  92.31    25      24          26    0 0 0 0
   117    4    0  100.00 100.00     4       4           4    0 0 0 0
   118   23    0  100.00 100.00    23      23          23    0 0 0 0
   119   10    0  100.00  90.00    10       9          10    0 0 0 0
   120   25    0  100.00  92.00    25      23          25    0 0 0 0
   121   16    0  100.00 100.00    16      16          16    0 0 0 0
   122    9    0   88.89  88.89     8       8           9    0 0 0 0
   123   15    0   86.67  80.00    13      12          15    0 0 0 0
   124    5    0  100.00 100.00     5       5           5    0 0 0 0
   125   21    0  100.00  90.48    21      19          21    0 0 0 0
   126   14    0   57.14  50.00     8       7          14    0 0 0 0
   127    9    0  100.00 100.00     9       9           9    0 0 0 0
   128   16    0   93.75  87.50    15      14          16    0 0 0 0
   129   12    0  100.00 100.00    12      12          12    0 0 0 0
   130   10    0   90.00  70.00     9       7          10    0 0 0 0
   131    7    0   42.86  42.86     3       3           7    0 0 0 0
   132    9    0  100.00 100.00     9       9           9    0 0 0 0
   133    9    0  100.00  77.78     9       7           9    0 0 0 0
   134   35    0   82.86  82.86    29      29          35    0 0 0 0
   135   18    0  100.00 100.00    18      18          18    0 0 0 0
   136   15    0   73.33  46.67    11       7          15    0 0 0 0
   137   18    0   88.89  83.33    16      15          18    0 0 0 0
   138   11    0  100.00  90.91    11      10          11    0 0 0 0
   139   16    0   87.50  68.75    14      11          16    0 0 0 0
   140   13    0   92.31  84.62    12      11          13    0 0 0 0
   141    8    0  100.00  87.50     8       7           8    0 0 0 0
   142   16    0   93.75  87.50    15      14          16    0 0 0 0
   143   11    0  100.00  90.91    11      10          11    0 0 0 0
   144    2    0  100.00 100.00     2       2           2    0 0 0 0
   145    8    0  100.00  87.50     8       7           8    0 0 0 0
   146   10    0  100.00 100.00    10      10          10    0 0 0 0
   147   18    0   88.89  83.33    16      15          18    0 0 0 0
   148   11    0  100.00 100.00    11      11          11    0 0 0 0
   149    3    0  100.00 100.00     3       3           3    0 0 0 0
   150   10    0   80.00  80.00     8       8          10    0 0 0 0
   151    8    0  100.00 100.00     8       8           8    0 0 0 0
   152   10    0  100.00 100.00    10      10          10    0 0 0 0
   153   10    0  100.00  90.00    10       9          10    0 0 0 0
   154   19    0   78.95  73.68    15      14          19    0 0 0 0
   155   10    0  100.00 100.00    10      10          10    0 0 0 0
   156    8    0  100.00  87.50     8       7           8    0 0 0 0
   157   16    0   93.75  93.75    15      15          16    0 0 0 0
   158   11    0  100.00 100.00    11      11          11    0 0 0 0
   159    5    0  100.00 100.00     5       5           5    0 0 0 0
   160   21    0   90.48  80.95    19      17          21    0 0 0 0
   161   10    0  100.00 100.00    10      10          10    0 0 0 0
   162    3    0  100.00 100.00     3       3           3    0 0 0 0
   163    9    0  100.00  88.89     9       8           9    0 0 0 0
   164   14    0   78.57  78.57    11      11          14    0 0 0 0
   165   10    0  100.00 100.00    10      10          10    0 0 0 0
   166   14    0   92.86  92.86    13      13          14    0 0 0 0
   167   12    0   83.33  83.33    10      10          12    0 0 0 0
   168   10    0  100.00 100.00    10      10          10    0 0 0 0
   169    5    0  100.00 100.00     5       5           5    0 0 0 0
   170   12    0   91.67  83.33    11      10          12    0 0 0 0
   171   11    0  100.00 100.00    11      11          11    0 0 0 0
   172    4    0  100.00 100.00     4       4           4    0 0 0 0
   173   23    0   82.61  78.26    19      18          23    0 0 0 0
   174   10    0  100.00 100.00    10      10          10    0 0 0 0
   175    8    0  100.00 100.00     8       8           8    0 0 0 0
   176   15    0   66.67  66.67    10      10          15    0 0 0 0
   177    1    0  100.00 100.00     1       1           1    0 0 0 0
   178    5    0  100.00 100.00     5       5           5    0 0 0 0
   179   13    0  100.00  84.62    13      11          13    0 0 0 0
   180   19    0   89.47  84.21    17      16          19    0 0 0 0
   181   33    0   93.94  87.88    31      29          33    0 0 0 0
   182   15    0  100.00  93.33    15      14          15    0 0 0 0
   183    7    0  100.00 100.00     7       7           7    0 0 0 0
   184   15    0  100.00  80.00    15      12          15    0 0 0 0
   185   21    0   90.48  90.48    19      19          21    0 0 0 0
   186   37    0   86.49  81.08    32      30          37    0 0 0 0
   187   26    0   88.46  88.46    23      23          26    0 0 0 0
   188    5    0  100.00 100.00     5       5           5    0 0 0 0
   189   17    0   88.24  82.35    15      14          17    0 0 0 0
   190   12    0   83.33  75.00    10       9          12    0 0 0 0
   191   14    0  100.00  85.71    14      12          14    0 0 0 0
   192   27    0   92.59  85.19    25      23          27    0 0 0 0
   193   13    0   76.92  76.92    10      10          13    0 0 0 0
   194   12    0   75.00  75.00     9       9          12    0 0 0 0
   195   25    0   88.00  88.00    22      22          25    0 0 0 0
   196   21    0   95.24  90.48    20      19          21    0 0 0 0
   197    7    0   85.71  85.71     6       6           7    0 0 0 0
   198    7    0   85.71  85.71     6       6           7    0 0 0 0
   199   20    0   90.00  80.00    18      16          20    0 0 0 0
   200   10    0  100.00 100.00    10      10          10    0 0 0 0
   201    4    0  100.00 100.00     4       4           4    0 0 0 0
   202    2    0  100.00 100.00     2       2           2    0 0 0 0
   203   10    0  100.00 100.00    10      10          10    0 0 0 0
   204    8    0  100.00  87.50     8       7           8    0 0 0 0
   205   23    0   95.65  86.96    22      20          23    0 0 0 0
   206    9    0  100.00 100.00     9       9           9    0 0 0 0
   207   10    0   80.00  80.00     8       8          10    0 0 0 0
   208    3    0  100.00 100.00     3       3           3    0 0 0 0
   209   11    0   90.91  90.91    10      10          11    0 0 0 0
   210   10    0   90.00  90.00     9       9          10    0 0 0 0
   211    9    0   88.89  88.89     8       8           9    0 0 0 0
   212   10    0  100.00 100.00    10      10          10    0 0 0 0
   213   14    0  100.00 100.00    14      14          14    0 0 0 0
   214    7    0  100.00  85.71     7       6           7    0 0 0 0
   215   15    0  100.00  93.33    15      14          15    0 0 0 0
   216   13    0  100.00 100.00    13      13          13    0 0 0 0
   217   11    0   90.91  90.91    10      10          11    0 0 0 0
   218   13    0   92.31  84.62    12      11          13    0 0 0 0
   219   17    0  100.00  88.24    17      15          17    0 0 0 0
   220   11    0  100.00  72.73    11       8          11    0 0 0 0
   221    8    0  100.00  87.50     8       7           8    0 0 0 0
   222   18    0   94.44  77.78    17      14          18    0 0 0 0
   223    6    0  100.00  66.67     6       4           6    0 0 0 0
   224   22    0   90.91  81.82    20      18          22    0 0 0 0
   225   13    0   76.92  46.15    10       6          13    0 0 0 0
   226   34    0   94.12  88.24    32      30          34    0 0 0 0
   227    2    0  100.00 100.00     2       2           2    0 0 0 0
   228    3    0  100.00 100.00     3       3           3    0 0 0 0
   229   17    0  100.00  94.12    17      16          17    0 0 0 0
   230   24    0   95.83  95.83    23      23          24    0 0 0 0
   231   21    0   80.95  80.95    17      17          21    0 0 0 0
   232   37    0   86.49  83.78    32      31          37    0 0 0 0
   233   21    0   90.48  85.71    19      18          21    0 0 0 0
   234   54    0   83.33  79.63    45      43          54    0 0 0 0
   235   41    0   90.24  87.80    37      36          41    0 0 0 0
   236   20    0   90.00  90.00    18      18          20    0 0 0 0
   237   25    0   92.00  88.00    23      22          25    0 0 0 0
   238   23    0   95.65  95.65    22      22          23    0 0 0 0
   239   28    0  100.00  92.86    28      26          28    0 0 0 0
   240   26    0   88.46  84.62    23      22          26    0 0 0 0
   241   16    0   93.75  93.75    15      15          16    0 0 0 0
   242   26    0   84.62  76.92    22      20          26    0 0 0 0
   243   22    0   81.82  72.73    18      16          22    0 0 0 0
   244   33    0   87.88  87.88    29      29          33    0 0 0 0
   245   16    0   81.25  75.00    13      12          16    0 0 0 0
   246   10    0  100.00  90.00    10       9          10    0 0 0 0
   247    6    0  100.00  83.33     6       5           6    0 0 0 0
   248    7    0  100.00 100.00     7       7           7    0 0 0 0
   249    6    0  100.00 100.00     6       6           6    0 0 0 0
   250   15    0   80.00  73.33    12      11          15    0 0 0 0
   251   15    0  100.00  93.33    15      14          15    0 0 0 0
   252   26    0   84.62  84.62    22      22          26    0 0 0 0
   253   14    0   92.86  92.86    13      13          14    0 0 0 0
   254    6    0  100.00 100.00     6       6           6    0 0 0 0
   255   21    0   80.95  76.19    17      16          21    0 0 0 0
   256   18    0  100.00 100.00    18      18          18    0 0 0 0
   257   21    0  100.00  90.48    21      19          21    0 0 0 0
   258   18    0  100.00  94.44    18      17          18    0 0 0 0
   259    7    0  100.00 100.00     7       7           7    0 0 0 0
   260   30    0  100.00  96.67    30      29          30    0 0 0 0
   261    5    0   80.00  80.00     4       4           5    0 0 0 0
   262   25    0   92.00  92.00    23      23          25    0 0 0 0
   263   25    0   96.00  96.00    24      24          25    0 0 0 0
   264   21    0   95.24  95.24    20      20          21    0 0 0 0
   265    8    0   87.50  87.50     7       7           8    0 0 0 0
   266   20    0   90.00  90.00    18      18          20    0 0 0 0
   267   10    0   90.00  90.00     9       9          10    0 0 0 0
   268   24    0   95.83  91.67    23      22          24    0 0 0 0
   269    7    0   71.43  71.43     5       5           7    0 0 0 0
   270   28    0   85.71  82.14    24      23          28    0 0 0 0
   271   14    0  100.00 100.00    14      14          14    0 0 0 0
   272   14    0   92.86  92.86    13      13          14    0 0 0 0
   273    7    0  100.00 100.00     7       7           7    0 0 0 0
   274   18    0   94.44  94.44    17      17          18    0 0 0 0
   275   12    0   83.33  58.33    10       7          12    0 0 0 0
   276   16    0   93.75  87.50    15      14          16    0 0 0 0
   277   23    0   82.61  82.61    19      19          23    0 0 0 0
   278   21    0  100.00 100.00    21      21          21    0 0 0 0
   279   22    0   86.36  81.82    19      18          22    0 0 0 0
   280   22    0   86.36  86.36    19      19          22    0 0 0 0
   281   23    0   86.96  78.26    20      18          23    0 0 0 0
   282   31    0   96.77  90.32    30      28          31    0 0 0 0
   283   13    0   84.62  84.62    11      11          13    0 0 0 0
   284   19    0   94.74  84.21    18      16          19    0 0 0 0
   285   10    0  100.00 100.00    10      10          10    0 0 0 0
   286   18    0   88.89  88.89    16      16          18    0 0 0 0
   287   20    0   95.00  85.00    19      17          20    0 0 0 0
   288   20    0   95.00  90.00    19      18          20    0 0 0 0
   289   11    0  100.00 100.00    11      11          11    0 0 0 0
   290   25    0   84.00  72.00    21      18          25    0 0 0 0
   291    6    0  100.00  66.67     6       4           6    0 0 0 0
   292   18    0   83.33  77.78    15      14          18    0 0 0 0
   293   20    0   95.00  95.00    19      19          20    0 0 0 0
   294   27    0   77.78  70.37    21      19          27    0 0 0 0
   295    1    0  100.00 100.00     1       1           1    0 0 0 0
   296   12    0   91.67  91.67    11      11          12    0 0 0 0
   297   13    0  100.00 100.00    13      13          13    0 0 0 0
   298   38    0   97.37  94.74    37      36          38    0 0 0 0
   299   26    0   73.08  65.38    19      17          26    0 0 0 0
   300    2    0  100.00 100.00     2       2           2    0 0 0 0
   301   11    0  100.00 100.00    11      11          11    0 0 0 0
   302   27    0   88.89  77.78    24      21          27    0 0 0 0
   303   10    0  100.00 100.00    10      10          10    0 0 0 0
   304    5    0  100.00  60.00     5       3           5    0 0 0 0
   305   29    0   89.66  79.31    26      23          29    0 0 0 0
   306   17    0   70.59  70.59    12      12          17    0 0 0 0
   307   17    0   88.24  82.35    15      14          17    0 0 0 0
   308   20    0   95.00  95.00    19      19          20    0 0 0 0
   309    9    0  100.00  88.89     9       8           9    0 0 0 0
   310   15    0   86.67  86.67    13      13          15    0 0 0 0
   311   20    0   85.00  85.00    17      17          20    0 0 0 0
   312   21    0   90.48  85.71    19      18          21    0 0 0 0
   313   13    0  100.00 100.00    13      13          13    0 0 0 0
   314   22    0   72.73  68.18    16      15          22    0 0 0 0
   315   29    0   75.86  75.86    22      22          29    0 0 0 0
   316   28    0   71.43  67.86    20      19          28    0 0 0 0
   317   14    0   92.86  92.86    13      13          14    0 0 0 0
   318    6    0  100.00  66.67     6       4           6    0 0 0 0
   319   20    0   65.00  65.00    13      13          20    0 0 0 0
   320   19    0   94.74  89.47    18      17          19    0 0 0 0
   321   14    0   92.86  71.43    13      10          14    0 0 0 0
   322   13    0  100.00 100.00    13      13          13    0 0 0 0
   323   13    0   92.31  84.62    12      11          13    0 0 0 0
   324   18    0   94.44  94.44    17      17          18    0 0 0 0
   325   11    0   90.91  81.82    10       9          11    0 0 0 0
   326   17    0   82.35  82.35    14      14          17    0 0 0 0
   327   10    0  100.00 100.00    10      10          10    0 0 0 0
   328   14    0  100.00 100.00    14      14          14    0 0 0 0
   329   15    0   93.33  86.67    14      13          15    0 0 0 0
   330   11    0  100.00 100.00    11      11          11    0 0 0 0
   331   19    0   89.47  89.47    17      17          19    0 0 0 0
   332   21    0   71.43  57.14    15      12          21    0 0 0 0
   333    9    0   77.78  77.78     7       7           9    0 0 0 0
   334    5    0  100.00 100.00     5       5           5    0 0 0 0
   335   20    0   85.00  80.00    17      16          20    0 0 0 0
   336   21    0   95.24  90.48    20      19          21    0 0 0 0
   337   12    0  100.00 100.00    12      12          12    0 0 0 0
   338    8    0  100.00 100.00     8       8           8    0 0 0 0
   339    5    0  100.00  80.00     5       4           5    0 0 0 0
   340   15    0   86.67  80.00    13      12          15    0 0 0 0
   341    9    0   77.78  77.78     7       7           9    0 0 0 0
   342    8    0   87.50  87.50     7       7           8    0 0 0 0
   343   14    0   85.71  78.57    12      11          14    0 0 0 0
   344   13    0  100.00 100.00    13      13          13    0 0 0 0
   345   15    0   86.67  73.33    13      11          15    0 0 0 0
   346   11    0  100.00  81.82    11       9          11    0 0 0 0
   347   17    0   76.47  70.59    13      12          17    0 0 0 0
   348    8    0   87.50  87.50     7       7           8    0 0 0 0
   349    6    0  100.00 100.00     6       6           6    0 0 0 0
   350   13    0   84.62  84.62    11      11          13    0 0 0 0
   351   17    0   88.24  82.35    15      14          17    0 0 0 0
   352    5    0   80.00  60.00     4       3           5    0 0 0 0
   353   21    0   85.71  85.71    18      18          21    0 0 0 0
   354    9    0  100.00  88.89     9       8           9    0 0 0 0
   355   15    0   86.67  86.67    13      13          15    0 0 0 0
   356    4    0  100.00 100.00     4       4           4    0 0 0 0
   357    8    0  100.00 100.00     8       8           8    0 0 0 0
   358    6    0   83.33  83.33     5       5           6    0 0 0 0
   359   23    0   95.65  95.65    22      22          23    0 0 0 0
   360   15    0   93.33  73.33    14      11          15    0 0 0 0
   361   16    0   93.75  81.25    15      13          16    0 0 0 0
   362   16    0   93.75  87.50    15      14          16    0 0 0 0
   363   13    0  100.00  84.62    13      11          13    0 0 0 0
   364   12    0  100.00 100.00    12      12          12    0 0 0 0
   365    9    0   55.56  55.56     5       5           9    0 0 0 0
   366   21    0   76.19  76.19    16      16          21    0 0 0 0
   367    8    0   87.50  87.50     7       7           8    0 0 0 0
   368   13    0  100.00  92.31    13      12          13    0 0 0 0
   369   22    0   68.18  68.18    15      15          22    0 0 0 0
   370   23    0   86.96  78.26    20      18          23    0 0 0 0
   371   25    0   76.00  72.00    19      18          25    0 0 0 0
   372   31    0   80.65  74.19    25      23          31    0 0 0 0
   373   55    0   63.64  60.00    35      33          55    0 0 0 0
   374   27    0   66.67  59.26    18      16          27    0 0 0 0
   375   38    0   84.21  78.95    32      30          38    0 0 0 0
   376   11    0  100.00  90.91    11      10          11    0 0 0 0
   377   23    0   95.65  91.30    22      21          23    0 0 0 0
   378   30    0   73.33  70.00    22      21          30    0 0 0 0
   379    7    0  100.00 100.00     7       7           7    0 0 0 0
   380   26    0   88.46  76.92    23      20          26    0 0 0 0
   381   17    0   88.24  82.35    15      14          17    0 0 0 0
   382   30    0   93.33  93.33    28      28          30    0 0 0 0
   383   40    0   80.00  80.00    32      32          40    0 0 0 0
   384   14    0  100.00  92.86    14      13          14    0 0 0 0
   385   14    0   85.71  85.71    12      12          14    0 0 0 0
   386   23    0   86.96  82.61    20      19          23    0 0 0 0
   387    5    0  100.00  80.00     5       4           5    0 0 0 0
   388    5    0  100.00 100.00     5       5           5    0 0 0 0
   389   10    0  100.00 100.00    10      10          10    0 0 0 0
   390   14    0   85.71  71.43    12      10          14    0 0 0 0
   391   14    0  100.00 100.00    14      14          14    0 0 0 0
   392    9    0  100.00  88.89     9       8           9    0 0 0 0
   393    6    0   83.33  83.33     5       5           6    0 0 0 0
   394   22    0   90.91  90.91    20      20          22    0 0 0 0
   395   14    0   71.43  57.14    10       8          14    0 0 0 0
   396   32    0   96.88  93.75    31      30          32    0 0 0 0
   397   16    0   75.00  75.00    12      12          16    0 0 0 0
   398   20    0   60.00  60.00    12      12          20    0 0 0 0
   399    8    0  100.00 100.00     8       8           8    0 0 0 0
   400   10    0   60.00  40.00     6       4          10    0 0 0 0
   401    7    0   85.71  57.14     6       4           7    0 0 0 0
   402   13    0   92.31  92.31    12      12          13    0 0 0 0
   403   10    0   90.00  80.00     9       8          10    0 0 0 0
   404    6    0  100.00 100.00     6       6           6    0 0 0 0
   405    9    0   88.89  88.89     8       8           9    0 0 0 0
   406   10    0  100.00  90.00    10       9          10    0 0 0 0
   407   11    0   63.64  63.64     7       7          11    0 0 0 0
   408   17    0   94.12  88.24    16      15          17    0 0 0 0
   409   13    0  100.00  92.31    13      12          13    0 0 0 0
   410   21    0   95.24  95.24    20      20          21    0 0 0 0
   411   14    0   78.57  78.57    11      11          14    0 0 0 0
   412    4    0  100.00 100.00     4       4           4    0 0 0 0
   413   21    0   90.48  90.48    19      19          21    0 0 0 0
   414   29    0   82.76  82.76    24      24          29    0 0 0 0
   415   17    0  100.00  94.12    17      16          17    0 0 0 0
   416    8    0   75.00  75.00     6       6           8    0 0 0 0
   417   15    0   60.00  46.67     9       7          15    0 0 0 0
   418   11    0   90.91  90.91    10      10          11    0 0 0 0
   419   14    0   92.86  92.86    13      13          14    0 0 0 0
   420   18    0   88.89  88.89    16      16          18    0 0 0 0
   421    4    0  100.00 100.00     4       4           4    0 0 0 0
   422   18    0   83.33  83.33    15      15          18    0 0 0 0
   423   25    0   96.00  92.00    24      23          25    0 0 0 0
   424   23    0   91.30  86.96    21      20          23    0 0 0 0
   425    4    0  100.00 100.00     4       4           4    0 0 0 0
   426   29    0   96.55  86.21    28      25          29    0 0 0 0
   427   22    0   77.27  77.27    17      17          22    0 0 0 0
   428   17    0  100.00  88.24    17      15          17    0 0 0 0
   429    4    0  100.00 100.00     4       4           4    0 0 0 0
   430   11    0  100.00 100.00    11      11          11    0 0 0 0
   431   12    0   83.33  83.33    10      10          12    0 0 0 0
   432   18    0  100.00  88.89    18      16          18    0 0 0 0
   433    8    0  100.00 100.00     8       8           8    0 0 0 0
   434   28    0   71.43  60.71    20      17          28    0 0 0 0
   435   18    0   94.44  88.89    17      16          18    0 0 0 0
   436    3    0  100.00 100.00     3       3           3    0 0 0 0
   437   13    0  100.00 100.00    13      13          13    0 0 0 0
   438   25    0   88.00  88.00    22      22          25    0 0 0 0
   439   21    0   66.67  66.67    14      14          21    0 0 0 0
   440    8    0   75.00  75.00     6       6           8    0 0 0 0
   441   28    0   96.43  92.86    27      26          28    0 0 0 0
   442   14    0  100.00  85.71    14      12          14    0 0 0 0
   443   40    0   87.50  87.50    35      35          40    0 0 0 0
   444   27    0   88.89  85.19    24      23          27    0 0 0 0
   445   40    0   75.00  75.00    30      30          40    0 0 0 0
   446   21    0   90.48  90.48    19      19          21    0 0 0 0
   447   30    0   90.00  80.00    27      24          30    0 0 0 0
   448   20    0   85.00  75.00    17      15          20    0 0 0 0
   449    7    0  100.00 100.00     7       7           7    0 0 0 0
   450   28    0   92.86  92.86    26      26          28    0 0 0 0
   451   20    0   95.00  90.00    19      18          20    0 0 0 0
   452   16    0   93.75  87.50    15      14          16    0 0 0 0
   453   23    0   82.61  73.91    19      17          23    0 0 0 0
   454    3    0  100.00 100.00     3       3           3    0 0 0 0
   455   18    0   88.89  83.33    16      15          18    0 0 0 0
   456   21    0   95.24  90.48    20      19          21    0 0 0 0
   457   25    0   92.00  88.00    23      22          25    0 0 0 0
   458    9    0  100.00 100.00     9       9           9    0 0 0 0
   459    9    0  100.00 100.00     9       9           9    0 0 0 0
   460   22    0   72.73  68.18    16      15          22    0 0 0 0
   461   16    0  100.00 100.00    16      16          16    0 0 0 0
   462   69    0   73.91  69.57    51      48          69    0 0 0 0
   463   15    0  100.00 100.00    15      15          15    0 0 0 0
   464   11    0   81.82  72.73     9       8          11    0 0 0 0
   465    6    0   83.33  83.33     5       5           6    0 0 0 0
   466   19    0   94.74  84.21    18      16          19    0 0 0 0
   467   35    0   77.14  68.57    27      24          35    0 0 0 0
   468    6    0  100.00  83.33     6       5           6    0 0 0 0
   469   18    0   88.89  83.33    16      15          18    0 0 0 0
   470    7    0   85.71  71.43     6       5           7    0 0 0 0
   471   26    0   92.31  80.77    24      21          26    0 0 0 0
   472   31    0   96.77  93.55    30      29          31    0 0 0 0
   473    9    0  100.00  88.89     9       8           9    0 0 0 0
   474   31    0   93.55  83.87    29      26          31    0 0 0 0
   475   22    0   86.36  72.73    19      16          22    0 0 0 0
   476    6    0  100.00 100.00     6       6           6    0 0 0 0
   477   10    0   80.00  80.00     8       8          10    0 0 0 0
   478   12    0   91.67  83.33    11      10          12    0 0 0 0
   479   28    0   96.43  85.71    27      24          28    0 0 0 0
   480   13    0   92.31  92.31    12      12          13    0 0 0 0
   481   15    0   73.33  66.67    11      10          15    0 0 0 0
   482   26    0   88.46  88.46    23      23          26    0 0 0 0
   483   18    0   77.78  77.78    14      14          18    0 0 0 0
   484    4    0  100.00 100.00     4       4           4    0 0 0 0
   485   18    0  100.00 100.00    18      18          18    0 0 0 0
   486    9    0  100.00 100.00     9       9           9    0 0 0 0
   487    3    0  100.00 100.00     3       3           3    0 0 0 0
   488    3    0  100.00 100.00     3       3           3    0 0 0 0
   489    4    0  100.00 100.00     4       4           4    0 0 0 0
   490   10    0   90.00  80.00     9       8          10    0 0 0 0
   491   19    0   78.95  78.95    15      15          19    0 0 0 0
   492   22    0   86.36  81.82    19      18          22    0 0 0 0
   493   10    0   90.00  90.00     9       9          10    0 0 0 0
   494   11    0   90.91  81.82    10       9          11    0 0 0 0
   495    8    0  100.00 100.00     8       8           8    0 0 0 0
   496   27    0   74.07  74.07    20      20          27    0 0 0 0
   497   14    0   78.57  78.57    11      11          14    0 0 0 0
   498    2    0  100.00 100.00     2       2           2    0 0 0 0
   499   12    0   83.33  75.00    10       9          12    0 0 0 0
   500    5    0  100.00 100.00     5       5           5    0 0 0 0
   501    2    0  100.00 100.00     2       2           2    0 0 0 0
   502   10    0   90.00  90.00     9       9          10    0 0 0 0
   503    8    0  100.00  87.50     8       7           8    0 0 0 0
   504   25    0   88.00  84.00    22      21          25    0 0 0 0
   505   12    0   66.67  66.67     8       8          12    0 0 0 0
   506    4    0  100.00 100.00     4       4           4    0 0 0 0
   507   14    0   85.71  78.57    12      11          14    0 0 0 0
   508    6    0  100.00 100.00     6       6           6    0 0 0 0
   509   14    0   92.86  85.71    13      12          14    0 0 0 0
   510   11    0   90.91  90.91    10      10          11    0 0 0 0
   511    8    0  100.00 100.00     8       8           8    0 0 0 0
   512   10    0  100.00 100.00    10      10          10    0 0 0 0
   513    5    0  100.00 100.00     5       5           5    0 0 0 0
   514   11    0   54.55  54.55     6       6          11    0 0 0 0
   515    9    0   88.89  88.89     8       8           9    0 0 0 0
   516   10    0  100.00  90.00    10       9          10    0 0 0 0
   517   16    0   68.75  50.00    11       8          16    0 0 0 0
   518    8    0  100.00  87.50     8       7           8    0 0 0 0
   519   18    0   94.44  88.89    17      16          18    0 0 0 0
   520   17    0   88.24  82.35    15      14          17    0 0 0 0
   521    5    0  100.00  80.00     5       4           5    0 0 0 0
   522    8    0   50.00  50.00     4       4           8    0 0 0 0
   523    6    0   83.33  83.33     5       5           6    0 0 0 0
   524    9    0   88.89  77.78     8       7           9    0 0 0 0
   525   11    0  100.00 100.00    11      11          11    0 0 0 0
   526    8    0  100.00 100.00     8       8           8    0 0 0 0
   527    6    0  100.00 100.00     6       6           6    0 0 0 0
   528   15    0   93.33  93.33    14      14          15    0 0 0 0
   529   10    0   90.00  90.00     9       9          10    0 0 0 0
   530    5    0  100.00 100.00     5       5           5    0 0 0 0
   531    6    0   83.33  83.33     5       5           6    0 0 0 0
   532   19    0   94.74  89.47    18      17          19    0 0 0 0
   533    5    0  100.00 100.00     5       5           5    0 0 0 0
   534   14    0   92.86  85.71    13      12          14    0 0 0 0
   535    5    0  100.00  80.00     5       4           5    0 0 0 0
   536    9    0   44.44  44.44     4       4           9    0 0 0 0
   537   13    0   84.62  69.23    11       9          13    0 0 0 0
   538    8    0   75.00  75.00     6       6           8    0 0 0 0
   539   22    0  100.00  95.45    22      21          22    0 0 0 0
   540    7    0  100.00 100.00     7       7           7    0 0 0 0
   541    5    0  100.00 100.00     5       5           5    0 0 0 0
   542    6    0  100.00 100.00     6       6           6    0 0 0 0
   543    5    0  100.00  80.00     5       4           5    0 0 0 0
   544    9    0   88.89  88.89     8       8           9    0 0 0 0
   545    6    0  100.00 100.00     6       6           6    0 0 0 0
   546   22    0   86.36  81.82    19      18          22    0 0 0 0
   547   14    0  100.00 100.00    14      14          14    0 0 0 0
   548    4    0   75.00  75.00     3       3           4    0 0 0 0
   549   12    0   75.00  66.67     9       8          12    0 0 0 0
   550   14    0   71.43  71.43    10      10          14    0 0 0 0
   551    7    0   85.71  71.43     6       5           7    0 0 0 0
   552    6    0  100.00  83.33     6       5           6    0 0 0 0
   553    9    0  100.00 100.00     9       9           9    0 0 0 0
   554    6    0  100.00  83.33     6       5           6    0 0 0 0
   555   22    0   72.73  59.09    16      13          22    0 0 0 0
   556    4    0  100.00  75.00     4       3           4    0 0 0 0
   557   11    0   81.82  81.82     9       9          11    0 0 0 0
   558    5    0  100.00 100.00     5       5           5    0 0 0 0
   559   13    0   61.54  53.85     8       7          13    0 0 0 0
   560   13    0   69.23  53.85     9       7          13    0 0 0 0
   561   14    0   92.86  85.71    13      12          14    0 0 0 0
   562    3    0  100.00 100.00     3       3           3    0 0 0 0
   563    8    0   87.50  87.50     7       7           8    0 0 0 0
   564   10    0   90.00  90.00     9       9          10    0 0 0 0
   565   12    0   75.00  50.00     9       6          12    0 0 0 0
   566    7    0   57.14  57.14     4       4           7    0 0 0 0
   567    4    0  100.00 100.00     4       4           4    0 0 0 0
   568   20    0   90.00  85.00    18      17          20    0 0 0 0
   569    3    0  100.00 100.00     3       3           3    0 0 0 0
   570    4    0  100.00 100.00     4       4           4    0 0 0 0
   571    2    0  100.00 100.00     2       2           2    0 0 0 0
   572    6    0   50.00  50.00     3       3           6    0 0 0 0
   573    5    0  100.00  80.00     5       4           5    0 0 0 0
   574   22    0   63.64  59.09    14      13          22    0 0 0 0
   575    6    0  100.00  83.33     6       5           6    0 0 0 0
   576   23    0   91.30  82.61    21      19          23    0 0 0 0
   577   11    0  100.00 100.00    11      11          11    0 0 0 0
   578   15    0   86.67  80.00    13      12          15    0 0 0 0
   579   22    0   86.36  86.36    19      19          22    0 0 0 0
   580    8    0  100.00 100.00     8       8           8    0 0 0 0
   581    3    0  100.00 100.00     3       3           3    0 0 0 0
   582   12    0   91.67  75.00    11       9          12    0 0 0 0
   583   56    0   78.57  75.00    44      42          56    0 0 0 0
   584   17    0  100.00 100.00    17      17          17    0 0 0 0
   585   10    0  100.00 100.00    10      10          10    0 0 0 0
   586   23    0  100.00 100.00    23      23          23    0 0 0 0
   587    3    0  100.00 100.00     3       3           3    0 0 0 0
   588    8    0   87.50  87.50     7       7           8    0 0 0 0
   589    6    0   83.33  50.00     5       3           6    0 0 0 0
   590    6    0   66.67  66.67     4       4           6    0 0 0 0
   591   10    0  100.00 100.00    10      10          10    0 0 0 0
   592   20    0  100.00  95.00    20      19          20    0 0 0 0
   593   10    0  100.00  90.00    10       9          10    0 0 0 0
   594    5    0  100.00 100.00     5       5           5    0 0 0 0
   595   11    0   90.91  90.91    10      10          11    0 0 0 0
   596    6    0   83.33  83.33     5       5           6    0 0 0 0
   597    7    0   85.71  85.71     6       6           7    0 0 0 0
   598    4    0  100.00 100.00     4       4           4    0 0 0 0
   599    2    0  100.00 100.00     2       2           2    0 0 0 0
   600    8    0  100.00 100.00     8       8           8    0 0 0 0
   601    6    0   83.33  66.67     5       4           6    0 0 0 0
   602   25    0   96.00  92.00    24      23          25    0 0 0 0
   603   10    0  100.00 100.00    10      10          10    0 0 0 0
   604   27    0   92.59  85.19    25      23          27    0 0 0 0
   605   12    0   50.00  33.33     6       4          12    0 0 0 0
   606   18    0   83.33  77.78    15      14          18    0 0 0 0
   607    6    0  100.00  83.33     6       5           6    0 0 0 0
   608    9    0   77.78  77.78     7       7           9    0 0 0 0
   609   12    0  100.00 100.00    12      12          12    0 0 0 0
   610    3    0  100.00 100.00     3       3           3    0 0 0 0
   611   18    0   94.44  94.44    17      17          18    0 0 0 0
   612   11    0   90.91  72.73    10       8          11    0 0 0 0
   613   11    0  100.00 100.00    11      11          11    0 0 0 0
   614   18    0   83.33  72.22    15      13          18    0 0 0 0
   615    8    0  100.00  75.00     8       6           8    0 0 0 0
   616   18    0   88.89  83.33    16      15          18    0 0 0 0
   617   12    0  100.00 100.00    12      12          12    0 0 0 0
   618   19    0   94.74  89.47    18      17          19    0 0 0 0
   619   14    0  100.00 100.00    14      14          14    0 0 0 0
   620   28    0   85.71  85.71    24      24          28    0 0 0 0
   621    7    0   85.71  85.71     6       6           7    0 0 0 0
   622   20    0   90.00  90.00    18      18          20    0 0 0 0
   623   13    0  100.00  92.31    13      12          13    0 0 0 0
   624   36    0   94.44  91.67    34      33          36    0 0 0 0
   625    5    0  100.00  80.00     5       4           5    0 0 0 0
   626   22    0   95.45  95.45    21      21          22    0 0 0 0
   627    9    0  100.00  88.89     9       8           9    0 0 0 0
   628   14    0  100.00 100.00    14      14          14    0 0 0 0
   629   16    0   93.75  93.75    15      15          16    0 0 0 0
   630   18    0  100.00  77.78    18      14          18    0 0 0 0
   631   12    0  100.00 100.00    12      12          12    0 0 0 0
   632   10    0  100.00  80.00    10       8          10    0 0 0 0
   633   12    0  100.00  91.67    12      11          12    0 0 0 0
   634   16    0   93.75  87.50    15      14          16    0 0 0 0
   635   19    0  100.00  89.47    19      17          19    0 0 0 0
   636   12    0   91.67  91.67    11      11          12    0 0 0 0
   637    7    0  100.00  85.71     7       6           7    0 0 0 0
   638   23    0   91.30  86.96    21      20          23    0 0 0 0
   639   20    0  100.00 100.00    20      20          20    0 0 0 0
   640    8    0  100.00  87.50     8       7           8    0 0 0 0
   641   13    0   92.31  76.92    12      10          13    0 0 0 0
   642   14    0  100.00  92.86    14      13          14    0 0 0 0
   643    4    0  100.00 100.00     4       4           4    0 0 0 0
   644    9    0   77.78  66.67     7       6           9    0 0 0 0
   645    9    0  100.00 100.00     9       9           9    0 0 0 0
   646   12    0   91.67  91.67    11      11          12    0 0 0 0
   647   19    0   94.74  89.47    18      17          19    0 0 0 0
   648   17    0  100.00 100.00    17      17          17    0 0 0 0
   649   11    0  100.00 100.00    11      11          11    0 0 0 0
   650   22    0   95.45  90.91    21      20          22    0 0 0 0
   651    6    0  100.00 100.00     6       6           6    0 0 0 0
   652   21    0   90.48  76.19    19      16          21    0 0 0 0
   653   12    0   91.67  83.33    11      10          12    0 0 0 0
   654   11    0   72.73  72.73     8       8          11    0 0 0 0
   655   10    0   80.00  80.00     8       8          10    0 0 0 0
   656   18    0   83.33  77.78    15      14          18    0 0 0 0
   657    4    0  100.00 100.00     4       4           4    0 0 0 0
   658   22    0   90.91  90.91    20      20          22    0 0 0 0
   659    9    0   88.89  88.89     8       8           9    0 0 0 0
   660   16    0   93.75  93.75    15      15          16    0 0 0 0
   661   11    0   72.73  72.73     8       8          11    0 0 0 0
   662    9    0   88.89  88.89     8       8           9    0 0 0 0
   663   17    0   94.12  94.12    16      16          17    0 0 0 0
   664    8    0   87.50  75.00     7       6           8    0 0 0 0
   665   24    0  100.00 100.00    24      24          24    0 0 0 0
   666    7    0  100.00 100.00     7       7           7    0 0 0 0
   667   12    0   83.33  83.33    10      10          12    0 0 0 0
   668   29    0   89.66  89.66    26      26          29    0 0 0 0
   669   16    0  100.00  93.75    16      15          16    0 0 0 0
   670   18    0   77.78  77.78    14      14          18    0 0 0 0
   671    7    0   85.71  85.71     6       6           7    0 0 0 0
   672   27    0   96.30  96.30    26      26          27    0 0 0 0
   673   14    0  100.00  85.71    14      12          14    0 0 0 0
   674    8    0  100.00 100.00     8       8           8    0 0 0 0
   675   16    0   93.75  93.75    15      15          16    0 0 0 0
   676   12    0   75.00  66.67     9       8          12    0 0 0 0
   677    7    0   85.71  85.71     6       6           7    0 0 0 0
   678    4    0  100.00 100.00     4       4           4    0 0 0 0
   679    8    0  100.00 100.00     8       8           8    0 0 0 0
   680   36    0   91.67  80.56    33      29          36    0 0 0 0
   681   15    0   93.33  93.33    14      14          15    0 0 0 0
   682   10    0  100.00 100.00    10      10          10    0 0 0 0
   683    4    0  100.00 100.00     4       4           4    0 0 0 0
   684   17    0   94.12  88.24    16      15          17    0 0 0 0
   685    8    0  100.00 100.00     8       8           8    0 0 0 0
   686   12    0   83.33  83.33    10      10          12    0 0 0 0
   687   10    0  100.00 100.00    10      10          10    0 0 0 0
   688   24    0   91.67  87.50    22      21          24    0 0 0 0
   689   17    0  100.00  76.47    17      13          17    0 0 0 0
   690   14    0  100.00  92.86    14      13          14    0 0 0 0
   691    9    0  100.00  88.89     9       8           9    0 0 0 0
   692   12    0  100.00  91.67    12      11          12    0 0 0 0
   693   22    0   72.73  68.18    16      15          22    0 0 0 0
   694   27    0   85.19  81.48    23      22          27    0 0 0 0
   695   17    0  100.00 100.00    17      17          17    0 0 0 0
   696    5    0   80.00  60.00     4       3           5    0 0 0 0
   697    4    0  100.00 100.00     4       4           4    0 0 0 0
   698   10    0   90.00  80.00     9       8          10    0 0 0 0
   699   14    0  100.00 100.00    14      14          14    0 0 0 0
   700   25    0   88.00  88.00    22      22          25    0 0 0 0
   701   21    0  100.00  95.24    21      20          21    0 0 0 0
   702    5    0  100.00 100.00     5       5           5    0 0 0 0
   703   25    0   88.00  88.00    22      22          25    0 0 0 0
   704    3    0  100.00 100.00     3       3           3    0 0 0 0
   705   14    0   78.57  78.57    11      11          14    0 0 0 0
   706    2    0  100.00 100.00     2       2           2    0 0 0 0
   707   11    0  100.00 100.00    11      11          11    0 0 0 0
   708   21    0   95.24  85.71    20      18          21    0 0 0 0
   709   15    0   86.67  73.33    13      11          15    0 0 0 0
   710   22    0   95.45  95.45    21      21          22    0 0 0 0
   711    9    0  100.00 100.00     9       9           9    0 0 0 0
   712   28    0   96.43  96.43    27      27          28    0 0 0 0
   713   28    0   96.43  92.86    27      26          28    0 0 0 0
   714    7    0  100.00  85.71     7       6           7    0 0 0 0
   715   21    0   90.48  80.95    19      17          21    0 0 0 0
   716   18    0  100.00 100.00    18      18          18    0 0 0 0
   717   29    0   86.21  82.76    25      24          29    0 0 0 0
   718   21    0   95.24  80.95    20      17          21    0 0 0 0
   719   16    0   93.75  87.50    15      14          16    0 0 0 0
   720   12    0   83.33  66.67    10       8          12    0 0 0 0
   721   12    0   83.33  75.00    10       9          12    0 0 0 0
   722   15    0   93.33  93.33    14      14          15    0 0 0 0
   723    8    0   87.50  75.00     7       6           8    0 0 0 0
   724    2    0  100.00 100.00     2       2           2    0 0 0 0
   725   11    0  100.00 100.00    11      11          11    0 0 0 0
   726   21    0   95.24  90.48    20      19          21    0 0 0 0
   727   22    0   68.18  63.64    15      14          22    0 0 0 0
   728   11    0  100.00 100.00    11      11          11    0 0 0 0
   729   14    0   85.71  85.71    12      12          14    0 0 0 0
   730   27    0   96.30  88.89    26      24          27    0 0 0 0
   731   29    0   75.86  65.52    22      19          29    0 0 0 0
   732   15    0   93.33  93.33    14      14          15    0 0 0 0
   733   19    0   68.42  63.16    13      12          19    0 0 0 0
   734   16    0  100.00  87.50    16      14          16    0 0 0 0
   735   11    0  100.00 100.00    11      11          11    0 0 0 0
   736   21    0  100.00 100.00    21      21          21    0 0 0 0
   737   12    0   91.67  66.67    11       8          12    0 0 0 0
   738   22    0   77.27  68.18    17      15          22    0 0 0 0
   739   19    0   89.47  78.95    17      15          19    0 0 0 0
   740   19    0   89.47  89.47    17      17          19    0 0 0 0
   741   15    0  100.00  86.67    15      13          15    0 0 0 0
   742   26    0   88.46  80.77    23      21          26    0 0 0 0
   743    7    0   85.71  85.71     6       6           7    0 0 0 0
   744   44    0   90.91  86.36    40      38          44    0 0 0 0
   745    9    0  100.00 100.00     9       9           9    0 0 0 0
   746   20    0   90.00  80.00    18      16          20    0 0 0 0
   747   15    0  100.00  93.33    15      14          15    0 0 0 0
   748   27    0   92.59  92.59    25      25          27    0 0 0 0
   749   23    0   91.30  82.61    21      19          23    0 0 0 0
   750   11    0   81.82  72.73     9       8          11    0 0 0 0
   751   19    0   94.74  89.47    18      17          19    0 0 0 0
   752    9    0   77.78  77.78     7       7           9    0 0 0 0
   753   25    0   96.00  92.00    24      23          25    0 0 0 0
   754    7    0  100.00 100.00     7       7           7    0 0 0 0
   755   18    0   72.22  61.11    13      11          18    0 0 0 0
   756   22    0   90.91  90.91    20      20          22    0 0 0 0
   757   31    0   90.32  83.87    28      26          31    0 0 0 0
   758   18    0  100.00 100.00    18      18          18    0 0 0 0
   759    7    0  100.00 100.00     7       7           7    0 0 0 0
   760   16    0   87.50  81.25    14      13          16    0 0 0 0
   761   17    0  100.00 100.00    17      17          17    0 0 0 0
   762   16    0   93.75  93.75    15      15          16    0 0 0 0
   763   15    0   93.33  80.00    14      12          15    0 0 0 0
   764    5    0  100.00 100.00     5       5           5    0 0 0 0
   765   10    0   80.00  80.00     8       8          10    0 0 0 0
   766   21    0  100.00  95.24    21      20          21    0 0 0 0
   767   16    0  100.00  93.75    16      15          16    0 0 0 0
   768    1    0  100.00 100.00     1       1           1    0 0 0 0
   769    9    0  100.00 100.00     9       9           9    0 0 0 0
   770   15    0   93.33  80.00    14      12          15    0 0 0 0
   771   23    0   82.61  73.91    19      17          23    0 0 0 0
   772   19    0   94.74  78.95    18      15          19    0 0 0 0
   773   13    0   84.62  84.62    11      11          13    0 0 0 0
   774   20    0   70.00  70.00    14      14          20    0 0 0 0
   775    6    0  100.00 100.00     6       6           6    0 0 0 0
   776   17    0  100.00 100.00    17      17          17    0 0 0 0
   777   10    0   90.00  90.00     9       9          10    0 0 0 0
   778   19    0  100.00 100.00    19      19          19    0 0 0 0
   779   21    0   90.48  85.71    19      18          21    0 0 0 0
   780    1    0  100.00 100.00     1       1           1    0 0 0 0
   781    9    0  100.00 100.00     9       9           9    0 0 0 0
   782    8    0   87.50  87.50     7       7           8    0 0 0 0
   783    1    0  100.00 100.00     1       1           1    0 0 0 0
   784    8    0  100.00 100.00     8       8           8    0 0 0 0
   785    2    0  100.00 100.00     2       2           2    0 0 0 0
   786   36    0   77.78  75.00    28      27          36    0 0 0 0
   787   23    0   95.65  91.30    22      21          23    0 0 0 0
   788    7    0  100.00 100.00     7       7           7    0 0 0 0
   789   39    0   87.18  79.49    34      31          39    0 0 0 0
   790   18    0   72.22  61.11    13      11          18    0 0 0 0
   791   25    0   88.00  84.00    22      21          25    0 0 0 0
   792   18    0   94.44  94.44    17      17          18    0 0 0 0
   793   22    0   95.45  95.45    21      21          22    0 0 0 0
   794   37    0   91.89  83.78    34      31          37    0 0 0 0
   795   22    0   95.45  95.45    21      21          22    0 0 0 0
   796   31    0   83.87  80.65    26      25          31    0 0 0 0
   797    1    0  100.00 100.00     1       1           1    0 0 0 0
   798   27    0   88.89  81.48    24      22          27    0 0 0 0
   799   18    0   88.89  77.78    16      14          18    0 0 0 0
   800   19    0  100.00 100.00    19      19          19    0 0 0 0
   801   21    0   95.24  85.71    20      18          21    0 0 0 0
   802   13    0  100.00 100.00    13      13          13    0 0 0 0
   803   15    0   86.67  80.00    13      12          15    0 0 0 0
   804   10    0   90.00  90.00     9       9          10    0 0 0 0
   805   14    0   92.86  78.57    13      11          14    0 0 0 0
   806   24    0   83.33  83.33    20      20          24    0 0 0 0
   807   13    0   92.31  92.31    12      12          13    0 0 0 0
   808    7    0   71.43  71.43     5       5           7    0 0 0 0
   809   12    0  100.00 100.00    12      12          12    0 0 0 0
   810   13    0   69.23  61.54     9       8          13    0 0 0 0
   811   10    0   80.00  80.00     8       8          10    0 0 0 0
   812   15    0  100.00 100.00    15      15          15    0 0 0 0
   813    1    0  100.00 100.00     1       1           1    0 0 0 0
   814    9    0  100.00 100.00     9       9           9    0 0 0 0
   815   35    0   88.57  88.57    31      31          35    0 0 0 0
   816   20    0  100.00  90.00    20      18          20    0 0 0 0
   817   26    0   84.62  80.77    22      21          26    0 0 0 0
   818   21    0   90.48  80.95    19      17          21    0 0 0 0
   819   24    0   87.50  87.50    21      21          24    0 0 0 0
   820    4    0  100.00  75.00     4       3           4    0 0 0 0
   821   10    0  100.00  90.00    10       9          10    0 0 0 0
   822   24    0   87.50  87.50    21      21          24    0 0 0 0
   823    7    0  100.00 100.00     7       7           7    0 0 0 0
   824   16    0   93.75  93.75    15      15          16    0 0 0 0
   825   14    0  100.00  85.71    14      12          14    0 0 0 0
   826   13    0   84.62  84.62    11      11          13    0 0 0 0
   827    4    0  100.00 100.00     4       4           4    0 0 0 0
   828    1    0  100.00 100.00     1       1           1    0 0 0 0
   829    9    0   77.78  77.78     7       7           9    0 0 0 0
   830   14    0   85.71  78.57    12      11          14    0 0 0 0
   831   22    0   81.82  72.73    18      16          22    0 0 0 0
   832   12    0   91.67  83.33    11      10          12    0 0 0 0
   833   11    0  100.00 100.00    11      11          11    0 0 0 0
   834   20    0   95.00  95.00    19      19          20    0 0 0 0
   835   30    0   73.33  63.33    22      19          30    0 0 0 0
   836   14    0  100.00 100.00    14      14          14    0 0 0 0
   837   14    0   78.57  78.57    11      11          14    0 0 0 0
   838    7    0  100.00 100.00     7       7           7    0 0 0 0
   839    8    0   87.50  87.50     7       7           8    0 0 0 0
   840   21    0   80.95  76.19    17      16          21    0 0 0 0
   841   24    0  100.00  91.67    24      22          24    0 0 0 0
   842   18    0  100.00  94.44    18      17          18    0 0 0 0
   843   26    0   84.62  73.08    22      19          26    0 0 0 0
   844   17    0   88.24  88.24    15      15          17    0 0 0 0
   845   14    0   92.86  92.86    13      13          14    0 0 0 0
   846   19    0   78.95  78.95    15      15          19    0 0 0 0
   847    1    0  100.00 100.00     1       1           1    0 0 0 0
   848   27    0   96.30  96.30    26      26          27    0 0 0 0
   849   25    0   88.00  84.00    22      21          25    0 0 0 0
   850   25    0   88.00  88.00    22      22          25    0 0 0 0
   851   15    0   93.33  93.33    14      14          15    0 0 0 0
   852   18    0  100.00 100.00    18      18          18    0 0 0 0
   853    8    0  100.00 100.00     8       8           8    0 0 0 0
   854   14    0  100.00  92.86    14      13          14    0 0 0 0
   855   14    0   85.71  78.57    12      11          14    0 0 0 0
   856    7    0  100.00 100.00     7       7           7    0 0 0 0
   857    4    0  100.00 100.00     4       4           4    0 0 0 0
   858   20    0  100.00 100.00    20      20          20    0 0 0 0
   859   15    0   80.00  66.67    12      10          15    0 0 0 0
   860   18    0   88.89  88.89    16      16          18    0 0 0 0
   861   12    0   91.67  91.67    11      11          12    0 0 0 0
   862   11    0   90.91  90.91    10      10          11    0 0 0 0
   863    9    0  100.00  88.89     9       8           9    0 0 0 0
   864   11    0  100.00 100.00    11      11          11    0 0 0 0
   865    9    0  100.00 100.00     9       9           9    0 0 0 0
   866   11    0   63.64  63.64     7       7          11    0 0 0 0
   867    1    0  100.00 100.00     1       1           1    0 0 0 0
   868    4    0   75.00  75.00     3       3           4    0 0 0 0
   869   28    0   89.29  89.29    25      25          28    0 0 0 0
   870    3    0  100.00 100.00     3       3           3    0 0 0 0
   871   22    0   95.45  90.91    21      20          22    0 0 0 0
   872   10    0   90.00  90.00     9       9          10    0 0 0 0
   873   14    0   92.86  85.71    13      12          14    0 0 0 0
   874   18    0   94.44  88.89    17      16          18    0 0 0 0
   875    5    0  100.00  80.00     5       4           5    0 0 0 0
   876   14    0   85.71  78.57    12      11          14    0 0 0 0
   877   15    0   80.00  80.00    12      12          15    0 0 0 0
   878    4    0  100.00 100.00     4       4           4    0 0 0 0
   879   11    0  100.00 100.00    11      11          11    0 0 0 0
   880   27    0   85.19  77.78    23      21          27    0 0 0 0
   881   16    0   93.75  93.75    15      15          16    0 0 0 0
   882    8    0  100.00  87.50     8       7           8    0 0 0 0
   883    4    0  100.00 100.00     4       4           4    0 0 0 0
   884   15    0  100.00  93.33    15      14          15    0 0 0 0
   885   22    0   86.36  81.82    19      18          22    0 0 0 0
   886    4    0  100.00 100.00     4       4           4    0 0 0 0
   887   11    0   90.91  90.91    10      10          11    0 0 0 0
   888   17    0  100.00  88.24    17      15          17    0 0 0 0
   889   23    0   82.61  82.61    19      19          23    0 0 0 0
   890   13    0   92.31  92.31    12      12          13    0 0 0 0
   891    6    0  100.00 100.00     6       6           6    0 0 0 0
   892   15    0   93.33  86.67    14      13          15    0 0 0 0
   893   21    0  100.00  95.24    21      20          21    0 0 0 0
   894   22    0  100.00 100.00    22      22          22    0 0 0 0
   895   11    0   72.73  72.73     8       8          11    0 0 0 0
   896   12    0   91.67  91.67    11      11          12    0 0 0 0
   897    9    0  100.00 100.00     9       9           9    0 0 0 0
   898    9    0  100.00 100.00     9       9           9    0 0 0 0
   899   87    0   79.31  78.16    69      68          87    0 0 0 0
   900   22    0   90.91  81.82    20      18          22    0 0 0 0
   901    7    0   71.43  71.43     5       5           7    0 0 0 0
   902   11    0  100.00  90.91    11      10          11    0 0 0 0
   903   25    0   76.00  76.00    19      19          25    0 0 0 0
   904   10    0  100.00  90.00    10       9          10    0 0 0 0
   905   22    0   86.36  81.82    19      18          22    0 0 0 0
   906    8    0  100.00  87.50     8       7           8    0 0 0 0
   907    6    0  100.00 100.00     6       6           6    0 0 0 0
   908    8    0  100.00  87.50     8       7           8    0 0 0 0
   909    9    0  100.00 100.00     9       9           9    0 0 0 0
   910   38    0   89.47  81.58    34      31          38    0 0 0 0
   911   46    0   76.09  65.22    35      30          46    0 0 0 0
   912   41    0   90.24  87.80    37      36          41    0 0 0 0
   913   40    0   77.50  65.00    31      26          40    0 0 0 0
   914   13    0   84.62  76.92    11      10          13    0 0 0 0
   915   15    0   73.33  73.33    11      11          15    0 0 0 0
   916   11    0   81.82  72.73     9       8          11    0 0 0 0
   917   38    0   71.05  63.16    27      24          38    0 0 0 0
   918   12    0  100.00 100.00    12      12          12    0 0 0 0
   919   20    0   90.00  70.00    18      14          20    0 0 0 0
   920   12    0  100.00 100.00    12      12          12    0 0 0 0
   921   20    0   70.00  65.00    14      13          20    0 0 0 0
   922   16    0   87.50  75.00    14      12          16    0 0 0 0
   923    3    0   66.67  66.67     2       2           3    0 0 0 0
   924    2    0  100.00 100.00     2       2           2    0 0 0 0
   925    5    0  100.00 100.00     5       5           5    0 0 0 0
   926    2    0  100.00 100.00     2       2           2    0 0 0 0
   927    6    0  100.00 100.00     6       6           6    0 0 0 0
   928    5    0   80.00  80.00     4       4           5    0 0 0 0
   929    7    0  100.00  85.71     7       6           7    0 0 0 0
   930    1    0  100.00 100.00     1       1           1    0 0 0 0
   931   14    0  100.00 100.00    14      14          14    0 0 0 0
   932    4    0  100.00  50.00     4       2           4    0 0 0 0
   933    2    0  100.00 100.00     2       2           2    0 0 0 0
   934   20    0   95.00  90.00    19      18          20    0 0 0 0
   935   15    0   80.00  80.00    12      12          15    0 0 0 0
   936   30    0   90.00  80.00    27      24          30    0 0 0 0
   937   11    0  100.00  90.91    11      10          11    0 0 0 0
   938   33    0   69.70  60.61    23      20          33    0 0 0 0
   939   37    0   86.49  83.78    32      31          37    0 0 0 0
   940   21    0   85.71  76.19    18      16          21    0 0 0 0
   941   22    0   77.27  77.27    17      17          22    0 0 0 0
   942   17    0   88.24  88.24    15      15          17    0 0 0 0
   943   18    0   94.44  88.89    17      16          18    0 0 0 0
   944    1    0  100.00 100.00     1       1           1    0 0 0 0
   945    4    0  100.00 100.00     4       4           4    0 0 0 0
   946   25    0   96.00  96.00    24      24          25    0 0 0 0
   947   22    0   95.45  81.82    21      18          22    0 0 0 0
   948   13    0   69.23  69.23     9       9          13    0 0 0 0
   949   21    0   95.24  90.48    20      19          21    0 0 0 0
   950   20    0   80.00  80.00    16      16          20    0 0 0 0
   951   11    0   54.55  45.45     6       5          11    0 0 0 0
   952   24    0   95.83  95.83    23      23          24    0 0 0 0
   953    9    0   88.89  88.89     8       8           9    0 0 0 0
   954   19    0   94.74  84.21    18      16          19    0 0 0 0
   955    1    0  100.00 100.00     1       1           1    0 0 0 0
   956    6    0   66.67  66.67     4       4           6    0 0 0 0
   957   23    0   91.30  82.61    21      19          23    0 0 0 0
   958   36    0   77.78  75.00    28      27          36    0 0 0 0
   959   25    0  100.00  80.00    25      20          25    0 0 0 0
   960   19    0   84.21  84.21    16      16          19    0 0 0 0
   961    6    0  100.00 100.00     6       6           6    0 0 0 0
   962   25    0   92.00  84.00    23      21          25    0 0 0 0
   963   14    0  100.00  92.86    14      13          14    0 0 0 0
   964   20    0   95.00  95.00    19      19          20    0 0 0 0
   965   34    0   85.29  82.35    29      28          34    0 0 0 0
   966   18    0  100.00  88.89    18      16          18    0 0 0 0
   967   19    0   63.16  57.89    12      11          19    0 0 0 0
   968   31    0   67.74  54.84    21      17          31    0 0 0 0
   969    5    0  100.00 100.00     5       5           5    0 0 0 0
   970    8    0   62.50  50.00     5       4           8    0 0 0 0
   971    5    0  100.00 100.00     5       5           5    0 0 0 0
   972    2    0  100.00 100.00     2       2           2    0 0 0 0
   973   22    0   90.91  77.27    20      17          22    0 0 0 0
   974   10    0   90.00  80.00     9       8          10    0 0 0 0
   975    8    0   87.50  87.50     7       7           8    0 0 0 0
   976    8    0  100.00 100.00     8       8           8    0 0 0 0
   977   13    0  100.00 100.00    13      13          13    0 0 0 0
   978    7    0  100.00  85.71     7       6           7    0 0 0 0
   979   24    0   95.83  87.50    23      21          24    0 0 0 0
   980   17    0  100.00 100.00    17      17          17    0 0 0 0
   981   20    0   90.00  85.00    18      17          20    0 0 0 0
   982   13    0  100.00 100.00    13      13          13    0 0 0 0
   983    8    0   87.50  87.50     7       7           8    0 0 0 0
   984   14    0   92.86  92.86    13      13          14    0 0 0 0
   985    5    0  100.00 100.00     5       5           5    0 0 0 0
   986   18    0  100.00  94.44    18      17          18    0 0 0 0
   987   18    0   72.22  66.67    13      12          18    0 0 0 0
   988   19    0   73.68  63.16    14      12          19    0 0 0 0
   989    9    0  100.00  88.89     9       8           9    0 0 0 0
   990   16    0   93.75  87.50    15      14          16    0 0 0 0
   991    9    0   88.89  88.89     8       8           9    0 0 0 0
   992   17    0   88.24  88.24    15      15          17    0 0 0 0
   993   10    0   90.00  90.00     9       9          10    0 0 0 0
   994    8    0  100.00  87.50     8       7           8    0 0 0 0
   995    1    0  100.00 100.00     1       1           1    0 0 0 0
   996    1    0  100.00 100.00     1       1           1    0 0 0 0
   997    4    0  100.00 100.00     4       4           4    0 0 0 0
   998   34    0   70.59  64.71    24      22          34    0 0 0 0
   999   17    0   47.06  47.06     8       8          17    0 0 0 0
  1000   36    0   75.00  72.22    27      26          36    0 0 0 0
  1001   24    0   91.67  87.50    22      21          24    0 0 0 0
  1002   12    0  100.00  91.67    12      11          12    0 0 0 0
  1003   21    0  100.00  95.24    21      20          21    0 0 0 0
  1004    8    0  100.00 100.00     8       8           8    0 0 0 0
  1005    4    0  100.00  50.00     4       2           4    0 0 0 0
  1006    9    0  100.00 100.00     9       9           9    0 0 0 0
  1007    4    0  100.00 100.00     4       4           4    0 0 0 0
  1008   18    0  100.00  94.44    18      17          18    0 0 0 0
  1009   17    0   58.82  52.94    10       9          17    0 0 0 0
  1010   17    0  100.00  88.24    17      15          17    0 0 0 0
  1011    7    0  100.00 100.00     7       7           7    0 0 0 0
  1012   10    0   70.00  60.00     7       6          10    0 0 0 0
  1013    6    0  100.00  83.33     6       5           6    0 0 0 0
  1014   14    0   78.57  78.57    11      11          14    0 0 0 0
  1015   13    0   92.31  76.92    12      10          13    0 0 0 0
  1016   28    0   92.86  78.57    26      22          28    0 0 0 0
  1017   13    0   92.31  92.31    12      12          13    0 0 0 0
  1018   28    0   78.57  75.00    22      21          28    0 0 0 0
  1019   11    0  100.00  90.91    11      10          11    0 0 0 0
  1020   10    0   90.00  80.00     9       8          10    0 0 0 0
  1021   10    0  100.00  90.00    10       9          10    0 0 0 0
  1022    5    0  100.00 100.00     5       5           5    0 0 0 0
  1023   10    0   70.00  70.00     7       7          10    0 0 0 0
  1024   34    0   85.29  82.35    29      28          34    0 0 0 0
  1025   17    0   88.24  70.59    15      12          17    0 0 0 0
  1026   21    0   80.95  80.95    17      17          21    0 0 0 0
  1027   32    0   78.12  78.12    25      25          32    0 0 0 0
  1028    5    0  100.00  80.00     5       4           5    0 0 0 0
  1029   13    0   92.31  92.31    12      12          13    0 0 0 0
  1030   17    0   94.12  88.24    16      15          17    0 0 0 0
  1031   16    0   87.50  87.50    14      14          16    0 0 0 0
  1032   12    0  100.00  91.67    12      11          12    0 0 0 0
  1033    5    0  100.00 100.00     5       5           5    0 0 0 0
  1034    8    0  100.00  87.50     8       7           8    0 0 0 0
  1035   14    0   92.86  78.57    13      11          14    0 0 0 0
  1036   12    0   91.67  91.67    11      11          12    0 0 0 0
  1037   12    0   91.67  91.67    11      11          12    0 0 0 0
  1038   10    0   80.00  80.00     8       8          10    0 0 0 0
  1039   18    0   77.78  72.22    14      13          18    0 0 0 0
  1040    8    0  100.00  87.50     8       7           8    0 0 0 0
  1041    5    0  100.00 100.00     5       5           5    0 0 0 0
  1042    8    0   87.50  87.50     7       7           8    0 0 0 0
  1043   26    0   96.15  88.46    25      23          26    0 0 0 0
  1044   20    0   85.00  80.00    17      16          20    0 0 0 0
  1045   13    0   84.62  84.62    11      11          13    0 0 0 0
  1046   13    0  100.00  92.31    13      12          13    0 0 0 0
  1047   14    0   92.86  92.86    13      13          14    0 0 0 0
  1048   15    0   86.67  80.00    13      12          15    0 0 0 0
  1049    5    0  100.00 100.00     5       5           5    0 0 0 0
  1050   37    0   83.78  81.08    31      30          37    0 0 0 0
  1051   41    0   73.17  70.73    30      29          41    0 0 0 0
  1052   21    0   90.48  80.95    19      17          21    0 0 0 0
  1053   10    0   80.00  80.00     8       8          10    0 0 0 0
  1054   24    0   95.83  95.83    23      23          24    0 0 0 0
  1055   31    0   74.19  70.97    23      22          31    0 0 0 0
  1056   21    0   71.43  66.67    15      14          21    0 0 0 0
  1057   21    0   80.95  80.95    17      17          21    0 0 0 0
  1058   20    0  100.00 100.00    20      20          20    0 0 0 0
  1059   35    0   94.29  91.43    33      32          35    0 0 0 0
  1060    6    0  100.00 100.00     6       6           6    0 0 0 0
  1061    8    0  100.00 100.00     8       8           8    0 0 0 0
  1062   16    0  100.00 100.00    16      16          16    0 0 0 0
  1063    3    0  100.00 100.00     3       3           3    0 0 0 0
  1064    9    0   77.78  77.78     7       7           9    0 0 0 0
  1065    5    0  100.00  80.00     5       4           5    0 0 0 0
  1066   30    0   66.67  66.67    20      20          30    0 0 0 0
  1067   21    0   90.48  85.71    19      18          21    0 0 0 0
  1068   20    0   90.00  90.00    18      18          20    0 0 0 0
  1069   13    0   92.31  84.62    12      11          13    0 0 0 0
  1070   17    0  100.00  94.12    17      16          17    0 0 0 0
  1071   10    0   90.00  90.00     9       9          10    0 0 0 0
  1072   12    0   91.67  75.00    11       9          12    0 0 0 0
  1073   22    0   90.91  86.36    20      19          22    0 0 0 0
  1074   26    0   65.38  65.38    17      17          26    0 0 0 0
  1075   13    0   92.31  84.62    12      11          13    0 0 0 0
  1076   11    0   81.82  81.82     9       9          11    0 0 0 0
  1077   19    0   73.68  73.68    14      14          19    0 0 0 0
  1078   15    0   80.00  80.00    12      12          15    0 0 0 0
  1079   14    0   50.00  50.00     7       7          14    0 0 0 0
  1080    4    0  100.00 100.00     4       4           4    0 0 0 0
  1081   12    0   83.33  83.33    10      10          12    0 0 0 0
  1082   20    0   80.00  70.00    16      14          20    0 0 0 0
  1083   23    0   95.65  95.65    22      22          23    0 0 0 0
  1084   19    0   68.42  63.16    13      12          19    0 0 0 0
  1085    9    0   88.89  77.78     8       7           9    0 0 0 0
  1086   16    0   93.75  93.75    15      15          16    0 0 0 0
  1087   34    0   82.35  79.41    28      27          34    0 0 0 0
  1088   40    0   80.00  77.50    32      31          40    0 0 0 0
  1089   11    0   90.91  90.91    10      10          11    0 0 0 0
  1090   24    0   95.83  87.50    23      21          24    0 0 0 0
  1091   11    0   90.91  90.91    10      10          11    0 0 0 0
  1092   21    0   95.24  85.71    20      18          21    0 0 0 0
  1093    8    0   87.50  87.50     7       7           8    0 0 0 0
  1094   17    0   82.35  82.35    14      14          17    0 0 0 0
  1095    6    0  100.00  83.33     6       5           6    0 0 0 0
  1096   17    0  100.00  88.24    17      15          17    0 0 0 0
  1097   45    0   64.44  57.78    29      26          45    0 0 0 0
  1098   13    0   92.31  92.31    12      12          13    0 0 0 0
  1099   25    0   84.00  80.00    21      20          25    0 0 0 0
  1100   13    0  100.00 100.00    13      13          13    0 0 0 0
  1101   26    0   84.62  84.62    22      22          26    0 0 0 0
  1102   14    0   78.57  64.29    11       9          14    0 0 0 0
  1103   10    0   90.00  90.00     9       9          10    0 0 0 0
  1104   26    0  100.00  96.15    26      25          26    0 0 0 0
  1105   29    0   79.31  72.41    23      21          29    0 0 0 0
  1106   11    0  100.00  90.91    11      10          11    0 0 0 0
  1107   11    0  100.00 100.00    11      11          11    0 0 0 0
  1108    6    0  100.00  83.33     6       5           6    0 0 0 0
  1109   19    0   84.21  84.21    16      16          19    0 0 0 0
  1110    9    0   77.78  66.67     7       6           9    0 0 0 0
  1111   19    0   78.95  68.42    15      13          19    0 0 0 0
  1112   16    0   81.25  81.25    13      13          16    0 0 0 0
  1113   25    0   88.00  88.00    22      22          25    0 0 0 0
  1114   20    0   95.00  90.00    19      18          20    0 0 0 0
  1115   16    0  100.00  93.75    16      15          16    0 0 0 0
  1116   18    0   72.22  66.67    13      12          18    0 0 0 0
  1117   20    0   95.00  95.00    19      19          20    0 0 0 0
  1118   30    0   90.00  90.00    27      27          30    0 0 0 0
  1119    8    0  100.00 100.00     8       8           8    0 0 0 0
  1120   16    0  100.00  93.75    16      15          16    0 0 0 0
  1121    9    0  100.00 100.00     9       9           9    0 0 0 0
  1122   18    0   83.33  83.33    15      15          18    0 0 0 0
  1123    8    0   62.50  62.50     5       5           8    0 0 0 0
  1124   19    0   94.74  89.47    18      17          19    0 0 0 0
  1125   14    0   92.86  92.86    13      13          14    0 0 0 0
  1126   20    0   90.00  90.00    18      18          20    0 0 0 0
  1127   20    0   90.00  90.00    18      18          20    0 0 0 0
  1128   17    0   94.12  88.24    16      15          17    0 0 0 0
  1129    6    0   83.33  83.33     5       5           6    0 0 0 0
  1130   33    0   78.79  72.73    26      24          33    0 0 0 0
  1131   20    0   95.00  95.00    19      19          20    0 0 0 0
  1132    2    0  100.00 100.00     2       2           2    0 0 0 0
  1133    6    0  100.00  83.33     6       5           6    0 0 0 0
  1134    5    0  100.00  80.00     5       4           5    0 0 0 0
  1135   12    0   91.67  83.33    11      10          12    0 0 0 0
  1136   17    0   88.24  88.24    15      15          17    0 0 0 0
  1137    5    0  100.00 100.00     5       5           5    0 0 0 0
  1138   17    0   94.12  88.24    16      15          17    0 0 0 0
  1139   10    0  100.00 100.00    10      10          10    0 0 0 0
  1140    5    0  100.00 100.00     5       5           5    0 0 0 0
  1141   13    0   84.62  69.23    11       9          13    0 0 0 0
  1142   11    0  100.00 100.00    11      11          11    0 0 0 0
  1143   11    0  100.00  90.91    11      10          11    0 0 0 0
  1144    6    0  100.00  83.33     6       5           6    0 0 0 0
  1145    8    0  100.00  87.50     8       7           8    0 0 0 0
  1146   19    0  100.00  89.47    19      17          19    0 0 0 0
  1147   16    0   81.25  81.25    13      13          16    0 0 0 0
  1148   12    0   91.67  83.33    11      10          12    0 0 0 0
  1149   15    0   73.33  73.33    11      11          15    0 0 0 0
  1150   17    0   94.12  94.12    16      16          17    0 0 0 0
  1151   11    0  100.00 100.00    11      11          11    0 0 0 0
  1152    7    0   71.43  71.43     5       5           7    0 0 0 0
  1153   22    0   95.45  90.91    21      20          22    0 0 0 0
  1154   15    0   93.33  93.33    14      14          15    0 0 0 0
  1155    9    0  100.00  88.89     9       8           9    0 0 0 0
  1156   18    0   94.44  94.44    17      17          18    0 0 0 0
  1157   11    0  100.00  90.91    11      10          11    0 0 0 0
  1158   15    0   93.33  86.67    14      13          15    0 0 0 0
  1159    8    0  100.00  87.50     8       7           8    0 0 0 0
  1160    8    0  100.00 100.00     8       8           8    0 0 0 0
  1161   17    0  100.00  94.12    17      16          17    0 0 0 0
  1162   12    0   66.67  66.67     8       8          12    0 0 0 0
  1163    8    0   75.00  75.00     6       6           8    0 0 0 0
  1164   25    0   96.00  76.00    24      19          25    0 0 0 0
  1165   10    0  100.00  90.00    10       9          10    0 0 0 0
  1166    6    0  100.00  83.33     6       5           6    0 0 0 0
  1167   10    0  100.00  80.00    10       8          10    0 0 0 0
  1168   15    0   46.67  40.00     7       6          15    0 0 0 0
  1169    6    0  100.00 100.00     6       6           6    0 0 0 0
  1170   17    0   88.24  82.35    15      14          17    0 0 0 0
  1171   12    0  100.00  91.67    12      11          12    0 0 0 0
  1172   11    0   81.82  81.82     9       9          11    0 0 0 0
  1173   13    0   84.62  84.62    11      11          13    0 0 0 0
  1174    7    0  100.00  85.71     7       6           7    0 0 0 0
  1175    7    0  100.00  85.71     7       6           7    0 0 0 0
  1176    5    0   80.00  60.00     4       3           5    0 0 0 0
  1177   22    0   90.91  90.91    20      20          22    0 0 0 0
  1178   17    0   88.24  76.47    15      13          17    0 0 0 0
  1179   38    0   89.47  89.47    34      34          38    0 0 0 0
  1180   14    0   85.71  78.57    12      11          14    0 0 0 0
  1181   12    0  100.00 100.00    12      12          12    0 0 0 0
  1182   32    0   78.12  78.12    25      25          32    0 0 0 0
  1183    9    0  100.00  88.89     9       8           9    0 0 0 0
  1184   20    0   90.00  90.00    18      18          20    0 0 0 0
  1185   23    0   95.65  91.30    22      21          23    0 0 0 0
  1186   37    0   86.49  83.78    32      31          37    0 0 0 0
  1187   18    0   83.33  77.78    15      14          18    0 0 0 0
  1188   13    0   92.31  84.62    12      11          13    0 0 0 0
  1189    7    0   85.71  85.71     6       6           7    0 0 0 0
  1190   15    0   86.67  73.33    13      11          15    0 0 0 0
  1191   13    0   92.31  84.62    12      11          13    0 0 0 0
  1192   10    0   80.00  80.00     8       8          10    0 0 0 0
  1193   26    0   92.31  88.46    24      23          26    0 0 0 0
  1194   35    0   68.57  65.71    24      23          35    0 0 0 0
  1195   28    0   75.00  75.00    21      21          28    0 0 0 0
  1196   16    0   93.75  93.75    15      15          16    0 0 0 0
  1197    8    0   87.50  75.00     7       6           8    0 0 0 0
  1198   34    0   94.12  91.18    32      31          34    0 0 0 0
  1199   31    0   96.77  87.10    30      27          31    0 0 0 0
  1200   24    0   87.50  83.33    21      20          24    0 0 0 0
  1201   15    0   73.33  73.33    11      11          15    0 0 0 0
  1202   32    0   81.25  81.25    26      26          32    0 0 0 0
  1203   18    0   88.89  83.33    16      15          18    0 0 0 0
  1204   38    0   89.47  84.21    34      32          38    0 0 0 0
  1205   21    0   95.24  85.71    20      18          21    0 0 0 0
  1206    9    0   77.78  55.56     7       5           9    0 0 0 0
  1207   26    0   69.23  61.54    18      16          26    0 0 0 0
  1208   26    0   88.46  88.46    23      23          26    0 0 0 0
  1209   22    0   95.45  90.91    21      20          22    0 0 0 0
  1210   36    0   83.33  83.33    30      30          36    0 0 0 0
  1211   41    0   82.93  78.05    34      32          41    0 0 0 0
  1212   25    0   76.00  72.00    19      18          25    0 0 0 0
  1213   32    0   75.00  75.00    24      24          32    0 0 0 0
  1214   21    0   76.19  66.67    16      14          21    0 0 0 0
  1215   18    0   88.89  88.89    16      16          18    0 0 0 0
  1216   24    0   91.67  83.33    22      20          24    0 0 0 0
  1217   11    0   81.82  72.73     9       8          11    0 0 0 0
  1218    5    0  100.00  80.00     5       4           5    0 0 0 0
  1219   12    0   91.67  91.67    11      11          12    0 0 0 0
  1220   19    0   89.47  89.47    17      17          19    0 0 0 0
  1221   17    0   88.24  76.47    15      13          17    0 0 0 0
  1222   18    0   83.33  83.33    15      15          18    0 0 0 0
  1223   15    0   93.33  80.00    14      12          15    0 0 0 0
  1224   11    0   90.91  90.91    10      10          11    0 0 0 0
  1225   15    0  100.00  93.33    15      14          15    0 0 0 0
  1226   22    0   95.45  90.91    21      20          22    0 0 0 0
  1227   29    0   86.21  86.21    25      25          29    0 0 0 0
  1228   35    0   85.71  74.29    30      26          35    0 0 0 0
  1229   46    0   82.61  76.09    38      35          46    0 0 0 0
  1230   16    0   75.00  75.00    12      12          16    0 0 0 0
  1231   15    0   93.33  80.00    14      12          15    0 0 0 0
  1232   33    0   69.70  60.61    23      20          33    0 0 0 0
  1233   10    0   80.00  80.00     8       8          10    0 0 0 0
  1234   31    0   77.42  70.97    24      22          31    0 0 0 0
  1235   33    0   90.91  90.91    30      30          33    0 0 0 0
  1236   16    0   75.00  62.50    12      10          16    0 0 0 0
  1237   41    0   75.61  75.61    31      31          41    0 0 0 0
  1238    9    0   88.89  88.89     8       8           9    0 0 0 0
  1239   21    0   95.24  85.71    20      18          21    0 0 0 0
  1240   22    0   86.36  81.82    19      18          22    0 0 0 0
  1241   20    0   80.00  80.00    16      16          20    0 0 0 0
  1242   14    0   85.71  71.43    12      10          14    0 0 0 0
  1243   12    0   91.67  91.67    11      11          12    0 0 0 0
  1244   11    0   63.64  63.64     7       7          11    0 0 0 0
  1245   24    0  100.00  95.83    24      23          24    0 0 0 0
  1246   20    0  100.00  90.00    20      18          20    0 0 0 0
  1247   29    0   82.76  75.86    24      22          29    0 0 0 0
  1248   19    0   84.21  78.95    16      15          19    0 0 0 0
  1249   30    0   63.33  60.00    19      18          30    0 0 0 0
  1250   16    0   87.50  75.00    14      12          16    0 0 0 0
  1251   11    0  100.00 100.00    11      11          11    0 0 0 0
  1252   19    0   47.37  42.11     9       8          19    0 0 0 0
  1253    8    0  100.00 100.00     8       8           8    0 0 0 0
  1254   17    0   94.12  94.12    16      16          17    0 0 0 0
  1255   30    0   93.33  83.33    28      25          30    0 0 0 0
  1256   16    0   93.75  81.25    15      13          16    0 0 0 0
  1257   34    0   61.76  61.76    21      21          34    0 0 0 0
  1258   23    0   65.22  60.87    15      14          23    0 0 0 0
  1259    6    0   83.33  83.33     5       5           6    0 0 0 0
  1260   18    0  100.00 100.00    18      18          18    0 0 0 0
  1261   31    0   80.65  80.65    25      25          31    0 0 0 0
  1262   30    0   60.00  56.67    18      17          30    0 0 0 0
  1263   29    0   82.76  79.31    24      23          29    0 0 0 0
  1264   13    0  100.00 100.00    13      13          13    0 0 0 0
  1265   23    0   86.96  82.61    20      19          23    0 0 0 0
  1266   16    0   87.50  75.00    14      12          16    0 0 0 0
  1267   20    0  100.00  85.00    20      17          20    0 0 0 0
  1268   17    0  100.00  88.24    17      15          17    0 0 0 0
  1269    9    0   55.56  55.56     5       5           9    0 0 0 0
  1270   20    0   80.00  75.00    16      15          20    0 0 0 0
  1271    8    0  100.00  75.00     8       6           8    0 0 0 0
  1272    6    0  100.00 100.00     6       6           6    0 0 0 0
  1273    8    0  100.00  87.50     8       7           8    0 0 0 0
  1274   35    0   80.00  74.29    28      26          35    0 0 0 0
  1275   21    0   80.95  71.43    17      15          21    0 0 0 0
  1276   26    0   76.92  65.38    20      17          26    0 0 0 0
  1277   15    0   86.67  80.00    13      12          15    0 0 0 0
  1278    6    0  100.00 100.00     6       6           6    0 0 0 0
  1279   12    0  100.00 100.00    12      12          12    0 0 0 0
  1280   18    0   88.89  77.78    16      14          18    0 0 0 0
  1281   23    0   95.65  91.30    22      21          23    0 0 0 0
  1282   11    0  100.00 100.00    11      11          11    0 0 0 0
  1283   20    0   75.00  55.00    15      11          20    0 0 0 0
  1284    4    0  100.00 100.00     4       4           4    0 0 0 0
  1285   37    0   78.38  67.57    29      25          37    0 0 0 0
  1286   19    0   84.21  73.68    16      14          19    0 0 0 0
  1287   13    0   92.31  84.62    12      11          13    0 0 0 0
  1288   21    0   80.95  61.90    17      13          21    0 0 0 0
  1289   27    0   88.89  85.19    24      23          27    0 0 0 0
  1290    7    0  100.00  85.71     7       6           7    0 0 0 0
  1291    7    0  100.00  85.71     7       6           7    0 0 0 0
  1292   20    0   75.00  55.00    15      11          20    0 0 0 0
  1293   10    0   70.00  70.00     7       7          10    0 0 0 0
  1294   12    0   83.33  66.67    10       8          12    0 0 0 0
  1295    8    0  100.00  75.00     8       6           8    0 0 0 0
  1296    7    0  100.00 100.00     7       7           7    0 0 0 0
  1297    4    0  100.00 100.00     4       4           4    0 0 0 0
  1298   23    0   65.22  56.52    15      13          23    0 0 0 0
  1299   15    0   53.33  46.67     8       7          15    0 0 0 0
  1300    5    0  100.00 100.00     5       5           5    0 0 0 0
  1301   13    0   69.23  53.85     9       7          13    0 0 0 0
  1302   27    0   66.67  62.96    18      17          27    0 0 0 0
  1303    4    0  100.00 100.00     4       4           4    0 0 0 0
  1304   28    0   89.29  78.57    25      22          28    0 0 0 0
  1305   24    0   83.33  83.33    20      20          24    0 0 0 0
  1306   12    0   75.00  66.67     9       8          12    0 0 0 0
  1307   14    0   78.57  64.29    11       9          14    0 0 0 0
  1308   15    0   60.00  60.00     9       9          15    0 0 0 0
  1309    8    0   87.50  75.00     7       6           8    0 0 0 0
  1310   17    0   76.47  76.47    13      13          17    0 0 0 0
  1311    6    0  100.00  83.33     6       5           6    0 0 0 0
  1312    4    0  100.00 100.00     4       4           4    0 0 0 0
  1313    6    0  100.00  83.33     6       5           6    0 0 0 0
  1314   22    0   95.45  81.82    21      18          22    0 0 0 0
  1315   11    0  100.00  81.82    11       9          11    0 0 0 0
  1316   17    0   82.35  70.59    14      12          17    0 0 0 0
  1317   38    0   73.68  71.05    28      27          38    0 0 0 0
  1318   21    0   80.95  80.95    17      17          21    0 0 0 0
  1319   14    0   85.71  78.57    12      11          14    0 0 0 0
  1320    8    0   75.00  75.00     6       6           8    0 0 0 0
  1321    5    0  100.00 100.00     5       5           5    0 0 0 0
  1322   27    0   70.37  59.26    19      16          27    0 0 0 0
  1323   19    0   89.47  78.95    17      15          19    0 0 0 0
  1324   18    0   88.89  83.33    16      15          18    0 0 0 0
  1325   16    0   81.25  68.75    13      11          16    0 0 0 0
  1326    9    0   77.78  66.67     7       6           9    0 0 0 0
  1327   15    0   93.33  93.33    14      14          15    0 0 0 0
  1328   27    0   92.59  92.59    25      25          27    0 0 0 0
  1329    8    0  100.00 100.00     8       8           8    0 0 0 0
  1330   15    0   80.00  66.67    12      10          15    0 0 0 0
  1331   23    0   78.26  73.91    18      17          23    0 0 0 0
  1332    5    0  100.00  80.00     5       4           5    0 0 0 0
  1333    4    0  100.00 100.00     4       4           4    0 0 0 0
  1334   14    0   92.86  64.29    13       9          14    0 0 0 0
  1335    4    0  100.00 100.00     4       4           4    0 0 0 0
  1336    7    0  100.00 100.00     7       7           7    0 0 0 0
  1337   13    0  100.00  92.31    13      12          13    0 0 0 0
  1338   20    0  100.00  90.00    20      18          20    0 0 0 0
  1339   22    0   95.45  86.36    21      19          22    0 0 0 0
  1340    6    0   83.33  66.67     5       4           6    0 0 0 0
  1341   21    0   95.24  85.71    20      18          21    0 0 0 0
  1342   13    0   84.62  69.23    11       9          13    0 0 0 0
  1343    4    0  100.00 100.00     4       4           4    0 0 0 0
  1344   26    0   57.69  53.85    15      14          26    0 0 0 0
  1345   10    0   90.00  80.00     9       8          10    0 0 0 0
  1346   45    0   62.22  60.00    28      27          45    0 0 0 0
  1347    4    0  100.00 100.00     4       4           4    0 0 0 0
  1348   16    0   93.75  93.75    15      15          16    0 0 0 0
  1349   22    0   90.91  86.36    20      19          22    0 0 0 0
  1350    4    0  100.00 100.00     4       4           4    0 0 0 0
  1351    5    0  100.00 100.00     5       5           5    0 0 0 0
  1352   23    0   69.57  65.22    16      15          23    0 0 0 0
  1353   12    0  100.00  91.67    12      11          12    0 0 0 0
  1354    8    0  100.00  87.50     8       7           8    0 0 0 0
  1355   37    0   64.86  62.16    24      23          37    0 0 0 0
  1356    8    0  100.00 100.00     8       8           8    0 0 0 0
  1357    8    0  100.00  87.50     8       7           8    0 0 0 0
  1358   12    0  100.00  91.67    12      11          12    0 0 0 0
  1359   15    0  100.00 100.00    15      15          15    0 0 0 0
  1360   13    0   92.31  92.31    12      12          13    0 0 0 0
  1361   12    0   91.67  91.67    11      11          12    0 0 0 0
  1362   10    0   80.00  70.00     8       7          10    0 0 0 0
  1363   20    0   95.00  90.00    19      18          20    0 0 0 0
  1364   13    0   92.31  92.31    12      12          13    0 0 0 0
  1365   21    0   85.71  85.71    18      18          21    0 0 0 0
  1366   18    0  100.00 100.00    18      18          18    0 0 0 0
  1367   16    0   87.50  81.25    14      13          16    0 0 0 0
  1368   26    0   84.62  80.77    22      21          26    0 0 0 0
  1369   10    0  100.00  80.00    10       8          10    0 0 0 0
  1370   10    0   90.00  80.00     9       8          10    0 0 0 0
  1371   11    0   90.91  72.73    10       8          11    0 0 0 0
  1372   13    0  100.00 100.00    13      13          13    0 0 0 0
  1373   14    0  100.00 100.00    14      14          14    0 0 0 0
  1374    9    0   88.89  77.78     8       7           9    0 0 0 0
  1375   19    0   94.74  94.74    18      18          19    0 0 0 0
  1376   15    0   86.67  80.00    13      12          15    0 0 0 0
  1377    7    0  100.00 100.00     7       7           7    0 0 0 0
  1378    7    0  100.00  85.71     7       6           7    0 0 0 0
  1379   20    0   65.00  65.00    13      13          20    0 0 0 0
  1380   12    0  100.00 100.00    12      12          12    0 0 0 0
  1381   11    0   81.82  81.82     9       9          11    0 0 0 0
  1382   15    0   86.67  86.67    13      13          15    0 0 0 0
  1383   22    0   81.82  81.82    18      18          22    0 0 0 0
  1384    8    0  100.00 100.00     8       8           8    0 0 0 0
  1385   10    0  100.00 100.00    10      10          10    0 0 0 0
  1386    6    0  100.00 100.00     6       6           6    0 0 0 0
  1387   17    0   94.12  88.24    16      15          17    0 0 0 0
  1388   15    0   93.33  93.33    14      14          15    0 0 0 0
  1389   18    0  100.00  88.89    18      16          18    0 0 0 0
  1390   17    0   88.24  82.35    15      14          17    0 0 0 0
  1391   19    0   89.47  84.21    17      16          19    0 0 0 0
  1392    6    0  100.00  83.33     6       5           6    0 0 0 0
  1393   16    0   81.25  81.25    13      13          16    0 0 0 0
  1394   20    0   95.00  85.00    19      17          20    0 0 0 0
  1395   31    0   67.74  64.52    21      20          31    0 0 0 0
  1396   27    0   81.48  74.07    22      20          27    0 0 0 0
  1397   15    0   73.33  73.33    11      11          15    0 0 0 0
  1398   13    0   84.62  76.92    11      10          13    0 0 0 0
  1399   17    0   94.12  88.24    16      15          17    0 0 0 0


  Labeled   attachment score: 17827 / 21316 * 100 = 83.63 %
  Unlabeled attachment score: 18858 / 21316 * 100 = 88.47 %
  Label accuracy score:       18937 / 21316 * 100 = 88.84 %
