     Sent.          Attachment      Correct        Scoring          
    ID Tokens  -   Unlab. Lab.   HEAD HEAD+DEPREL   tokens   - - - -
  ============================================================================
     1   37    0   91.89  64.86    34      24          37    0 0 0 0
     2   29    0   96.55  62.07    28      18          29    0 0 0 0
     3   33    0   81.82  51.52    27      17          33    0 0 0 0
     4   27    0   92.59  81.48    25      22          27    0 0 0 0
     5   21    0   90.48  90.48    19      19          21    0 0 0 0
     6   30    0   86.67  60.00    26      18          30    0 0 0 0
     7   39    0   76.92  58.97    30      23          39    0 0 0 0
     8   12    0   75.00  50.00     9       6          12    0 0 0 0
     9    8    0   87.50  62.50     7       5           8    0 0 0 0
    10   24    0  100.00  91.67    24      22          24    0 0 0 0
    11   37    0   94.59  81.08    35      30          37    0 0 0 0
    12   33    0   96.97  81.82    32      27          33    0 0 0 0
    13   10    0  100.00  70.00    10       7          10    0 0 0 0
    14   39    0   82.05  64.10    32      25          39    0 0 0 0
    15   23    0   73.91  60.87    17      14          23    0 0 0 0
    16   40    0   85.00  72.50    34      29          40    0 0 0 0
    17   30    0   63.33  63.33    19      19          30    0 0 0 0
    18   17    0   70.59  64.71    12      11          17    0 0 0 0
    19   13    0  100.00  69.23    13       9          13    0 0 0 0
    20   25    0   68.00  52.00    17      13          25    0 0 0 0
    21   19    0   94.74  84.21    18      16          19    0 0 0 0
    22   26    0   84.62  80.77    22      21          26    0 0 0 0
    23   37    0   89.19  81.08    33      30          37    0 0 0 0
    24   35    0   91.43  88.57    32      31          35    0 0 0 0
    25   29    0   72.41  68.97    21      20          29    0 0 0 0
    26   15    0   73.33  73.33    11      11          15    0 0 0 0
    27   23    0   95.65  78.26    22      18          23    0 0 0 0
    28   15    0   80.00  80.00    12      12          15    0 0 0 0
    29   19    0   84.21  78.95    16      15          19    0 0 0 0
    30   14    0   71.43  50.00    10       7          14    0 0 0 0
    31   21    0  100.00  90.48    21      19          21    0 0 0 0
    32   14    0  100.00 100.00    14      14          14    0 0 0 0
    33   17    0  100.00  82.35    17      14          17    0 0 0 0
    34   29    0   62.07  58.62    18      17          29    0 0 0 0
    35   14    0   92.86  92.86    13      13          14    0 0 0 0
    36   23    0   78.26  69.57    18      16          23    0 0 0 0
    37   18    0   83.33  66.67    15      12          18    0 0 0 0
    38   14    0   57.14  42.86     8       6          14    0 0 0 0
    39   41    0   80.49  68.29    33      28          41    0 0 0 0
    40   12    0  100.00  91.67    12      11          12    0 0 0 0
    41   37    0   81.08  59.46    30      22          37    0 0 0 0
    42   28    0   89.29  85.71    25      24          28    0 0 0 0
    43   37    0   86.49  81.08    32      30          37    0 0 0 0
    44   30    0   86.67  76.67    26      23          30    0 0 0 0
    45   29    0   82.76  65.52    24      19          29    0 0 0 0
    46   12    0  100.00 100.00    12      12          12    0 0 0 0
    47   28    0   89.29  85.71    25      24          28    0 0 0 0
    48   21    0   90.48  80.95    19      17          21    0 0 0 0
    49   40    0   95.00  85.00    38      34          40    0 0 0 0
    50   42    0   92.86  83.33    39      35          42    0 0 0 0
    51   30    0   90.00  80.00    27      24          30    0 0 0 0
    52    9    0  100.00 100.00     9       9           9    0 0 0 0
    53   14    0   92.86  85.71    13      12          14    0 0 0 0
    54    8    0  100.00  87.50     8       7           8    0 0 0 0
    55   10    0  100.00  90.00    10       9          10    0 0 0 0
    56   43    0   79.07  67.44    34      29          43    0 0 0 0
    57    9    0  100.00  88.89     9       8           9    0 0 0 0
    58   15    0   86.67  73.33    13      11          15    0 0 0 0
    59   47    0   85.11  78.72    40      37          47    0 0 0 0
    60   20    0   90.00  85.00    18      17          20    0 0 0 0
    61   23    0   86.96  69.57    20      16          23    0 0 0 0
    62   47    0   72.34  70.21    34      33          47    0 0 0 0
    63   38    0   94.74  84.21    36      32          38    0 0 0 0
    64   25    0   88.00  84.00    22      21          25    0 0 0 0
    65   35    0   80.00  74.29    28      26          35    0 0 0 0
    66   14    0  100.00  92.86    14      13          14    0 0 0 0
    67   13    0  100.00  92.31    13      12          13    0 0 0 0
    68    6    0   50.00  50.00     3       3           6    0 0 0 0
    69   25    0   96.00  88.00    24      22          25    0 0 0 0
    70   17    0   94.12  76.47    16      13          17    0 0 0 0
    71   29    0   86.21  58.62    25      17          29    0 0 0 0
    72   34    0   79.41  76.47    27      26          34    0 0 0 0
    73   17    0   64.71  64.71    11      11          17    0 0 0 0
    74   30    0   90.00  83.33    27      25          30    0 0 0 0
    75   11    0  100.00 100.00    11      11          11    0 0 0 0
    76   27    0   88.89  88.89    24      24          27    0 0 0 0
    77   18    0   77.78  66.67    14      12          18    0 0 0 0
    78   31    0   67.74  58.06    21      18          31    0 0 0 0
    79   16    0   75.00  62.50    12      10          16    0 0 0 0
    80   41    0   87.80  73.17    36      30          41    0 0 0 0
    81   13    0   92.31  92.31    12      12          13    0 0 0 0
    82   16    0  100.00 100.00    16      16          16    0 0 0 0
    83   37    0   78.38  78.38    29      29          37    0 0 0 0
    84   13    0  100.00  84.62    13      11          13    0 0 0 0
    85   19    0   84.21  63.16    16      12          19    0 0 0 0
    86   14    0   92.86  78.57    13      11          14    0 0 0 0
    87   12    0   75.00  58.33     9       7          12    0 0 0 0
    88   24    0   75.00  66.67    18      16          24    0 0 0 0
    89   33    0   81.82  69.70    27      23          33    0 0 0 0
    90   11    0   81.82  72.73     9       8          11    0 0 0 0
    91    6    0  100.00  66.67     6       4           6    0 0 0 0
    92   43    0   83.72  76.74    36      33          43    0 0 0 0
    93   21    0   80.95  66.67    17      14          21    0 0 0 0
    94   23    0   95.65  82.61    22      19          23    0 0 0 0
    95   39    0   89.74  82.05    35      32          39    0 0 0 0
    96    6    0   83.33  66.67     5       4           6    0 0 0 0
    97   15    0  100.00  93.33    15      14          15    0 0 0 0
    98   16    0  100.00  93.75    16      15          16    0 0 0 0
    99    8    0   87.50  62.50     7       5           8    0 0 0 0
   100   20    0  100.00  90.00    20      18          20    0 0 0 0


  Labeled   attachment score: 1770 / 2357 * 100 = 75.10 %
  Unlabeled attachment score: 2026 / 2357 * 100 = 85.96 %
  Label accuracy score:       1935 / 2357 * 100 = 82.10 %
