     Sent.          Attachment      Correct        Scoring          
    ID Tokens  -   Unlab. Lab.   HEAD HEAD+DEPREL   tokens   - - - -
  ============================================================================
     1   49    0   81.63  77.55    40      38          49    0 0 0 0
     2   50    0   88.00  84.00    44      42          50    0 0 0 0
     3   43    0   79.07  79.07    34      34          43    0 0 0 0
     4   52    0   67.31  67.31    35      35          52    0 0 0 0
     5   32    0  100.00 100.00    32      32          32    0 0 0 0
     6   53    0   94.34  94.34    50      50          53    0 0 0 0
     7   26    0   92.31  88.46    24      23          26    0 0 0 0
     8   55    0   74.55  72.73    41      40          55    0 0 0 0
     9   11    0   90.91  90.91    10      10          11    0 0 0 0
    10   39    0   76.92  74.36    30      29          39    0 0 0 0
    11   39    0   66.67  64.10    26      25          39    0 0 0 0
    12   20    0   90.00  85.00    18      17          20    0 0 0 0
    13   26    0   84.62  80.77    22      21          26    0 0 0 0
    14   39    0   94.87  89.74    37      35          39    0 0 0 0
    15   32    0   90.62  84.38    29      27          32    0 0 0 0
    16    6    0   83.33  83.33     5       5           6    0 0 0 0
    17    8    0   87.50  87.50     7       7           8    0 0 0 0


  Labeled   attachment score: 470 / 580 * 100 = 81.03 %
  Unlabeled attachment score: 484 / 580 * 100 = 83.45 %
  Label accuracy score:       535 / 580 * 100 = 92.24 %
