     Sent.          Attachment      Correct        Scoring          
    ID Tokens  -   Unlab. Lab.   HEAD HEAD+DEPREL   tokens   - - - -
  ============================================================================
     1   36    0   91.67  69.44    33      25          36    0 0 0 0
     2   26    0   84.62  76.92    22      20          26    0 0 0 0
     3   14    0  100.00  85.71    14      12          14    0 0 0 0
     4   26    0   92.31  69.23    24      18          26    0 0 0 0
     5    7    0  100.00 100.00     7       7           7    0 0 0 0
     6   35    0   82.86  62.86    29      22          35    0 0 0 0
     7   14    0   78.57  64.29    11       9          14    0 0 0 0
     8   22    0  100.00  86.36    22      19          22    0 0 0 0
     9    9    0  100.00  88.89     9       8           9    0 0 0 0
    10   10    0  100.00  70.00    10       7          10    0 0 0 0
    11   37    0   86.49  64.86    32      24          37    0 0 0 0
    12   21    0   90.48  90.48    19      19          21    0 0 0 0
    13    8    0  100.00 100.00     8       8           8    0 0 0 0
    14   11    0  100.00  72.73    11       8          11    0 0 0 0
    15   15    0  100.00  86.67    15      13          15    0 0 0 0
    16   26    0   84.62  69.23    22      18          26    0 0 0 0
    17   12    0  100.00  91.67    12      11          12    0 0 0 0
    18   29    0   82.76  62.07    24      18          29    0 0 0 0
    19   10    0  100.00  80.00    10       8          10    0 0 0 0
    20   38    0   81.58  65.79    31      25          38    0 0 0 0
    21   37    0   81.08  56.76    30      21          37    0 0 0 0
    22   17    0  100.00  82.35    17      14          17    0 0 0 0
    23   32    0   93.75  71.88    30      23          32    0 0 0 0
    24   35    0   88.57  74.29    31      26          35    0 0 0 0
    25   15    0  100.00 100.00    15      15          15    0 0 0 0
    26   25    0   96.00  84.00    24      21          25    0 0 0 0
    27   20    0   95.00  65.00    19      13          20    0 0 0 0
    28   35    0   94.29  74.29    33      26          35    0 0 0 0
    29   42    0   88.10  73.81    37      31          42    0 0 0 0
    30   42    0   97.62  80.95    41      34          42    0 0 0 0
    31   25    0   92.00  84.00    23      21          25    0 0 0 0
    32   30    0  100.00  73.33    30      22          30    0 0 0 0
    33   14    0   92.86  85.71    13      12          14    0 0 0 0
    34   29    0   93.10  82.76    27      24          29    0 0 0 0
    35   30    0   93.33  83.33    28      25          30    0 0 0 0
    36   27    0   88.89  59.26    24      16          27    0 0 0 0
    37   16    0  100.00  93.75    16      15          16    0 0 0 0
    38   13    0  100.00  84.62    13      11          13    0 0 0 0
    39    9    0  100.00 100.00     9       9           9    0 0 0 0
    40   27    0   96.30  74.07    26      20          27    0 0 0 0
    41    9    0  100.00 100.00     9       9           9    0 0 0 0
    42   45    0   93.33  82.22    42      37          45    0 0 0 0
    43   43    0   93.02  81.40    40      35          43    0 0 0 0
    44   42    0   97.62  85.71    41      36          42    0 0 0 0
    45   12    0  100.00 100.00    12      12          12    0 0 0 0
    46   26    0   96.15  80.77    25      21          26    0 0 0 0
    47   33    0   84.85  72.73    28      24          33    0 0 0 0
    48   19    0  100.00  89.47    19      17          19    0 0 0 0
    49   36    0   94.44  91.67    34      33          36    0 0 0 0
    50   25    0   96.00  88.00    24      22          25    0 0 0 0
    51   30    0   86.67  80.00    26      24          30    0 0 0 0
    52   34    0   94.12  85.29    32      29          34    0 0 0 0
    53   15    0   73.33  73.33    11      11          15    0 0 0 0
    54   31    0   90.32  67.74    28      21          31    0 0 0 0
    55   18    0  100.00  94.44    18      17          18    0 0 0 0
    56   31    0   90.32  87.10    28      27          31    0 0 0 0
    57   26    0  100.00  76.92    26      20          26    0 0 0 0
    58   39    0   84.62  71.79    33      28          39    0 0 0 0
    59   16    0   93.75  81.25    15      13          16    0 0 0 0
    60    9    0  100.00  77.78     9       7           9    0 0 0 0
    61   32    0   96.88  84.38    31      27          32    0 0 0 0
    62   32    0   81.25  56.25    26      18          32    0 0 0 0
    63   31    0   80.65  74.19    25      23          31    0 0 0 0
    64   18    0   83.33  66.67    15      12          18    0 0 0 0
    65   15    0   73.33  73.33    11      11          15    0 0 0 0
    66   32    0   90.62  78.12    29      25          32    0 0 0 0
    67    9    0  100.00  77.78     9       7           9    0 0 0 0
    68   46    0   89.13  76.09    41      35          46    0 0 0 0
    69   29    0   96.55  93.10    28      27          29    0 0 0 0
    70   34    0   94.12  79.41    32      27          34    0 0 0 0
    71   39    0   94.87  87.18    37      34          39    0 0 0 0
    72   20    0   95.00  90.00    19      18          20    0 0 0 0
    73   23    0  100.00  86.96    23      20          23    0 0 0 0
    74   18    0   83.33  66.67    15      12          18    0 0 0 0
    75   18    0  100.00  88.89    18      16          18    0 0 0 0
    76   16    0  100.00  93.75    16      15          16    0 0 0 0
    77   33    0   93.94  93.94    31      31          33    0 0 0 0
    78   28    0  100.00  92.86    28      26          28    0 0 0 0
    79   16    0  100.00  81.25    16      13          16    0 0 0 0
    80   22    0  100.00  90.91    22      20          22    0 0 0 0
    81   30    0   86.67  70.00    26      21          30    0 0 0 0
    82   35    0   88.57  71.43    31      25          35    0 0 0 0
    83   29    0   86.21  72.41    25      21          29    0 0 0 0
    84   35    0   82.86  62.86    29      22          35    0 0 0 0
    85   32    0   84.38  78.12    27      25          32    0 0 0 0
    86   38    0   94.74  71.05    36      27          38    0 0 0 0
    87   29    0   89.66  79.31    26      23          29    0 0 0 0
    88    9    0  100.00 100.00     9       9           9    0 0 0 0
    89   36    0   94.44  86.11    34      31          36    0 0 0 0
    90   30    0   96.67  73.33    29      22          30    0 0 0 0
    91   33    0   87.88  78.79    29      26          33    0 0 0 0
    92   44    0   95.45  81.82    42      36          44    0 0 0 0
    93   43    0   90.70  69.77    39      30          43    0 0 0 0
    94   34    0   91.18  76.47    31      26          34    0 0 0 0
    95   45    0   93.33  80.00    42      36          45    0 0 0 0
    96   11    0  100.00 100.00    11      11          11    0 0 0 0
    97   29    0   93.10  82.76    27      24          29    0 0 0 0
    98   29    0  100.00  86.21    29      25          29    0 0 0 0
    99   17    0   94.12  76.47    16      13          17    0 0 0 0
   100   43    0   86.05  65.12    37      28          43    0 0 0 0


  Labeled   attachment score: 2039 / 2607 * 100 = 78.21 %
  Unlabeled attachment score: 2398 / 2607 * 100 = 91.98 %
  Label accuracy score:       2154 / 2607 * 100 = 82.62 %
