     Sent.          Attachment      Correct        Scoring          
    ID Tokens  -   Unlab. Lab.   HEAD HEAD+DEPREL   tokens   - - - -
  ============================================================================
     1   15    0  100.00  92.31    13      12          13    0 0 0 0
     2   20    0   94.12  94.12    16      16          17    0 0 0 0
     3   31    0   69.23  69.23    18      18          26    0 0 0 0
     4   16    0  100.00 100.00    13      13          13    0 0 0 0
     5   10    0   66.67  66.67     4       4           6    0 0 0 0
     6    8    0  100.00  85.71     7       6           7    0 0 0 0
     7   14    0   90.00  90.00     9       9          10    0 0 0 0
     8    9    0   83.33  33.33     5       2           6    0 0 0 0
     9   12    0   70.00  50.00     7       5          10    0 0 0 0
    10    6    0   66.67  33.33     2       1           3    0 0 0 0
    11   15    0   90.00  50.00     9       5          10    0 0 0 0
    12   12    0   66.67  66.67     6       6           9    0 0 0 0
    13    9    0   66.67  66.67     4       4           6    0 0 0 0
    14   12    0  100.00  87.50     8       7           8    0 0 0 0
    15   14    0   55.56  33.33     5       3           9    0 0 0 0
    16    9    0  100.00  83.33     6       5           6    0 0 0 0
    17   11    0  100.00  57.14     7       4           7    0 0 0 0
    18    9    0  100.00  66.67     6       4           6    0 0 0 0
    19   13    0  100.00 100.00     9       9           9    0 0 0 0
    20   24    0   78.95  68.42    15      13          19    0 0 0 0
    21   22    0   83.33  72.22    15      13          18    0 0 0 0
    22    8    0  100.00  85.71     7       6           7    0 0 0 0
    23   15    0   75.00  58.33     9       7          12    0 0 0 0
    24    7    0  100.00 100.00     6       6           6    0 0 0 0
    25    8    0  100.00  80.00     5       4           5    0 0 0 0
    26    3    0  100.00 100.00     2       2           2    0 0 0 0
    27   13    0  100.00  88.89     9       8           9    0 0 0 0
    28   11    0  100.00  88.89     9       8           9    0 0 0 0
    29    9    0  100.00  80.00     5       4           5    0 0 0 0
    30    5    0  100.00 100.00     2       2           2    0 0 0 0
    31   25    0   95.65  82.61    22      19          23    0 0 0 0
    32   16    0  100.00 100.00    14      14          14    0 0 0 0
    33   19    0   88.24  82.35    15      14          17    0 0 0 0
    34   21    0   90.00  80.00    18      16          20    0 0 0 0
    35    8    0   42.86  42.86     3       3           7    0 0 0 0
    36   21    0   94.44  83.33    17      15          18    0 0 0 0
    37   26    0   81.82  77.27    18      17          22    0 0 0 0
    38   19    0   92.86  57.14    13       8          14    0 0 0 0
    39   11    0   85.71  71.43     6       5           7    0 0 0 0
    40    8    0   80.00  80.00     4       4           5    0 0 0 0
    41    7    0  100.00  75.00     4       3           4    0 0 0 0
    42    7    0  100.00  75.00     4       3           4    0 0 0 0
    43   37    0   84.85  75.76    28      25          33    0 0 0 0
    44   11    0  100.00 100.00     7       7           7    0 0 0 0
    45    5    0   50.00  50.00     1       1           2    0 0 0 0
    46   22    0   81.25  62.50    13      10          16    0 0 0 0
    47    9    0  100.00 100.00     6       6           6    0 0 0 0
    48    8    0  100.00 100.00     5       5           5    0 0 0 0
    49    4    0  100.00 100.00     3       3           3    0 0 0 0
    50   10    0  100.00  66.67     6       4           6    0 0 0 0
    51    8    0  100.00 100.00     7       7           7    0 0 0 0
    52    9    0   40.00  40.00     2       2           5    0 0 0 0
    53   22    0   71.43  66.67    15      14          21    0 0 0 0
    54   12    0  100.00  90.91    11      10          11    0 0 0 0
    55   15    0  100.00  84.62    13      11          13    0 0 0 0
    56   12    0  100.00  87.50     8       7           8    0 0 0 0
    57   14    0   80.00  60.00     8       6          10    0 0 0 0
    58   16    0   91.67  75.00    11       9          12    0 0 0 0
    59   12    0   88.89  88.89     8       8           9    0 0 0 0
    60   18    0   78.57  57.14    11       8          14    0 0 0 0
    61   10    0   85.71  57.14     6       4           7    0 0 0 0
    62   17    0   92.31  69.23    12       9          13    0 0 0 0
    63   21    0   60.00  33.33     9       5          15    0 0 0 0
    64   21    0   37.50  37.50     6       6          16    0 0 0 0
    65   11    0   87.50  87.50     7       7           8    0 0 0 0
    66   29    0   91.30  82.61    21      19          23    0 0 0 0
    67   27    0   75.00  65.00    15      13          20    0 0 0 0
    68   12    0   62.50  62.50     5       5           8    0 0 0 0
    69   30    0   78.26  65.22    18      15          23    0 0 0 0
    70    6    0  100.00 100.00     5       5           5    0 0 0 0
    71    4    0  100.00 100.00     1       1           1    0 0 0 0
    72   12    0   66.67  55.56     6       5           9    0 0 0 0
    73    7    0  100.00 100.00     3       3           3    0 0 0 0
    74   13    0  100.00  88.89     9       8           9    0 0 0 0
    75   10    0   83.33  66.67     5       4           6    0 0 0 0
    76   11    0  100.00 100.00     8       8           8    0 0 0 0
    77   22    0   70.59  70.59    12      12          17    0 0 0 0
    78   14    0   40.00  30.00     4       3          10    0 0 0 0
    79   14    0  100.00  90.00    10       9          10    0 0 0 0
    80   28    0   61.90  47.62    13      10          21    0 0 0 0
    81   10    0   71.43  71.43     5       5           7    0 0 0 0
    82   14    0   62.50  62.50     5       5           8    0 0 0 0
    83   12    0  100.00  75.00     8       6           8    0 0 0 0
    84   11    0   87.50  75.00     7       6           8    0 0 0 0
    85   15    0  100.00  90.91    11      10          11    0 0 0 0
    86   21    0   86.67  60.00    13       9          15    0 0 0 0
    87   24    0   88.89  83.33    16      15          18    0 0 0 0
    88    7    0  100.00  66.67     6       4           6    0 0 0 0
    89    7    0  100.00 100.00     3       3           3    0 0 0 0
    90   16    0   45.45  45.45     5       5          11    0 0 0 0
    91    4    0  100.00 100.00     1       1           1    0 0 0 0
    92   10    0  100.00 100.00     7       7           7    0 0 0 0
    93   29    0   66.67  61.90    14      13          21    0 0 0 0
    94   17    0   50.00  40.00     5       4          10    0 0 0 0
    95   24    0   72.22  55.56    13      10          18    0 0 0 0
    96    9    0  100.00 100.00     6       6           6    0 0 0 0
    97    7    0  100.00  66.67     3       2           3    0 0 0 0
    98    9    0  100.00 100.00     5       5           5    0 0 0 0
    99   10    0   83.33  50.00     5       3           6    0 0 0 0
   100   11    0   85.71  42.86     6       3           7    0 0 0 0
   101   13    0   33.33  33.33     3       3           9    0 0 0 0
   102   11    0  100.00  77.78     9       7           9    0 0 0 0
   103   29    0   70.00  45.00    14       9          20    0 0 0 0
   104    9    0   66.67  66.67     4       4           6    0 0 0 0
   105   14    0   80.00  80.00     8       8          10    0 0 0 0
   106   11    0  100.00  71.43     7       5           7    0 0 0 0
   107    8    0   25.00  25.00     1       1           4    0 0 0 0
   108   33    0   50.00  30.77    13       8          26    0 0 0 0
   109   24    0   55.56  44.44    10       8          18    0 0 0 0
   110    9    0  100.00  71.43     7       5           7    0 0 0 0
   111   10    0   75.00  75.00     6       6           8    0 0 0 0
   112   22    0   71.43  50.00    10       7          14    0 0 0 0
   113    8    0  100.00 100.00     5       5           5    0 0 0 0
   114   15    0  100.00  90.91    11      10          11    0 0 0 0
   115   10    0  100.00  66.67     6       4           6    0 0 0 0
   116   35    0   71.43  60.71    20      17          28    0 0 0 0
   117   12    0  100.00  87.50     8       7           8    0 0 0 0
   118   10    0   83.33  66.67     5       4           6    0 0 0 0
   119   22    0   77.78  72.22    14      13          18    0 0 0 0
   120   12    0   88.89  66.67     8       6           9    0 0 0 0
   121   15    0   70.00  70.00     7       7          10    0 0 0 0
   122   16    0   92.31  92.31    12      12          13    0 0 0 0
   123   15    0   75.00  62.50     6       5           8    0 0 0 0
   124    4    0  100.00 100.00     1       1           1    0 0 0 0
   125   16    0   77.78  66.67     7       6           9    0 0 0 0
   126   17    0  100.00  90.00    10       9          10    0 0 0 0
   127   42    0   65.62  56.25    21      18          32    0 0 0 0
   128   16    0   91.67  91.67    11      11          12    0 0 0 0
   129    6    0  100.00 100.00     5       5           5    0 0 0 0
   130   10    0  100.00 100.00     9       9           9    0 0 0 0
   131   14    0  100.00  75.00    12       9          12    0 0 0 0
   132   19    0   94.12  94.12    16      16          17    0 0 0 0
   133    5    0  100.00 100.00     4       4           4    0 0 0 0
   134   11    0  100.00  85.71     7       6           7    0 0 0 0
   135   10    0   50.00  33.33     3       2           6    0 0 0 0
   136    9    0  100.00 100.00     6       6           6    0 0 0 0
   137   10    0  100.00  85.71     7       6           7    0 0 0 0
   138   14    0   77.78  77.78     7       7           9    0 0 0 0
   139   25    0   78.95  47.37    15       9          19    0 0 0 0
   140   14    0   70.00  60.00     7       6          10    0 0 0 0
   141    7    0  100.00 100.00     6       6           6    0 0 0 0
   142    9    0   75.00  75.00     6       6           8    0 0 0 0
   143   20    0   93.75  87.50    15      14          16    0 0 0 0
   144   14    0   50.00  50.00     4       4           8    0 0 0 0
   145   15    0   90.00  70.00     9       7          10    0 0 0 0
   146   19    0   92.86  71.43    13      10          14    0 0 0 0
   147   12    0   62.50  62.50     5       5           8    0 0 0 0
   148   15    0   63.64  54.55     7       6          11    0 0 0 0
   149   15    0   72.73  72.73     8       8          11    0 0 0 0
   150   12    0   77.78  77.78     7       7           9    0 0 0 0
   151   15    0   72.73  72.73     8       8          11    0 0 0 0
   152    7    0  100.00  75.00     4       3           4    0 0 0 0
   153    7    0  100.00  75.00     4       3           4    0 0 0 0
   154    8    0  100.00 100.00     5       5           5    0 0 0 0
   155   14    0   80.00  70.00     8       7          10    0 0 0 0
   156   12    0   50.00  37.50     4       3           8    0 0 0 0
   157    8    0  100.00 100.00     7       7           7    0 0 0 0
   158    5    0  100.00 100.00     4       4           4    0 0 0 0
   159   24    0   86.36  72.73    19      16          22    0 0 0 0
   160    7    0  100.00 100.00     6       6           6    0 0 0 0
   161   28    0   83.33  75.00    20      18          24    0 0 0 0
   162   25    0   78.95  57.89    15      11          19    0 0 0 0
   163    7    0   83.33  50.00     5       3           6    0 0 0 0
   164   26    0   91.67  79.17    22      19          24    0 0 0 0
   165   47    0   82.93  73.17    34      30          41    0 0 0 0
   166   15    0   83.33  75.00    10       9          12    0 0 0 0
   167   53    0   46.67  42.22    21      19          45    0 0 0 0
   168   11    0  100.00 100.00    10      10          10    0 0 0 0
   169    7    0  100.00  83.33     6       5           6    0 0 0 0
   170   17    0   66.67  60.00    10       9          15    0 0 0 0
   171   23    0   75.00  70.00    15      14          20    0 0 0 0
   172    9    0  100.00  85.71     7       6           7    0 0 0 0
   173    2    0  100.00 100.00     1       1           1    0 0 0 0
   174   12    0  100.00 100.00    10      10          10    0 0 0 0
   175    7    0  100.00 100.00     6       6           6    0 0 0 0
   176   15    0  100.00 100.00    12      12          12    0 0 0 0
   177   13    0  100.00  63.64    11       7          11    0 0 0 0
   178   25    0   66.67  47.62    14      10          21    0 0 0 0
   179   22    0   94.74  89.47    18      17          19    0 0 0 0
   180   19    0   68.75  62.50    11      10          16    0 0 0 0
   181   20    0   75.00  68.75    12      11          16    0 0 0 0
   182   17    0  100.00 100.00    14      14          14    0 0 0 0
   183   17    0   78.57  71.43    11      10          14    0 0 0 0
   184   29    0   91.67  75.00    22      18          24    0 0 0 0
   185   15    0   69.23  53.85     9       7          13    0 0 0 0
   186   36    0   70.00  66.67    21      20          30    0 0 0 0
   187   17    0   81.25  81.25    13      13          16    0 0 0 0
   188   13    0   88.89  88.89     8       8           9    0 0 0 0
   189   14    0  100.00  90.00    10       9          10    0 0 0 0
   190   11    0  100.00  85.71     7       6           7    0 0 0 0
   191   10    0   50.00  33.33     3       2           6    0 0 0 0
   192   21    0   66.67  53.33    10       8          15    0 0 0 0
   193    7    0  100.00 100.00     6       6           6    0 0 0 0
   194   14    0  100.00  90.00    10       9          10    0 0 0 0
   195   11    0   75.00  75.00     6       6           8    0 0 0 0
   196   11    0  100.00 100.00     7       7           7    0 0 0 0
   197    6    0  100.00 100.00     3       3           3    0 0 0 0
   198    7    0  100.00  75.00     4       3           4    0 0 0 0
   199    9    0   60.00  40.00     3       2           5    0 0 0 0
   200   12    0  100.00 100.00     8       8           8    0 0 0 0
   201    7    0  100.00 100.00     6       6           6    0 0 0 0
   202   15    0   44.44  44.44     4       4           9    0 0 0 0
   203   15    0   63.64  54.55     7       6          11    0 0 0 0
   204   12    0  100.00  87.50     8       7           8    0 0 0 0
   205   15    0   88.89  77.78     8       7           9    0 0 0 0
   206   12    0   88.89  88.89     8       8           9    0 0 0 0
   207    9    0   83.33  83.33     5       5           6    0 0 0 0
   208   25    0   95.45  90.91    21      20          22    0 0 0 0
   209   19    0   88.24  76.47    15      13          17    0 0 0 0
   210   38    0   77.42  61.29    24      19          31    0 0 0 0
   211   30    0   68.00  56.00    17      14          25    0 0 0 0
   212   32    0   96.43  92.86    27      26          28    0 0 0 0
   213   23    0   78.95  63.16    15      12          19    0 0 0 0
   214   17    0   78.57  64.29    11       9          14    0 0 0 0
   215   31    0   88.00  76.00    22      19          25    0 0 0 0
   216    6    0  100.00 100.00     3       3           3    0 0 0 0
   217    5    0   75.00  75.00     3       3           4    0 0 0 0
   218   10    0  100.00  83.33     6       5           6    0 0 0 0
   219    9    0  100.00 100.00     6       6           6    0 0 0 0
   220    9    0  100.00  83.33     6       5           6    0 0 0 0
   221   12    0   33.33  33.33     3       3           9    0 0 0 0
   222   10    0   16.67  16.67     1       1           6    0 0 0 0
   223    9    0  100.00  80.00     5       4           5    0 0 0 0
   224   26    0   76.47  58.82    13      10          17    0 0 0 0
   225    3    0  100.00 100.00     2       2           2    0 0 0 0
   226   17    0   75.00  58.33     9       7          12    0 0 0 0
   227   31    0   52.17  47.83    12      11          23    0 0 0 0
   228   19    0   71.43  50.00    10       7          14    0 0 0 0
   229   13    0   91.67  83.33    11      10          12    0 0 0 0
   230   43    0   91.67  77.78    33      28          36    0 0 0 0
   231   18    0   73.33  73.33    11      11          15    0 0 0 0
   232   26    0   91.30  82.61    21      19          23    0 0 0 0
   233   16    0   92.86  92.86    13      13          14    0 0 0 0
   234   17    0   80.00  66.67    12      10          15    0 0 0 0
   235   13    0   50.00  50.00     6       6          12    0 0 0 0
   236   13    0   90.91  81.82    10       9          11    0 0 0 0
   237   15    0   76.92  53.85    10       7          13    0 0 0 0
   238   18    0   92.31  76.92    12      10          13    0 0 0 0
   239   11    0   85.71  71.43     6       5           7    0 0 0 0
   240   12    0  100.00  87.50     8       7           8    0 0 0 0
   241   39    0   63.89  58.33    23      21          36    0 0 0 0
   242   23    0   78.95  78.95    15      15          19    0 0 0 0
   243   23    0   44.44  27.78     8       5          18    0 0 0 0
   244    9    0  100.00 100.00     8       8           8    0 0 0 0
   245   22    0   80.00  70.00    16      14          20    0 0 0 0
   246   17    0   84.62  76.92    11      10          13    0 0 0 0
   247    7    0    0.00   0.00     0       0           4    0 0 0 0
   248   22    0   75.00  62.50    12      10          16    0 0 0 0
   249   14    0  100.00 100.00    10      10          10    0 0 0 0
   250   25    0   90.48  80.95    19      17          21    0 0 0 0
   251   26    0   91.30  65.22    21      15          23    0 0 0 0
   252   29    0   83.33  75.00    20      18          24    0 0 0 0
   253   63    0   78.43  68.63    40      35          51    0 0 0 0
   254   16    0   90.91  72.73    10       8          11    0 0 0 0
   255   18    0   72.73  54.55     8       6          11    0 0 0 0
   256    5    0  100.00 100.00     2       2           2    0 0 0 0
   257   10    0   85.71  71.43     6       5           7    0 0 0 0
   258   12    0   62.50  50.00     5       4           8    0 0 0 0
   259   16    0   83.33  83.33    10      10          12    0 0 0 0
   260   16    0  100.00  80.00    15      12          15    0 0 0 0
   261    7    0  100.00  83.33     6       5           6    0 0 0 0
   262   15    0   64.29  57.14     9       8          14    0 0 0 0
   263   20    0   76.47  70.59    13      12          17    0 0 0 0
   264   27    0   81.82  72.73    18      16          22    0 0 0 0
   265   14    0  100.00  80.00    10       8          10    0 0 0 0
   266   11    0  100.00  88.89     9       8           9    0 0 0 0
   267   15    0   78.57  64.29    11       9          14    0 0 0 0
   268   20    0   77.78  66.67    14      12          18    0 0 0 0
   269    8    0  100.00 100.00     7       7           7    0 0 0 0
   270   13    0   90.91  81.82    10       9          11    0 0 0 0
   271   23    0   86.67  66.67    13      10          15    0 0 0 0
   272   11    0  100.00 100.00     7       7           7    0 0 0 0
   273    7    0  100.00 100.00     4       4           4    0 0 0 0
   274   10    0   85.71  71.43     6       5           7    0 0 0 0
   275    9    0  100.00 100.00     5       5           5    0 0 0 0
   276   13    0   25.00  12.50     2       1           8    0 0 0 0
   277    8    0  100.00  80.00     5       4           5    0 0 0 0
   278   10    0  100.00  85.71     7       6           7    0 0 0 0
   279   30    0   69.57  52.17    16      12          23    0 0 0 0
   280    6    0  100.00 100.00     3       3           3    0 0 0 0
   281    4    0  100.00 100.00     3       3           3    0 0 0 0
   282   30    0   77.27  59.09    17      13          22    0 0 0 0
   283   35    0   80.77  50.00    21      13          26    0 0 0 0
   284    8    0  100.00  80.00     5       4           5    0 0 0 0
   285   35    0   75.86  55.17    22      16          29    0 0 0 0
   286   20    0   86.67  73.33    13      11          15    0 0 0 0
   287    9    0  100.00  71.43     7       5           7    0 0 0 0
   288   10    0  100.00  88.89     9       8           9    0 0 0 0
   289   54    0   64.44  57.78    29      26          45    0 0 0 0
   290   17    0  100.00  78.57    14      11          14    0 0 0 0
   291   36    0   67.86  53.57    19      15          28    0 0 0 0
   292   15    0  100.00  90.00    10       9          10    0 0 0 0
   293   23    0   62.50  50.00    10       8          16    0 0 0 0
   294   11    0   71.43  57.14     5       4           7    0 0 0 0
   295    4    0  100.00 100.00     1       1           1    0 0 0 0
   296    6    0  100.00 100.00     3       3           3    0 0 0 0
   297   13    0   50.00  37.50     4       3           8    0 0 0 0
   298   15    0  100.00  90.00    10       9          10    0 0 0 0
   299    8    0  100.00  80.00     5       4           5    0 0 0 0
   300    4    0  100.00 100.00     3       3           3    0 0 0 0
   301    5    0  100.00 100.00     2       2           2    0 0 0 0
   302    7    0  100.00  75.00     4       3           4    0 0 0 0
   303   10    0   66.67  50.00     4       3           6    0 0 0 0
   304   16    0   50.00  33.33     6       4          12    0 0 0 0
   305    7    0  100.00 100.00     6       6           6    0 0 0 0
   306   34    0   75.86  65.52    22      19          29    0 0 0 0
   307   30    0   85.71  61.90    18      13          21    0 0 0 0
   308    5    0  100.00 100.00     4       4           4    0 0 0 0
   309   30    0   75.00  71.43    21      20          28    0 0 0 0
   310   35    0   82.76  72.41    24      21          29    0 0 0 0
   311   23    0   52.63  36.84    10       7          19    0 0 0 0
   312   17    0  100.00 100.00    15      15          15    0 0 0 0
   313   38    0   61.29  41.94    19      13          31    0 0 0 0
   314   38    0   83.87  67.74    26      21          31    0 0 0 0
   315   17    0   92.86  85.71    13      12          14    0 0 0 0
   316   18    0   75.00  62.50    12      10          16    0 0 0 0
   317   28    0   83.33  70.83    20      17          24    0 0 0 0
   318   24    0   73.68  63.16    14      12          19    0 0 0 0
   319   14    0   61.54  61.54     8       8          13    0 0 0 0
   320   30    0   88.00  76.00    22      19          25    0 0 0 0
   321    4    0  100.00  50.00     2       1           2    0 0 0 0
   322   10    0  100.00  85.71     7       6           7    0 0 0 0
   323   10    0  100.00 100.00     9       9           9    0 0 0 0
   324   18    0   68.75  62.50    11      10          16    0 0 0 0
   325    9    0   87.50  75.00     7       6           8    0 0 0 0
   326   20    0  100.00 100.00    17      17          17    0 0 0 0
   327   25    0   91.30  91.30    21      21          23    0 0 0 0
   328    8    0   71.43  57.14     5       4           7    0 0 0 0
   329   10    0  100.00  77.78     9       7           9    0 0 0 0
   330   14    0  100.00 100.00    12      12          12    0 0 0 0
   331   14    0   91.67  83.33    11      10          12    0 0 0 0
   332   11    0  100.00 100.00     9       9           9    0 0 0 0
   333   19    0   75.00  68.75    12      11          16    0 0 0 0
   334   16    0   64.29  57.14     9       8          14    0 0 0 0
   335   21    0   94.44  94.44    17      17          18    0 0 0 0
   336    8    0  100.00  71.43     7       5           7    0 0 0 0
   337   12    0   90.00  60.00     9       6          10    0 0 0 0
   338   39    0   82.35  70.59    28      24          34    0 0 0 0
   339    6    0   80.00  80.00     4       4           5    0 0 0 0
   340   25    0   76.19  71.43    16      15          21    0 0 0 0
   341    9    0  100.00  85.71     7       6           7    0 0 0 0
   342   12    0   90.00  70.00     9       7          10    0 0 0 0
   343    5    0  100.00 100.00     4       4           4    0 0 0 0
   344   28    0   84.62  76.92    22      20          26    0 0 0 0
   345    8    0  100.00 100.00     7       7           7    0 0 0 0
   346   18    0   86.67  80.00    13      12          15    0 0 0 0
   347    9    0   87.50  87.50     7       7           8    0 0 0 0
   348   12    0  100.00 100.00    11      11          11    0 0 0 0
   349    5    0  100.00 100.00     4       4           4    0 0 0 0
   350   22    0   88.24  70.59    15      12          17    0 0 0 0
   351   30    0   81.48  66.67    22      18          27    0 0 0 0
   352   20    0   88.89  72.22    16      13          18    0 0 0 0
   353   13    0   91.67  83.33    11      10          12    0 0 0 0
   354   18    0   93.75  81.25    15      13          16    0 0 0 0
   355    7    0   33.33  16.67     2       1           6    0 0 0 0
   356   12    0   72.73  45.45     8       5          11    0 0 0 0
   357   30    0   88.46  69.23    23      18          26    0 0 0 0
   358    6    0  100.00 100.00     5       5           5    0 0 0 0
   359    6    0  100.00 100.00     5       5           5    0 0 0 0
   360   14    0   58.33  33.33     7       4          12    0 0 0 0
   361   14    0   75.00  58.33     9       7          12    0 0 0 0
   362    8    0   85.71  71.43     6       5           7    0 0 0 0
   363   12    0   90.91  90.91    10      10          11    0 0 0 0
   364   15    0  100.00  92.31    13      12          13    0 0 0 0
   365    6    0  100.00 100.00     5       5           5    0 0 0 0
   366   11    0  100.00 100.00    10      10          10    0 0 0 0
   367   17    0  100.00  93.33    15      14          15    0 0 0 0
   368    7    0   80.00  60.00     4       3           5    0 0 0 0
   369   11    0   77.78  66.67     7       6           9    0 0 0 0
   370    5    0  100.00  75.00     4       3           4    0 0 0 0
   371    7    0  100.00 100.00     6       6           6    0 0 0 0
   372   26    0   86.96  69.57    20      16          23    0 0 0 0
   373   31    0   74.07  55.56    20      15          27    0 0 0 0
   374   24    0   90.48  85.71    19      18          21    0 0 0 0
   375   25    0   81.82  63.64    18      14          22    0 0 0 0
   376   20    0   93.75  93.75    15      15          16    0 0 0 0
   377   16    0   46.15  46.15     6       6          13    0 0 0 0
   378   71    0   69.49  44.07    41      26          59    0 0 0 0
   379    4    0  100.00 100.00     3       3           3    0 0 0 0
   380    8    0  100.00  83.33     6       5           6    0 0 0 0
   381    8    0  100.00  85.71     7       6           7    0 0 0 0
   382   18    0   93.75  81.25    15      13          16    0 0 0 0
   383   37    0   87.50  75.00    28      24          32    0 0 0 0
   384   11    0  100.00  88.89     9       8           9    0 0 0 0
   385    8    0  100.00  83.33     6       5           6    0 0 0 0
   386   46    0   68.42  60.53    26      23          38    0 0 0 0
   387   16    0   64.29  64.29     9       9          14    0 0 0 0
   388   12    0   36.36  18.18     4       2          11    0 0 0 0
   389   12    0  100.00 100.00    11      11          11    0 0 0 0
   390   17    0   92.86  78.57    13      11          14    0 0 0 0
   391   17    0   78.57  57.14    11       8          14    0 0 0 0
   392   15    0   71.43  71.43    10      10          14    0 0 0 0
   393   18    0  100.00 100.00    13      13          13    0 0 0 0
   394   14    0   80.00  70.00     8       7          10    0 0 0 0
   395   27    0   81.82  72.73    18      16          22    0 0 0 0
   396   20    0   76.47  64.71    13      11          17    0 0 0 0
   397    7    0   83.33  66.67     5       4           6    0 0 0 0
   398   20    0   88.24  76.47    15      13          17    0 0 0 0
   399   13    0  100.00 100.00    12      12          12    0 0 0 0
   400   16    0   93.33  86.67    14      13          15    0 0 0 0
   401   20    0  100.00  87.50    16      14          16    0 0 0 0
   402   26    0   83.33  66.67    15      12          18    0 0 0 0


  Labeled   attachment score: 3544 / 5004 * 100 = 70.82 %
  Unlabeled attachment score: 4088 / 5004 * 100 = 81.69 %
  Label accuracy score:       4035 / 5004 * 100 = 80.64 %
