     Sent.          Attachment      Correct        Scoring          
    ID Tokens  -   Unlab. Lab.   HEAD HEAD+DEPREL   tokens   - - - -
  ============================================================================
     1   36    0   88.89  69.44    32      25          36    0 0 0 0
     2   26    0   84.62  73.08    22      19          26    0 0 0 0
     3   14    0  100.00  92.86    14      13          14    0 0 0 0
     4   26    0   92.31  69.23    24      18          26    0 0 0 0
     5    7    0  100.00 100.00     7       7           7    0 0 0 0
     6   35    0   82.86  65.71    29      23          35    0 0 0 0
     7   14    0   85.71  71.43    12      10          14    0 0 0 0
     8   22    0  100.00  90.91    22      20          22    0 0 0 0
     9    9    0  100.00  88.89     9       8           9    0 0 0 0
    10   10    0   90.00  70.00     9       7          10    0 0 0 0
    11   37    0   81.08  62.16    30      23          37    0 0 0 0
    12   21    0   90.48  90.48    19      19          21    0 0 0 0
    13    8    0  100.00 100.00     8       8           8    0 0 0 0
    14   11    0  100.00  72.73    11       8          11    0 0 0 0
    15   15    0  100.00  93.33    15      14          15    0 0 0 0
    16   26    0   84.62  69.23    22      18          26    0 0 0 0
    17   12    0  100.00  91.67    12      11          12    0 0 0 0
    18   29    0   89.66  65.52    26      19          29    0 0 0 0
    19   10    0  100.00  80.00    10       8          10    0 0 0 0
    20   38    0   81.58  60.53    31      23          38    0 0 0 0
    21   37    0   83.78  54.05    31      20          37    0 0 0 0
    22   17    0  100.00  82.35    17      14          17    0 0 0 0
    23   32    0   75.00  53.12    24      17          32    0 0 0 0
    24   35    0   88.57  71.43    31      25          35    0 0 0 0
    25   15    0  100.00 100.00    15      15          15    0 0 0 0
    26   25    0  100.00  88.00    25      22          25    0 0 0 0
    27   20    0   95.00  60.00    19      12          20    0 0 0 0
    28   35    0   94.29  71.43    33      25          35    0 0 0 0
    29   42    0   88.10  73.81    37      31          42    0 0 0 0
    30   42    0   95.24  80.95    40      34          42    0 0 0 0
    31   25    0   92.00  84.00    23      21          25    0 0 0 0
    32   30    0  100.00  73.33    30      22          30    0 0 0 0
    33   14    0   92.86  85.71    13      12          14    0 0 0 0
    34   29    0  100.00  89.66    29      26          29    0 0 0 0
    35   30    0   90.00  80.00    27      24          30    0 0 0 0
    36   27    0   92.59  62.96    25      17          27    0 0 0 0
    37   16    0  100.00  93.75    16      15          16    0 0 0 0
    38   13    0  100.00  84.62    13      11          13    0 0 0 0
    39    9    0  100.00 100.00     9       9           9    0 0 0 0
    40   27    0   96.30  81.48    26      22          27    0 0 0 0
    41    9    0  100.00 100.00     9       9           9    0 0 0 0
    42   45    0   88.89  80.00    40      36          45    0 0 0 0
    43   43    0   79.07  65.12    34      28          43    0 0 0 0
    44   42    0   97.62  85.71    41      36          42    0 0 0 0
    45   12    0  100.00  91.67    12      11          12    0 0 0 0
    46   26    0   92.31  80.77    24      21          26    0 0 0 0
    47   33    0   87.88  75.76    29      25          33    0 0 0 0
    48   19    0  100.00  89.47    19      17          19    0 0 0 0
    49   36    0   88.89  88.89    32      32          36    0 0 0 0
    50   25    0   92.00  88.00    23      22          25    0 0 0 0
    51   30    0   83.33  80.00    25      24          30    0 0 0 0
    52   34    0   97.06  85.29    33      29          34    0 0 0 0
    53   15    0   73.33  73.33    11      11          15    0 0 0 0
    54   31    0   74.19  54.84    23      17          31    0 0 0 0
    55   18    0  100.00  94.44    18      17          18    0 0 0 0
    56   31    0   87.10  80.65    27      25          31    0 0 0 0
    57   26    0  100.00  76.92    26      20          26    0 0 0 0
    58   39    0   92.31  82.05    36      32          39    0 0 0 0
    59   16    0   87.50  75.00    14      12          16    0 0 0 0
    60    9    0  100.00  77.78     9       7           9    0 0 0 0
    61   32    0   96.88  84.38    31      27          32    0 0 0 0
    62   32    0   84.38  56.25    27      18          32    0 0 0 0
    63   31    0   87.10  83.87    27      26          31    0 0 0 0
    64   18    0   72.22  61.11    13      11          18    0 0 0 0
    65   15    0  100.00 100.00    15      15          15    0 0 0 0
    66   32    0   87.50  68.75    28      22          32    0 0 0 0
    67    9    0  100.00  77.78     9       7           9    0 0 0 0
    68   46    0   93.48  80.43    43      37          46    0 0 0 0
    69   29    0   96.55  93.10    28      27          29    0 0 0 0
    70   34    0   94.12  79.41    32      27          34    0 0 0 0
    71   39    0   94.87  84.62    37      33          39    0 0 0 0
    72   20    0   95.00  90.00    19      18          20    0 0 0 0
    73   23    0  100.00  82.61    23      19          23    0 0 0 0
    74   18    0   72.22  61.11    13      11          18    0 0 0 0
    75   18    0  100.00  88.89    18      16          18    0 0 0 0
    76   16    0  100.00  93.75    16      15          16    0 0 0 0
    77   33    0   96.97  96.97    32      32          33    0 0 0 0
    78   28    0  100.00  92.86    28      26          28    0 0 0 0
    79   16    0   93.75  81.25    15      13          16    0 0 0 0
    80   22    0  100.00  95.45    22      21          22    0 0 0 0
    81   30    0   86.67  66.67    26      20          30    0 0 0 0
    82   35    0   85.71  71.43    30      25          35    0 0 0 0
    83   29    0   86.21  75.86    25      22          29    0 0 0 0
    84   35    0   94.29  74.29    33      26          35    0 0 0 0
    85   32    0   71.88  65.62    23      21          32    0 0 0 0
    86   38    0   97.37  73.68    37      28          38    0 0 0 0
    87   29    0   96.55  86.21    28      25          29    0 0 0 0
    88    9    0   88.89  88.89     8       8           9    0 0 0 0
    89   36    0   94.44  88.89    34      32          36    0 0 0 0
    90   30    0   93.33  76.67    28      23          30    0 0 0 0
    91   33    0   87.88  78.79    29      26          33    0 0 0 0
    92   44    0   97.73  86.36    43      38          44    0 0 0 0
    93   43    0   93.02  74.42    40      32          43    0 0 0 0
    94   34    0   91.18  73.53    31      25          34    0 0 0 0
    95   45    0   97.78  80.00    44      36          45    0 0 0 0
    96   11    0  100.00 100.00    11      11          11    0 0 0 0
    97   29    0   93.10  82.76    27      24          29    0 0 0 0
    98   29    0  100.00  82.76    29      24          29    0 0 0 0
    99   17    0   94.12  76.47    16      13          17    0 0 0 0
   100   43    0   86.05  58.14    37      25          43    0 0 0 0
   101   37    0   83.78  56.76    31      21          37    0 0 0 0
   102   29    0   96.55  62.07    28      18          29    0 0 0 0
   103   33    0   87.88  54.55    29      18          33    0 0 0 0
   104   27    0   92.59  81.48    25      22          27    0 0 0 0
   105   21    0   90.48  90.48    19      19          21    0 0 0 0
   106   30    0   93.33  66.67    28      20          30    0 0 0 0
   107   39    0   92.31  69.23    36      27          39    0 0 0 0
   108   12    0   66.67  50.00     8       6          12    0 0 0 0
   109    8    0   87.50  62.50     7       5           8    0 0 0 0
   110   24    0  100.00  87.50    24      21          24    0 0 0 0
   111   37    0   75.68  67.57    28      25          37    0 0 0 0
   112   33    0   93.94  81.82    31      27          33    0 0 0 0
   113   10    0   90.00  60.00     9       6          10    0 0 0 0
   114   39    0   79.49  66.67    31      26          39    0 0 0 0
   115   23    0   86.96  65.22    20      15          23    0 0 0 0
   116   40    0   85.00  70.00    34      28          40    0 0 0 0
   117   30    0   86.67  83.33    26      25          30    0 0 0 0
   118   17    0   70.59  64.71    12      11          17    0 0 0 0
   119   13    0  100.00  76.92    13      10          13    0 0 0 0
   120   25    0   80.00  60.00    20      15          25    0 0 0 0
   121   19    0   94.74  84.21    18      16          19    0 0 0 0
   122   26    0   84.62  80.77    22      21          26    0 0 0 0
   123   37    0   94.59  83.78    35      31          37    0 0 0 0
   124   35    0   82.86  80.00    29      28          35    0 0 0 0
   125   29    0   79.31  72.41    23      21          29    0 0 0 0
   126   15    0   86.67  80.00    13      12          15    0 0 0 0
   127   23    0   91.30  82.61    21      19          23    0 0 0 0
   128   15    0   80.00  80.00    12      12          15    0 0 0 0
   129   19    0   84.21  78.95    16      15          19    0 0 0 0
   130   14    0   71.43  57.14    10       8          14    0 0 0 0
   131   21    0  100.00  90.48    21      19          21    0 0 0 0
   132   14    0  100.00 100.00    14      14          14    0 0 0 0
   133   17    0  100.00  88.24    17      15          17    0 0 0 0
   134   29    0   68.97  62.07    20      18          29    0 0 0 0
   135   14    0   92.86  92.86    13      13          14    0 0 0 0
   136   23    0   60.87  60.87    14      14          23    0 0 0 0
   137   18    0   83.33  66.67    15      12          18    0 0 0 0
   138   14    0   57.14  42.86     8       6          14    0 0 0 0
   139   41    0   87.80  73.17    36      30          41    0 0 0 0
   140   12    0  100.00  83.33    12      10          12    0 0 0 0
   141   37    0   86.49  64.86    32      24          37    0 0 0 0
   142   28    0   89.29  82.14    25      23          28    0 0 0 0
   143   37    0   89.19  86.49    33      32          37    0 0 0 0
   144   30    0   80.00  66.67    24      20          30    0 0 0 0
   145   29    0   82.76  58.62    24      17          29    0 0 0 0
   146   12    0  100.00 100.00    12      12          12    0 0 0 0
   147   28    0   85.71  85.71    24      24          28    0 0 0 0
   148   21    0   80.95  71.43    17      15          21    0 0 0 0
   149   40    0   92.50  85.00    37      34          40    0 0 0 0
   150   42    0   88.10  80.95    37      34          42    0 0 0 0
   151   30    0   90.00  80.00    27      24          30    0 0 0 0
   152    9    0  100.00 100.00     9       9           9    0 0 0 0
   153   14    0   85.71  78.57    12      11          14    0 0 0 0
   154    8    0  100.00 100.00     8       8           8    0 0 0 0
   155   10    0  100.00  90.00    10       9          10    0 0 0 0
   156   43    0   81.40  65.12    35      28          43    0 0 0 0
   157    9    0  100.00  88.89     9       8           9    0 0 0 0
   158   15    0   53.33  53.33     8       8          15    0 0 0 0
   159   47    0   82.98  76.60    39      36          47    0 0 0 0
   160   20    0   90.00  80.00    18      16          20    0 0 0 0
   161   23    0   82.61  69.57    19      16          23    0 0 0 0
   162   47    0   76.60  72.34    36      34          47    0 0 0 0
   163   38    0   89.47  76.32    34      29          38    0 0 0 0
   164   25    0   88.00  84.00    22      21          25    0 0 0 0
   165   35    0   71.43  65.71    25      23          35    0 0 0 0
   166   14    0  100.00 100.00    14      14          14    0 0 0 0
   167   13    0  100.00  92.31    13      12          13    0 0 0 0
   168    6    0   50.00  50.00     3       3           6    0 0 0 0
   169   25    0   96.00  88.00    24      22          25    0 0 0 0
   170   17    0   94.12  82.35    16      14          17    0 0 0 0
   171   29    0   82.76  55.17    24      16          29    0 0 0 0
   172   34    0   82.35  76.47    28      26          34    0 0 0 0
   173   17    0  100.00 100.00    17      17          17    0 0 0 0
   174   30    0   86.67  80.00    26      24          30    0 0 0 0
   175   11    0   90.91  81.82    10       9          11    0 0 0 0
   176   27    0   88.89  85.19    24      23          27    0 0 0 0
   177   18    0   77.78  72.22    14      13          18    0 0 0 0
   178   31    0   80.65  74.19    25      23          31    0 0 0 0
   179   16    0   93.75  87.50    15      14          16    0 0 0 0
   180   41    0   90.24  73.17    37      30          41    0 0 0 0
   181   13    0   92.31  92.31    12      12          13    0 0 0 0
   182   16    0  100.00 100.00    16      16          16    0 0 0 0
   183   37    0   78.38  75.68    29      28          37    0 0 0 0
   184   13    0  100.00  84.62    13      11          13    0 0 0 0
   185   19    0   84.21  52.63    16      10          19    0 0 0 0
   186   14    0   92.86  71.43    13      10          14    0 0 0 0
   187   12    0   58.33  41.67     7       5          12    0 0 0 0
   188   24    0   91.67  91.67    22      22          24    0 0 0 0
   189   33    0   81.82  69.70    27      23          33    0 0 0 0
   190   11    0   54.55  54.55     6       6          11    0 0 0 0
   191    6    0  100.00  83.33     6       5           6    0 0 0 0
   192   43    0   79.07  74.42    34      32          43    0 0 0 0
   193   21    0   71.43  66.67    15      14          21    0 0 0 0
   194   23    0   95.65  78.26    22      18          23    0 0 0 0
   195   39    0   89.74  79.49    35      31          39    0 0 0 0
   196    6    0  100.00  66.67     6       4           6    0 0 0 0
   197   15    0  100.00  93.33    15      14          15    0 0 0 0
   198   16    0  100.00 100.00    16      16          16    0 0 0 0
   199    8    0   87.50  75.00     7       6           8    0 0 0 0
   200   20    0  100.00  95.00    20      19          20    0 0 0 0


  Labeled   attachment score: 3807 / 4964 * 100 = 76.69 %
  Unlabeled attachment score: 4418 / 4964 * 100 = 89.00 %
  Label accuracy score:       4095 / 4964 * 100 = 82.49 %
