     Sent.          Attachment      Correct        Scoring          
    ID Tokens  -   Unlab. Lab.   HEAD HEAD+DEPREL   tokens   - - - -
  ============================================================================
     1   49    0   81.63  77.55    40      38          49    0 0 0 0
     2   50    0   92.00  90.00    46      45          50    0 0 0 0
     3   43    0   76.74  76.74    33      33          43    0 0 0 0
     4   52    0   71.15  71.15    37      37          52    0 0 0 0
     5   32    0  100.00 100.00    32      32          32    0 0 0 0
     6   53    0   94.34  92.45    50      49          53    0 0 0 0
     7   26    0   96.15  92.31    25      24          26    0 0 0 0
     8   55    0   80.00  76.36    44      42          55    0 0 0 0
     9   11    0   90.91  90.91    10      10          11    0 0 0 0
    10   39    0   79.49  76.92    31      30          39    0 0 0 0
    11   39    0   64.10  61.54    25      24          39    0 0 0 0
    12   20    0   85.00  80.00    17      16          20    0 0 0 0
    13   26    0   84.62  80.77    22      21          26    0 0 0 0
    14   39    0   82.05  76.92    32      30          39    0 0 0 0
    15   32    0   90.62  84.38    29      27          32    0 0 0 0
    16    6    0  100.00 100.00     6       6           6    0 0 0 0
    17    8    0   87.50  87.50     7       7           8    0 0 0 0


  Labeled   attachment score: 471 / 580 * 100 = 81.21 %
  Unlabeled attachment score: 486 / 580 * 100 = 83.79 %
  Label accuracy score:       535 / 580 * 100 = 92.24 %
