     Sent.          Attachment      Correct        Scoring          
    ID Tokens  -   Unlab. Lab.   HEAD HEAD+DEPREL   tokens   - - - -
  ============================================================================
     1    4    0  100.00 100.00     4       4           4    0 0 0 0
     2   11    0  100.00  90.91    11      10          11    0 0 0 0
     3   17    0   94.12  88.24    16      15          17    0 0 0 0
     4    9    0  100.00 100.00     9       9           9    0 0 0 0
     5    9    0  100.00 100.00     9       9           9    0 0 0 0
     6   11    0  100.00 100.00    11      11          11    0 0 0 0
     7   65    0   69.23  64.62    45      42          65    0 0 0 0
     8   11    0   81.82  81.82     9       9          11    0 0 0 0
     9   15    0   93.33  86.67    14      13          15    0 0 0 0
    10   20    0   90.00  85.00    18      17          20    0 0 0 0
    11   12    0  100.00  83.33    12      10          12    0 0 0 0
    12   12    0   91.67  91.67    11      11          12    0 0 0 0
    13    2    0  100.00 100.00     2       2           2    0 0 0 0
    14   24    0   95.83  95.83    23      23          24    0 0 0 0
    15   17    0   64.71  58.82    11      10          17    0 0 0 0
    16    2    0  100.00 100.00     2       2           2    0 0 0 0
    17   15    0  100.00  93.33    15      14          15    0 0 0 0
    18   10    0   90.00  80.00     9       8          10    0 0 0 0
    19   11    0   90.91  72.73    10       8          11    0 0 0 0
    20   20    0   80.00  75.00    16      15          20    0 0 0 0
    21   26    0   69.23  61.54    18      16          26    0 0 0 0
    22    8    0   75.00  75.00     6       6           8    0 0 0 0
    23   20    0   80.00  80.00    16      16          20    0 0 0 0
    24    7    0  100.00 100.00     7       7           7    0 0 0 0
    25   16    0   87.50  81.25    14      13          16    0 0 0 0
    26    6    0  100.00 100.00     6       6           6    0 0 0 0
    27   15    0  100.00  93.33    15      14          15    0 0 0 0
    28   12    0   83.33  83.33    10      10          12    0 0 0 0
    29   20    0   85.00  75.00    17      15          20    0 0 0 0
    30    5    0  100.00 100.00     5       5           5    0 0 0 0
    31   27    0   88.89  85.19    24      23          27    0 0 0 0
    32   17    0   94.12  88.24    16      15          17    0 0 0 0
    33   11    0  100.00 100.00    11      11          11    0 0 0 0
    34    2    0  100.00 100.00     2       2           2    0 0 0 0
    35    8    0  100.00 100.00     8       8           8    0 0 0 0
    36   15    0   66.67  60.00    10       9          15    0 0 0 0
    37   22    0  100.00  95.45    22      21          22    0 0 0 0
    38   13    0   92.31  92.31    12      12          13    0 0 0 0
    39   16    0   81.25  75.00    13      12          16    0 0 0 0
    40   16    0   87.50  81.25    14      13          16    0 0 0 0
    41   30    0   80.00  80.00    24      24          30    0 0 0 0
    42   25    0   64.00  64.00    16      16          25    0 0 0 0
    43    3    0  100.00 100.00     3       3           3    0 0 0 0
    44   20    0   95.00  80.00    19      16          20    0 0 0 0
    45   16    0   81.25  75.00    13      12          16    0 0 0 0
    46   22    0   95.45  86.36    21      19          22    0 0 0 0
    47   15    0   93.33  86.67    14      13          15    0 0 0 0
    48   10    0  100.00  90.00    10       9          10    0 0 0 0
    49   23    0   91.30  82.61    21      19          23    0 0 0 0
    50    4    0  100.00  75.00     4       3           4    0 0 0 0
    51   16    0  100.00 100.00    16      16          16    0 0 0 0
    52    8    0  100.00  87.50     8       7           8    0 0 0 0
    53    1    0  100.00 100.00     1       1           1    0 0 0 0
    54    7    0  100.00 100.00     7       7           7    0 0 0 0
    55   18    0  100.00 100.00    18      18          18    0 0 0 0
    56   14    0   85.71  78.57    12      11          14    0 0 0 0
    57   16    0   93.75  81.25    15      13          16    0 0 0 0
    58    1    0  100.00 100.00     1       1           1    0 0 0 0
    59   18    0   72.22  61.11    13      11          18    0 0 0 0
    60   30    0   93.33  90.00    28      27          30    0 0 0 0
    61    1    0  100.00 100.00     1       1           1    0 0 0 0
    62    6    0  100.00 100.00     6       6           6    0 0 0 0
    63    8    0  100.00 100.00     8       8           8    0 0 0 0
    64   10    0  100.00 100.00    10      10          10    0 0 0 0
    65   29    0   86.21  86.21    25      25          29    0 0 0 0
    66   13    0  100.00  84.62    13      11          13    0 0 0 0
    67   18    0  100.00  88.89    18      16          18    0 0 0 0
    68   11    0   90.91  81.82    10       9          11    0 0 0 0
    69   15    0   93.33  93.33    14      14          15    0 0 0 0
    70   12    0   91.67  83.33    11      10          12    0 0 0 0
    71   11    0  100.00  81.82    11       9          11    0 0 0 0
    72   26    0   80.77  69.23    21      18          26    0 0 0 0
    73   19    0   68.42  57.89    13      11          19    0 0 0 0
    74    1    0  100.00 100.00     1       1           1    0 0 0 0
    75   11    0   90.91  81.82    10       9          11    0 0 0 0
    76   15    0   93.33  93.33    14      14          15    0 0 0 0
    77    7    0  100.00 100.00     7       7           7    0 0 0 0
    78   14    0  100.00  85.71    14      12          14    0 0 0 0
    79   10    0   90.00  90.00     9       9          10    0 0 0 0
    80    1    0  100.00 100.00     1       1           1    0 0 0 0
    81    6    0  100.00 100.00     6       6           6    0 0 0 0
    82   15    0  100.00 100.00    15      15          15    0 0 0 0
    83    6    0  100.00 100.00     6       6           6    0 0 0 0
    84   14    0   78.57  71.43    11      10          14    0 0 0 0
    85   10    0   90.00  80.00     9       8          10    0 0 0 0
    86   10    0   90.00  80.00     9       8          10    0 0 0 0
    87    1    0  100.00 100.00     1       1           1    0 0 0 0
    88   11    0   90.91  81.82    10       9          11    0 0 0 0
    89   20    0   90.00  85.00    18      17          20    0 0 0 0
    90   14    0   85.71  78.57    12      11          14    0 0 0 0
    91   17    0   88.24  82.35    15      14          17    0 0 0 0
    92   17    0   76.47  64.71    13      11          17    0 0 0 0
    93    1    0  100.00 100.00     1       1           1    0 0 0 0
    94   16    0   93.75  81.25    15      13          16    0 0 0 0
    95   13    0   92.31  76.92    12      10          13    0 0 0 0
    96    5    0   40.00  40.00     2       2           5    0 0 0 0
    97   24    0   91.67  87.50    22      21          24    0 0 0 0
    98    8    0  100.00 100.00     8       8           8    0 0 0 0
    99   28    0   85.71  78.57    24      22          28    0 0 0 0
   100   21    0   71.43  71.43    15      15          21    0 0 0 0
   101   14    0  100.00 100.00    14      14          14    0 0 0 0
   102    3    0   66.67  33.33     2       1           3    0 0 0 0
   103   20    0   60.00  60.00    12      12          20    0 0 0 0
   104    7    0  100.00  85.71     7       6           7    0 0 0 0
   105    1    0  100.00 100.00     1       1           1    0 0 0 0
   106    1    0  100.00 100.00     1       1           1    0 0 0 0
   107    1    0  100.00 100.00     1       1           1    0 0 0 0
   108    1    0  100.00 100.00     1       1           1    0 0 0 0
   109    1    0  100.00 100.00     1       1           1    0 0 0 0
   110    1    0  100.00 100.00     1       1           1    0 0 0 0
   111    1    0  100.00 100.00     1       1           1    0 0 0 0
   112   12    0   91.67  75.00    11       9          12    0 0 0 0
   113    1    0  100.00 100.00     1       1           1    0 0 0 0
   114    9    0  100.00 100.00     9       9           9    0 0 0 0
   115    7    0   57.14  57.14     4       4           7    0 0 0 0
   116    4    0  100.00 100.00     4       4           4    0 0 0 0
   117   12    0  100.00  83.33    12      10          12    0 0 0 0
   118   13    0  100.00  84.62    13      11          13    0 0 0 0
   119    3    0  100.00 100.00     3       3           3    0 0 0 0
   120    9    0  100.00  88.89     9       8           9    0 0 0 0
   121   11    0   90.91  90.91    10      10          11    0 0 0 0
   122   36    0   75.00  69.44    27      25          36    0 0 0 0
   123   15    0   66.67  60.00    10       9          15    0 0 0 0
   124    8    0  100.00 100.00     8       8           8    0 0 0 0
   125   12    0   83.33  58.33    10       7          12    0 0 0 0
   126   15    0   93.33  73.33    14      11          15    0 0 0 0
   127   15    0   86.67  73.33    13      11          15    0 0 0 0
   128   18    0   66.67  55.56    12      10          18    0 0 0 0
   129    1    0  100.00 100.00     1       1           1    0 0 0 0
   130    8    0  100.00 100.00     8       8           8    0 0 0 0
   131   23    0   91.30  86.96    21      20          23    0 0 0 0
   132   18    0  100.00 100.00    18      18          18    0 0 0 0
   133   11    0  100.00 100.00    11      11          11    0 0 0 0
   134   24    0  100.00  95.83    24      23          24    0 0 0 0
   135   20    0   95.00  95.00    19      19          20    0 0 0 0
   136   13    0  100.00 100.00    13      13          13    0 0 0 0
   137    6    0  100.00 100.00     6       6           6    0 0 0 0
   138   18    0   83.33  83.33    15      15          18    0 0 0 0
   139   10    0  100.00  90.00    10       9          10    0 0 0 0
   140    6    0  100.00 100.00     6       6           6    0 0 0 0
   141    8    0   75.00  75.00     6       6           8    0 0 0 0
   142   14    0   64.29  50.00     9       7          14    0 0 0 0
   143   15    0   73.33  73.33    11      11          15    0 0 0 0
   144   12    0   75.00  75.00     9       9          12    0 0 0 0
   145   13    0   84.62  76.92    11      10          13    0 0 0 0
   146   10    0  100.00  80.00    10       8          10    0 0 0 0
   147   13    0   92.31  76.92    12      10          13    0 0 0 0
   148    9    0  100.00 100.00     9       9           9    0 0 0 0
   149   38    0   89.47  84.21    34      32          38    0 0 0 0
   150   11    0   90.91  90.91    10      10          11    0 0 0 0
   151   16    0   81.25  81.25    13      13          16    0 0 0 0
   152   36    0   77.78  75.00    28      27          36    0 0 0 0
   153   18    0   66.67  66.67    12      12          18    0 0 0 0
   154   12    0  100.00 100.00    12      12          12    0 0 0 0
   155    9    0  100.00  88.89     9       8           9    0 0 0 0
   156   14    0  100.00 100.00    14      14          14    0 0 0 0
   157    5    0   40.00  40.00     2       2           5    0 0 0 0
   158    8    0   62.50  62.50     5       5           8    0 0 0 0
   159    9    0   88.89  88.89     8       8           9    0 0 0 0
   160   12    0  100.00 100.00    12      12          12    0 0 0 0
   161   12    0   83.33  83.33    10      10          12    0 0 0 0
   162    8    0  100.00 100.00     8       8           8    0 0 0 0
   163   17    0  100.00 100.00    17      17          17    0 0 0 0
   164   29    0   86.21  82.76    25      24          29    0 0 0 0
   165    2    0  100.00 100.00     2       2           2    0 0 0 0
   166   32    0   81.25  68.75    26      22          32    0 0 0 0
   167   16    0   87.50  81.25    14      13          16    0 0 0 0
   168    9    0   88.89  88.89     8       8           9    0 0 0 0
   169   10    0  100.00  90.00    10       9          10    0 0 0 0
   170   11    0  100.00  90.91    11      10          11    0 0 0 0
   171   21    0   90.48  76.19    19      16          21    0 0 0 0
   172    6    0  100.00  66.67     6       4           6    0 0 0 0
   173   12    0  100.00  83.33    12      10          12    0 0 0 0
   174   10    0  100.00  90.00    10       9          10    0 0 0 0
   175   19    0   94.74  94.74    18      18          19    0 0 0 0
   176   30    0   83.33  80.00    25      24          30    0 0 0 0
   177    8    0  100.00  87.50     8       7           8    0 0 0 0
   178    4    0  100.00 100.00     4       4           4    0 0 0 0
   179   23    0   86.96  86.96    20      20          23    0 0 0 0
   180   21    0   90.48  90.48    19      19          21    0 0 0 0
   181   18    0   66.67  55.56    12      10          18    0 0 0 0
   182    9    0  100.00  77.78     9       7           9    0 0 0 0
   183    9    0  100.00 100.00     9       9           9    0 0 0 0
   184   15    0  100.00  93.33    15      14          15    0 0 0 0
   185   11    0   81.82  81.82     9       9          11    0 0 0 0
   186    4    0   50.00  50.00     2       2           4    0 0 0 0
   187   10    0   90.00  90.00     9       9          10    0 0 0 0
   188   15    0   60.00  60.00     9       9          15    0 0 0 0
   189   11    0  100.00  90.91    11      10          11    0 0 0 0
   190   13    0   84.62  84.62    11      11          13    0 0 0 0
   191   16    0  100.00 100.00    16      16          16    0 0 0 0
   192    7    0  100.00 100.00     7       7           7    0 0 0 0
   193   29    0   86.21  82.76    25      24          29    0 0 0 0
   194   15    0   93.33  80.00    14      12          15    0 0 0 0
   195   18    0   83.33  72.22    15      13          18    0 0 0 0
   196    7    0   71.43  71.43     5       5           7    0 0 0 0
   197   20    0   95.00  75.00    19      15          20    0 0 0 0
   198    9    0  100.00 100.00     9       9           9    0 0 0 0
   199   17    0  100.00  94.12    17      16          17    0 0 0 0
   200   14    0   92.86  92.86    13      13          14    0 0 0 0
   201   18    0   72.22  66.67    13      12          18    0 0 0 0
   202    8    0   87.50  87.50     7       7           8    0 0 0 0
   203   23    0   73.91  73.91    17      17          23    0 0 0 0
   204   16    0  100.00  93.75    16      15          16    0 0 0 0
   205    6    0   66.67  66.67     4       4           6    0 0 0 0
   206   11    0  100.00 100.00    11      11          11    0 0 0 0
   207   22    0   77.27  68.18    17      15          22    0 0 0 0
   208    8    0  100.00 100.00     8       8           8    0 0 0 0
   209    8    0   87.50  75.00     7       6           8    0 0 0 0
   210    7    0   85.71  85.71     6       6           7    0 0 0 0
   211   13    0  100.00 100.00    13      13          13    0 0 0 0
   212    8    0   87.50  75.00     7       6           8    0 0 0 0
   213    3    0  100.00 100.00     3       3           3    0 0 0 0
   214    8    0   75.00  62.50     6       5           8    0 0 0 0
   215    8    0  100.00  75.00     8       6           8    0 0 0 0
   216   21    0  100.00  95.24    21      20          21    0 0 0 0
   217   11    0   81.82  63.64     9       7          11    0 0 0 0
   218   13    0   76.92  69.23    10       9          13    0 0 0 0
   219    6    0  100.00  66.67     6       4           6    0 0 0 0
   220    8    0   50.00  50.00     4       4           8    0 0 0 0
   221   35    0   74.29  60.00    26      21          35    0 0 0 0
   222   14    0   92.86  92.86    13      13          14    0 0 0 0
   223    6    0   66.67  66.67     4       4           6    0 0 0 0
   224   10    0   60.00  50.00     6       5          10    0 0 0 0
   225   12    0   91.67  75.00    11       9          12    0 0 0 0
   226    6    0  100.00  83.33     6       5           6    0 0 0 0
   227    8    0  100.00  87.50     8       7           8    0 0 0 0
   228   34    0   91.18  85.29    31      29          34    0 0 0 0
   229   13    0  100.00 100.00    13      13          13    0 0 0 0
   230    8    0  100.00 100.00     8       8           8    0 0 0 0
   231   26    0   92.31  92.31    24      24          26    0 0 0 0
   232   12    0   91.67  91.67    11      11          12    0 0 0 0
   233   19    0   89.47  84.21    17      16          19    0 0 0 0
   234   12    0  100.00  83.33    12      10          12    0 0 0 0
   235   17    0   88.24  82.35    15      14          17    0 0 0 0
   236    7    0  100.00  85.71     7       6           7    0 0 0 0
   237   13    0  100.00  92.31    13      12          13    0 0 0 0
   238    6    0   66.67  66.67     4       4           6    0 0 0 0
   239   25    0   72.00  72.00    18      18          25    0 0 0 0
   240   22    0  100.00 100.00    22      22          22    0 0 0 0
   241    8    0  100.00  75.00     8       6           8    0 0 0 0
   242   15    0   73.33  66.67    11      10          15    0 0 0 0
   243   21    0   85.71  85.71    18      18          21    0 0 0 0
   244   11    0  100.00 100.00    11      11          11    0 0 0 0
   245    6    0  100.00  83.33     6       5           6    0 0 0 0
   246   16    0  100.00  87.50    16      14          16    0 0 0 0
   247    9    0   77.78  77.78     7       7           9    0 0 0 0
   248   44    0   88.64  84.09    39      37          44    0 0 0 0
   249   23    0   91.30  82.61    21      19          23    0 0 0 0
   250    8    0   87.50  87.50     7       7           8    0 0 0 0
   251    9    0  100.00 100.00     9       9           9    0 0 0 0
   252    9    0  100.00  88.89     9       8           9    0 0 0 0
   253   18    0   77.78  77.78    14      14          18    0 0 0 0
   254   17    0   88.24  88.24    15      15          17    0 0 0 0
   255   12    0  100.00 100.00    12      12          12    0 0 0 0
   256   11    0   90.91  81.82    10       9          11    0 0 0 0
   257   30    0   90.00  83.33    27      25          30    0 0 0 0
   258    5    0  100.00  80.00     5       4           5    0 0 0 0
   259    7    0  100.00 100.00     7       7           7    0 0 0 0
   260   15    0  100.00 100.00    15      15          15    0 0 0 0
   261   13    0   76.92  76.92    10      10          13    0 0 0 0
   262   14    0  100.00 100.00    14      14          14    0 0 0 0
   263   18    0   88.89  77.78    16      14          18    0 0 0 0
   264   34    0   79.41  76.47    27      26          34    0 0 0 0
   265    8    0  100.00 100.00     8       8           8    0 0 0 0
   266   12    0  100.00 100.00    12      12          12    0 0 0 0
   267   16    0  100.00  93.75    16      15          16    0 0 0 0
   268   16    0   93.75  87.50    15      14          16    0 0 0 0
   269    5    0  100.00 100.00     5       5           5    0 0 0 0
   270    3    0  100.00 100.00     3       3           3    0 0 0 0
   271   20    0  100.00 100.00    20      20          20    0 0 0 0
   272   16    0  100.00 100.00    16      16          16    0 0 0 0
   273   20    0  100.00  90.00    20      18          20    0 0 0 0
   274   28    0   85.71  82.14    24      23          28    0 0 0 0
   275   14    0  100.00  85.71    14      12          14    0 0 0 0
   276   22    0   86.36  86.36    19      19          22    0 0 0 0
   277   35    0   88.57  82.86    31      29          35    0 0 0 0
   278   12    0   91.67  83.33    11      10          12    0 0 0 0
   279    3    0  100.00 100.00     3       3           3    0 0 0 0
   280   34    0   85.29  79.41    29      27          34    0 0 0 0
   281   17    0   94.12  76.47    16      13          17    0 0 0 0
   282  109    0   51.38  48.62    56      53         109    0 0 0 0
   283   22    0   95.45  95.45    21      21          22    0 0 0 0
   284   24    0   70.83  62.50    17      15          24    0 0 0 0
   285   16    0   37.50  37.50     6       6          16    0 0 0 0
   286   20    0   85.00  85.00    17      17          20    0 0 0 0
   287   22    0   59.09  59.09    13      13          22    0 0 0 0
   288   18    0  100.00  94.44    18      17          18    0 0 0 0
   289   15    0   86.67  86.67    13      13          15    0 0 0 0
   290   15    0  100.00 100.00    15      15          15    0 0 0 0
   291   15    0   93.33  86.67    14      13          15    0 0 0 0
   292   11    0  100.00 100.00    11      11          11    0 0 0 0
   293   21    0   90.48  90.48    19      19          21    0 0 0 0
   294   25    0   68.00  64.00    17      16          25    0 0 0 0
   295   12    0   91.67  83.33    11      10          12    0 0 0 0
   296   32    0   90.62  87.50    29      28          32    0 0 0 0
   297   14    0  100.00 100.00    14      14          14    0 0 0 0
   298   15    0   73.33  73.33    11      11          15    0 0 0 0
   299   14    0   85.71  85.71    12      12          14    0 0 0 0
   300   23    0   82.61  73.91    19      17          23    0 0 0 0
   301   17    0   94.12  88.24    16      15          17    0 0 0 0
   302   40    0   95.00  85.00    38      34          40    0 0 0 0
   303   36    0   77.78  66.67    28      24          36    0 0 0 0
   304    3    0   33.33  33.33     1       1           3    0 0 0 0
   305   26    0  100.00  88.46    26      23          26    0 0 0 0
   306   18    0   88.89  83.33    16      15          18    0 0 0 0
   307   27    0   62.96  59.26    17      16          27    0 0 0 0
   308   20    0   95.00  80.00    19      16          20    0 0 0 0
   309   10    0   80.00  70.00     8       7          10    0 0 0 0
   310   19    0  100.00  84.21    19      16          19    0 0 0 0
   311   22    0   86.36  81.82    19      18          22    0 0 0 0
   312   34    0   70.59  32.35    24      11          34    0 0 0 0
   313   26    0   84.62  76.92    22      20          26    0 0 0 0
   314   21    0  100.00  85.71    21      18          21    0 0 0 0
   315    3    0  100.00 100.00     3       3           3    0 0 0 0
   316   25    0  100.00 100.00    25      25          25    0 0 0 0
   317   22    0   90.91  81.82    20      18          22    0 0 0 0
   318    7    0   85.71  85.71     6       6           7    0 0 0 0
   319   39    0   76.92  76.92    30      30          39    0 0 0 0
   320   14    0  100.00  92.86    14      13          14    0 0 0 0
   321   19    0   68.42  63.16    13      12          19    0 0 0 0
   322   11    0   90.91  90.91    10      10          11    0 0 0 0
   323   10    0  100.00 100.00    10      10          10    0 0 0 0
   324   27    0   85.19  66.67    23      18          27    0 0 0 0
   325   17    0  100.00  94.12    17      16          17    0 0 0 0
   326    9    0  100.00 100.00     9       9           9    0 0 0 0
   327   11    0  100.00 100.00    11      11          11    0 0 0 0
   328    6    0  100.00 100.00     6       6           6    0 0 0 0
   329   34    0   85.29  79.41    29      27          34    0 0 0 0
   330   19    0  100.00  94.74    19      18          19    0 0 0 0
   331    1    0  100.00 100.00     1       1           1    0 0 0 0
   332    9    0  100.00  88.89     9       8           9    0 0 0 0
   333    1    0  100.00 100.00     1       1           1    0 0 0 0
   334   18    0  100.00  94.44    18      17          18    0 0 0 0
   335   23    0   86.96  78.26    20      18          23    0 0 0 0
   336   34    0   79.41  64.71    27      22          34    0 0 0 0
   337   18    0   88.89  77.78    16      14          18    0 0 0 0
   338    1    0  100.00 100.00     1       1           1    0 0 0 0
   339   17    0  100.00  88.24    17      15          17    0 0 0 0
   340    1    0  100.00 100.00     1       1           1    0 0 0 0
   341   19    0   89.47  78.95    17      15          19    0 0 0 0
   342   36    0   83.33  66.67    30      24          36    0 0 0 0
   343    8    0  100.00  87.50     8       7           8    0 0 0 0
   344   11    0  100.00  81.82    11       9          11    0 0 0 0
   345   14    0  100.00  92.86    14      13          14    0 0 0 0
   346   19    0   73.68  63.16    14      12          19    0 0 0 0
   347   22    0   86.36  81.82    19      18          22    0 0 0 0
   348   17    0   70.59  58.82    12      10          17    0 0 0 0
   349    1    0  100.00 100.00     1       1           1    0 0 0 0
   350   13    0  100.00  84.62    13      11          13    0 0 0 0
   351    1    0  100.00 100.00     1       1           1    0 0 0 0
   352   10    0   90.00  80.00     9       8          10    0 0 0 0
   353   11    0  100.00  81.82    11       9          11    0 0 0 0
   354   27    0   96.30  85.19    26      23          27    0 0 0 0
   355   24    0   91.67  83.33    22      20          24    0 0 0 0
   356   28    0   85.71  75.00    24      21          28    0 0 0 0
   357    1    0  100.00 100.00     1       1           1    0 0 0 0
   358   17    0   88.24  76.47    15      13          17    0 0 0 0
   359    1    0  100.00 100.00     1       1           1    0 0 0 0
   360   19    0   68.42  63.16    13      12          19    0 0 0 0
   361   25    0   76.00  76.00    19      19          25    0 0 0 0
   362   14    0   71.43  71.43    10      10          14    0 0 0 0
   363   11    0  100.00  81.82    11       9          11    0 0 0 0
   364   14    0   92.86  92.86    13      13          14    0 0 0 0
   365   19    0   73.68  63.16    14      12          19    0 0 0 0
   366   22    0   86.36  81.82    19      18          22    0 0 0 0
   367    2    0  100.00 100.00     2       2           2    0 0 0 0
   368   12    0   75.00  50.00     9       6          12    0 0 0 0
   369   20    0   90.00  85.00    18      17          20    0 0 0 0
   370   12    0  100.00  91.67    12      11          12    0 0 0 0
   371    4    0  100.00  75.00     4       3           4    0 0 0 0
   372   12    0   91.67  75.00    11       9          12    0 0 0 0
   373   12    0  100.00 100.00    12      12          12    0 0 0 0
   374    5    0  100.00 100.00     5       5           5    0 0 0 0
   375   13    0  100.00  92.31    13      12          13    0 0 0 0
   376    3    0  100.00 100.00     3       3           3    0 0 0 0
   377   15    0  100.00  93.33    15      14          15    0 0 0 0
   378   10    0   90.00  90.00     9       9          10    0 0 0 0
   379   11    0  100.00 100.00    11      11          11    0 0 0 0
   380   14    0   92.86  85.71    13      12          14    0 0 0 0
   381   18    0   94.44  88.89    17      16          18    0 0 0 0
   382    3    0  100.00 100.00     3       3           3    0 0 0 0
   383   24    0   87.50  87.50    21      21          24    0 0 0 0
   384   10    0  100.00 100.00    10      10          10    0 0 0 0
   385   17    0   88.24  76.47    15      13          17    0 0 0 0
   386    3    0  100.00 100.00     3       3           3    0 0 0 0
   387   17    0  100.00 100.00    17      17          17    0 0 0 0
   388   30    0   76.67  73.33    23      22          30    0 0 0 0
   389   13    0  100.00  84.62    13      11          13    0 0 0 0


  Labeled   attachment score: 4598 / 5656 * 100 = 81.29 %
  Unlabeled attachment score: 4944 / 5656 * 100 = 87.41 %
  Label accuracy score:       4890 / 5656 * 100 = 86.46 %
