     Sent.          Attachment      Correct        Scoring          
    ID Tokens  -   Unlab. Lab.   HEAD HEAD+DEPREL   tokens   - - - -
  ============================================================================
     1   37    0   97.30  64.86    36      24          37    0 0 0 0
     2   29    0  100.00  65.52    29      19          29    0 0 0 0
     3   33    0   87.88  57.58    29      19          33    0 0 0 0
     4   27    0  100.00  92.59    27      25          27    0 0 0 0
     5   21    0   95.24  95.24    20      20          21    0 0 0 0
     6   30    0  100.00  76.67    30      23          30    0 0 0 0
     7   39    0   92.31  71.79    36      28          39    0 0 0 0
     8   12    0  100.00  75.00    12       9          12    0 0 0 0
     9    8    0   87.50  75.00     7       6           8    0 0 0 0
    10   24    0  100.00 100.00    24      24          24    0 0 0 0
    11   37    0  100.00  89.19    37      33          37    0 0 0 0
    12   33    0   93.94  81.82    31      27          33    0 0 0 0
    13   10    0  100.00  70.00    10       7          10    0 0 0 0
    14   39    0   76.92  66.67    30      26          39    0 0 0 0
    15   23    0   86.96  82.61    20      19          23    0 0 0 0
    16   40    0   97.50  77.50    39      31          40    0 0 0 0
    17   30    0   83.33  80.00    25      24          30    0 0 0 0
    18   17    0   70.59  64.71    12      11          17    0 0 0 0
    19   13    0  100.00  92.31    13      12          13    0 0 0 0
    20   25    0   68.00  52.00    17      13          25    0 0 0 0
    21   19    0  100.00  89.47    19      17          19    0 0 0 0
    22   26    0  100.00  92.31    26      24          26    0 0 0 0
    23   37    0   97.30  89.19    36      33          37    0 0 0 0
    24   35    0  100.00  91.43    35      32          35    0 0 0 0
    25   29    0   93.10  89.66    27      26          29    0 0 0 0
    26   15    0   93.33  93.33    14      14          15    0 0 0 0
    27   23    0  100.00  82.61    23      19          23    0 0 0 0
    28   15    0  100.00  93.33    15      14          15    0 0 0 0
    29   19    0   94.74  84.21    18      16          19    0 0 0 0
    30   14    0   92.86  92.86    13      13          14    0 0 0 0
    31   21    0  100.00 100.00    21      21          21    0 0 0 0
    32   14    0  100.00 100.00    14      14          14    0 0 0 0
    33   17    0  100.00  94.12    17      16          17    0 0 0 0
    34   29    0  100.00  86.21    29      25          29    0 0 0 0
    35   14    0  100.00 100.00    14      14          14    0 0 0 0
    36   23    0   95.65  86.96    22      20          23    0 0 0 0
    37   18    0  100.00  88.89    18      16          18    0 0 0 0
    38   14    0   57.14  50.00     8       7          14    0 0 0 0
    39   41    0   95.12  90.24    39      37          41    0 0 0 0
    40   12    0  100.00 100.00    12      12          12    0 0 0 0
    41   37    0   94.59  78.38    35      29          37    0 0 0 0
    42   28    0  100.00 100.00    28      28          28    0 0 0 0
    43   37    0  100.00  94.59    37      35          37    0 0 0 0
    44   30    0   96.67  83.33    29      25          30    0 0 0 0
    45   29    0   93.10  79.31    27      23          29    0 0 0 0
    46   12    0  100.00 100.00    12      12          12    0 0 0 0
    47   28    0  100.00  96.43    28      27          28    0 0 0 0
    48   21    0  100.00  95.24    21      20          21    0 0 0 0
    49   40    0  100.00  97.50    40      39          40    0 0 0 0
    50   42    0   97.62  90.48    41      38          42    0 0 0 0
    51   30    0   96.67  93.33    29      28          30    0 0 0 0
    52    9    0  100.00 100.00     9       9           9    0 0 0 0
    53   14    0   92.86  92.86    13      13          14    0 0 0 0
    54    8    0  100.00 100.00     8       8           8    0 0 0 0
    55   10    0  100.00 100.00    10      10          10    0 0 0 0
    56   43    0   97.67  95.35    42      41          43    0 0 0 0
    57    9    0  100.00 100.00     9       9           9    0 0 0 0
    58   15    0   93.33  86.67    14      13          15    0 0 0 0
    59   47    0   97.87  93.62    46      44          47    0 0 0 0
    60   20    0  100.00 100.00    20      20          20    0 0 0 0
    61   23    0   91.30  82.61    21      19          23    0 0 0 0
    62   47    0   87.23  87.23    41      41          47    0 0 0 0
    63   38    0  100.00  94.74    38      36          38    0 0 0 0
    64   25    0   88.00  88.00    22      22          25    0 0 0 0
    65   35    0  100.00  97.14    35      34          35    0 0 0 0
    66   14    0  100.00 100.00    14      14          14    0 0 0 0
    67   13    0  100.00 100.00    13      13          13    0 0 0 0
    68    6    0   50.00  50.00     3       3           6    0 0 0 0
    69   25    0   92.00  92.00    23      23          25    0 0 0 0
    70   17    0  100.00 100.00    17      17          17    0 0 0 0
    71   29    0   82.76  55.17    24      16          29    0 0 0 0
    72   34    0  100.00  91.18    34      31          34    0 0 0 0
    73   17    0  100.00  94.12    17      16          17    0 0 0 0
    74   30    0  100.00  96.67    30      29          30    0 0 0 0
    75   11    0  100.00 100.00    11      11          11    0 0 0 0
    76   27    0   96.30  88.89    26      24          27    0 0 0 0
    77   18    0   72.22  66.67    13      12          18    0 0 0 0
    78   31    0  100.00  96.77    31      30          31    0 0 0 0
    79   16    0  100.00 100.00    16      16          16    0 0 0 0
    80   41    0   95.12  87.80    39      36          41    0 0 0 0
    81   13    0   92.31  84.62    12      11          13    0 0 0 0
    82   16    0  100.00 100.00    16      16          16    0 0 0 0
    83   37    0   97.30  94.59    36      35          37    0 0 0 0
    84   13    0  100.00  92.31    13      12          13    0 0 0 0
    85   19    0  100.00  84.21    19      16          19    0 0 0 0
    86   14    0   85.71  85.71    12      12          14    0 0 0 0
    87   12    0   75.00  58.33     9       7          12    0 0 0 0
    88   24    0   95.83  95.83    23      23          24    0 0 0 0
    89   33    0  100.00  96.97    33      32          33    0 0 0 0
    90   11    0  100.00  90.91    11      10          11    0 0 0 0
    91    6    0  100.00  83.33     6       5           6    0 0 0 0
    92   43    0   88.37  86.05    38      37          43    0 0 0 0
    93   21    0  100.00  95.24    21      20          21    0 0 0 0
    94   23    0   91.30  86.96    21      20          23    0 0 0 0
    95   39    0  100.00  94.87    39      37          39    0 0 0 0
    96    6    0  100.00  83.33     6       5           6    0 0 0 0
    97   15    0  100.00 100.00    15      15          15    0 0 0 0
    98   16    0  100.00  93.75    16      15          16    0 0 0 0
    99    8    0  100.00 100.00     8       8           8    0 0 0 0
   100   20    0  100.00 100.00    20      20          20    0 0 0 0
   101   36    0   94.44  75.00    34      27          36    0 0 0 0
   102   26    0   69.23  50.00    18      13          26    0 0 0 0
   103   14    0  100.00  85.71    14      12          14    0 0 0 0
   104   26    0   92.31  76.92    24      20          26    0 0 0 0
   105    7    0  100.00 100.00     7       7           7    0 0 0 0
   106   35    0   82.86  68.57    29      24          35    0 0 0 0
   107   14    0   92.86  71.43    13      10          14    0 0 0 0
   108   22    0  100.00  90.91    22      20          22    0 0 0 0
   109    9    0  100.00 100.00     9       9           9    0 0 0 0
   110   10    0   90.00  70.00     9       7          10    0 0 0 0
   111   37    0   75.68  62.16    28      23          37    0 0 0 0
   112   21    0   71.43  61.90    15      13          21    0 0 0 0
   113    8    0  100.00 100.00     8       8           8    0 0 0 0
   114   11    0   90.91  63.64    10       7          11    0 0 0 0
   115   15    0  100.00  86.67    15      13          15    0 0 0 0
   116   26    0   80.77  65.38    21      17          26    0 0 0 0
   117   12    0   91.67  91.67    11      11          12    0 0 0 0
   118   29    0   86.21  68.97    25      20          29    0 0 0 0
   119   10    0  100.00  80.00    10       8          10    0 0 0 0
   120   38    0   78.95  60.53    30      23          38    0 0 0 0
   121   37    0   81.08  51.35    30      19          37    0 0 0 0
   122   17    0  100.00  70.59    17      12          17    0 0 0 0
   123   32    0   84.38  50.00    27      16          32    0 0 0 0
   124   35    0   68.57  60.00    24      21          35    0 0 0 0
   125   15    0  100.00  93.33    15      14          15    0 0 0 0
   126   25    0   96.00  84.00    24      21          25    0 0 0 0
   127   20    0  100.00  65.00    20      13          20    0 0 0 0
   128   35    0   94.29  74.29    33      26          35    0 0 0 0
   129   42    0   80.95  71.43    34      30          42    0 0 0 0
   130   42    0   90.48  76.19    38      32          42    0 0 0 0
   131   25    0  100.00  84.00    25      21          25    0 0 0 0
   132   30    0   90.00  50.00    27      15          30    0 0 0 0
   133   14    0   92.86  85.71    13      12          14    0 0 0 0
   134   29    0  100.00  82.76    29      24          29    0 0 0 0
   135   30    0  100.00  76.67    30      23          30    0 0 0 0
   136   27    0   77.78  51.85    21      14          27    0 0 0 0
   137   16    0   93.75  81.25    15      13          16    0 0 0 0
   138   13    0   92.31  84.62    12      11          13    0 0 0 0
   139    9    0  100.00 100.00     9       9           9    0 0 0 0
   140   27    0   92.59  81.48    25      22          27    0 0 0 0
   141    9    0  100.00 100.00     9       9           9    0 0 0 0
   142   45    0   86.67  75.56    39      34          45    0 0 0 0
   143   43    0   79.07  62.79    34      27          43    0 0 0 0
   144   42    0   90.48  83.33    38      35          42    0 0 0 0
   145   12    0   91.67  66.67    11       8          12    0 0 0 0
   146   26    0   96.15  80.77    25      21          26    0 0 0 0
   147   33    0   90.91  66.67    30      22          33    0 0 0 0
   148   19    0   94.74  89.47    18      17          19    0 0 0 0
   149   36    0   83.33  77.78    30      28          36    0 0 0 0
   150   25    0   92.00  76.00    23      19          25    0 0 0 0
   151   30    0   93.33  93.33    28      28          30    0 0 0 0
   152   34    0   97.06  79.41    33      27          34    0 0 0 0
   153   15    0   93.33  86.67    14      13          15    0 0 0 0
   154   31    0   87.10  58.06    27      18          31    0 0 0 0
   155   18    0   83.33  66.67    15      12          18    0 0 0 0
   156   31    0   87.10  80.65    27      25          31    0 0 0 0
   157   26    0  100.00  80.77    26      21          26    0 0 0 0
   158   39    0   89.74  76.92    35      30          39    0 0 0 0
   159   16    0   87.50  75.00    14      12          16    0 0 0 0
   160    9    0  100.00  77.78     9       7           9    0 0 0 0
   161   32    0   93.75  81.25    30      26          32    0 0 0 0
   162   32    0   81.25  59.38    26      19          32    0 0 0 0
   163   31    0   77.42  77.42    24      24          31    0 0 0 0
   164   18    0   77.78  61.11    14      11          18    0 0 0 0
   165   15    0  100.00  93.33    15      14          15    0 0 0 0
   166   32    0   78.12  56.25    25      18          32    0 0 0 0
   167    9    0   66.67  44.44     6       4           9    0 0 0 0
   168   46    0   89.13  73.91    41      34          46    0 0 0 0
   169   29    0   89.66  79.31    26      23          29    0 0 0 0
   170   34    0   94.12  79.41    32      27          34    0 0 0 0
   171   39    0   92.31  84.62    36      33          39    0 0 0 0
   172   20    0   95.00  90.00    19      18          20    0 0 0 0
   173   23    0   73.91  56.52    17      13          23    0 0 0 0
   174   18    0   77.78  61.11    14      11          18    0 0 0 0
   175   18    0  100.00  88.89    18      16          18    0 0 0 0
   176   16    0  100.00  87.50    16      14          16    0 0 0 0
   177   33    0   90.91  90.91    30      30          33    0 0 0 0
   178   28    0   89.29  82.14    25      23          28    0 0 0 0
   179   16    0   68.75  43.75    11       7          16    0 0 0 0
   180   22    0  100.00  95.45    22      21          22    0 0 0 0
   181   30    0   73.33  53.33    22      16          30    0 0 0 0
   182   35    0   88.57  74.29    31      26          35    0 0 0 0
   183   29    0   82.76  72.41    24      21          29    0 0 0 0
   184   35    0   88.57  65.71    31      23          35    0 0 0 0
   185   32    0   71.88  65.62    23      21          32    0 0 0 0
   186   38    0   84.21  65.79    32      25          38    0 0 0 0
   187   29    0   93.10  82.76    27      24          29    0 0 0 0
   188    9    0  100.00 100.00     9       9           9    0 0 0 0
   189   36    0   94.44  88.89    34      32          36    0 0 0 0
   190   30    0   86.67  66.67    26      20          30    0 0 0 0
   191   33    0   93.94  81.82    31      27          33    0 0 0 0
   192   44    0   95.45  86.36    42      38          44    0 0 0 0
   193   43    0   86.05  69.77    37      30          43    0 0 0 0
   194   34    0   91.18  73.53    31      25          34    0 0 0 0
   195   45    0   93.33  77.78    42      35          45    0 0 0 0
   196   11    0  100.00 100.00    11      11          11    0 0 0 0
   197   29    0   86.21  62.07    25      18          29    0 0 0 0
   198   29    0  100.00  82.76    29      24          29    0 0 0 0
   199   17    0   94.12  64.71    16      11          17    0 0 0 0
   200   43    0   86.05  67.44    37      29          43    0 0 0 0


  Labeled   attachment score: 3984 / 4964 * 100 = 80.26 %
  Unlabeled attachment score: 4556 / 4964 * 100 = 91.78 %
  Label accuracy score:       4185 / 4964 * 100 = 84.31 %
